Rep#1
[.0.]
[[[.0.]6[.9.]]15[[[.23.]30.]58[.59.]]]
[[[[.0[.2.]]3[.6.]]9[[.11.]15[.23.]]]29[[[.30.]36[.52.]]58[[.59.]60[.63.]]]]
[[[[.0[.2.]]3[[.5.]6.]]9[[.11.]15[.23.]]]29[[[[.30.]34[.35.]]36[[.50.]52.]]58[[.59.]60[[.61.]62[.63.]]]]]
[[[[[.0.]1[.2.]]3[[.5.]6[.7.]]]9[[[.11.]15.]20[[.21.]23[.25.]]]]29[[[[[.30.]31[.33.]]34[.35.]]36[[.40.]50[.52.]]]58[[.59.]60[[.61.]62[.63.]]]]]
[[[[[.0.]1[.2.]]3[[.5.]6[.7.]]]9[[[.11.]15.]20[[.21.]23[.25.]]]]29[[[[[.30.]31[.33.]]34[.35.]]36[[.40.]50[.52[.53.]]]]58[[.59.]60[[.61.]62[.63.]]]]]
[[[[.1[.2.]]3[[.5.]6[.7.]]]9[[[.11.]15.]20[[.21.]23[.25.]]]]29[[[[[.30.]31[.33.]]34[.35.]]36[[.40.]50[.52[.53.]]]]58[[.59.]60[[.61.]62[.63.]]]]]
[[[[.1[.2.]]3[[.5.]7.]]11[[.20.]21[.25.]]]29[[[.31[.33.]]34[.35.]]36[[[.40.]50[.52[.53.]]]60[[.61.]62[.63.]]]]]
[[[[.1.]5[.7.]]20[.21[.25.]]]31[[[.33.]34[[.35.]40.]]50[[.53.]61[.62.]]]]
[[[[.1.]7.]20[.21[.25.]]]31[[.33.]40[.53.]]]
[.53.]
.
Rep#2
[.60.]
[[[.7.]11[[.13.]33[.49.]]]53[[.58.]60.]]
[[[[.7.]11.]13[[.14.]33[[.40.]44.]]]45[[[.46[.48.]]49[.52.]]53[[.56.]58[.60.]]]]
[[[[[.7.]11.]13[[.14.]15[.23.]]]24[[.31.]33[[.40.]44.]]]45[[[.46[.48.]]49[[.51.]52.]]53[[[.54.]56.]58[.60.]]]]
[[[[[.6.]7[.11[.12.]]]13[[.14.]15[.23.]]]24[[[.26.]30[.31.]]33[[.40.]41[.44.]]]]45[[[.46[.48.]]49[[.51.]52.]]53[[[.54.]56.]58[.60.]]]]
[[[[[[.4.]6.]7[[.9.]11[.12.]]]13[[.14.]15[.23.]]]24[[[[.25.]26.]30[.31.]]33[[[.36.]40.]41[.44.]]]]45[[[.46[.48.]]49[[.51.]52.]]53[[[.54.]56.]58[.60[.62.]]]]]
[[[[[[.4.]6.]7[[.9.]11[.12.]]]13[[.14.]15[.23.]]]24[[[[.25.]26.]30[.31.]]33[[[.36.]40.]41[.44.]]]]45[[[.46[.48.]]49[[.51.]52.]]53[[[.54.]56.]58[.62.]]]]
[[[[[[.4.]6.]9[.12.]]14[.15[.23.]]]24[[[[.25.]26.]30[.31.]]36[[.40.]41[.44.]]]]45[[[.46[.48.]]51[.52.]]54[[.56.]62.]]]
[[[[.4.]6.]9[[.12.]15[.23.]]]24[[[[.25.]26.]30[.31.]]36[[.41.]51[[.54.]62.]]]]
[[[[.4.]6.]9[.12.]]25[[.26[.30.]]36[[.41.]62.]]]
[[[.4.]9.]25[[.36.]62.]]
.
Rep#3
[.39.]
[[[[.12.]25.]33[.35.]]39[[.54.]55[.58.]]]
[[[[[.1.]9[.12.]]16[.18.]]20[[.25.]33[.35.]]]39[[[.50.]53[.54.]]55[.58.]]]
[[[[.1[.4.]]9[.10.]]12[[[.15.]16[.18.]]20[[.25.]33[.35.]]]]39[[[[.41.]45[.50.]]53[.54.]]55[.58[.61.]]]]
[[[[[.1.]2[.4.]]9[.10[.11.]]]12[[[.15.]16[.18.]]20[[.25[.30.]]33[.35.]]]]39[[[[.41.]45[.50.]]53[.54.]]55[[.58.]59[.61[.63.]]]]]
[[[[[.1.]2[.4.]]9[.10[.11.]]]12[[[.15.]16[.18.]]20[[[.21.]25.]30[[.32.]33[.35.]]]]]39[[[[.41.]45[.50.]]53[.54.]]55[[.58.]59[.61[.63.]]]]]
[[[[[.1.]2[.4.]]9[.10[.11.]]]12[[[.15.]16[.18.]]20[[[.21.]25.]30[[.32.]33[.35.]]]]]41[[[.45[.50.]]53[.54.]]55[[.58.]59[.61[.63.]]]]]
[[[[[.1.]2[.4.]]9[.10[.11.]]]15[.16[.18.]]]20[[[.21.]30[.32.]]41[[[.45.]50[.53.]]59[.61[.63.]]]]]
[[[.2[.4.]]10[.11[.15.]]]21[[.30[.32.]]41[[.45.]59[.61[.63.]]]]]
[[[.2.]11.]21[[.30[.32.]]59[.63.]]]
[[.21.]32.]
.
Rep#4
[.52.]
[[[[.21.]26.]30[[.34.]39.]]48[[.50.]52.]]
[[[.6[.11.]]21[.26[.27.]]]30[[[.34.]39.]48[[.50.]52[[.55.]58[.62.]]]]]
[[[[[.6.]11[.13.]]15[.19[.20.]]]21[.26[.27.]]]30[[[.34.]39[.47.]]48[[[.50.]52[.53.]]55[[.57.]58[.62.]]]]]
[[[[.6[.10.]]11[.13.]]15[[.19[.20.]]21[[.25.]26[.27.]]]]30[[[[.34.]39[.47.]]48[[.49.]50.]]52[[.53.]55[[.57.]58[.62.]]]]]
[[[[[.4.]5.]6[[.10.]11[.13.]]]15[[[.17.]19[.20.]]21[[.25.]26[.27.]]]]30[[[[[.33.]34.]39[.47.]]48[[.49.]50.]]52[[.53.]55[[.57.]58[.62.]]]]]
[[[[[.4.]5.]6[[.10.]11[.13.]]]15[[[.17.]19[.20.]]21[[.25.]26[.27.]]]]30[[[[[.33.]34.]39[.47.]]48[[.49.]50.]]53[[.55[.57.]]58[.62.]]]]
[[[[[.4.]5.]6[[.10.]11[.13.]]]15[[[.17.]19[.20.]]25[.27.]]]33[[.47[.49.]]53[[.55[.57.]]58[.62.]]]]
[[[[[.4.]5.]10[.13.]]15[[.17.]19[[.20.]25.]]]33[[.47[.49.]]53[.57.]]]
[[[.4.]5[.10.]]17[[.25.]33[.49.]]]
[[[.4.]5.]17[.33.]]
.
Rep#5
[.32.]
[[[.1.]2[.19.]]21[[.27.]32[.50.]]]
[[[[.1.]2[.19.]]21[.27[.28.]]]32[[.33[.40.]]46[[.49.]50[.57[.63.]]]]]
[[[[.1.]2[[.9.]19.]]21[[.27.]28[.30.]]]32[[[.33.]40[.41[.45.]]]46[[[.49.]50[[.52.]57.]]59[[.60.]63.]]]]
[[[[[.1.]2.]9[[.10.]11[.12.]]]13[[.19.]21[[.27.]28[.30.]]]]32[[[.33.]40[.41[.45.]]]46[[[.49.]50[[.52.]57.]]59[[.60.]61[.63.]]]]]
[[[[[.1.]2[.4.]]9[[.10.]11[.12.]]]13[[[.19.]21[[.22.]27.]]28[[.29.]30.]]]32[[[.33.]40[.41[.45.]]]46[[[.49.]50[[.52.]57.]]59[[.60.]61[.63.]]]]]
[[[[[.1.]2[.4.]]9[[.10.]11[.12.]]]13[[[.19.]21[[.22.]27.]]28[[.29.]30.]]]33[[[[.40.]41[.45.]]46[.49.]]50[[[.52.]57.]59[[.60.]61[.63.]]]]]
[[[[.4.]9[[.10.]11[.12.]]]13[[.22.]28[[.29.]30.]]]33[[[[.40.]41[.45.]]46[.49.]]52[[.57.]59[[.60.]61[.63.]]]]]
[[[[.4.]9[[.10.]11[.12.]]]13[[.22.]29[.30.]]]41[[[.45.]52.]59[[.60.]61.]]]
[[[.4.]10[.11[.12.]]]13[[.22.]29[.61.]]]
[[.4.]22[.29.]]
.
Rep#6
[.54.]
[[[.2.]4[.9.]]15[[.33.]54[[.56.]62.]]]
[[[[.0.]2.]4[.9.]]15[[[[.28.]33[.43.]]45[.48.]]54[[.56.]62.]]]
[[[[[.0.]2.]4[[.7.]9.]]15[[[.16.]28[.30.]]33[.43.]]]45[[.48[.52.]]54[[.56[.60.]]61[.62.]]]]
[[[[[.0.]1[.2.]]4[[.7.]9[[.12.]13.]]]15[[.16[.24.]]28[[.30.]33[.43.]]]]45[[.48[.52.]]54[[.56[.60.]]61[.62.]]]]
[[[[[.0.]1[.2[.3.]]]4[[.7.]9[[.12.]13.]]]15[[.16[.24.]]28[[.30.]33[[.41.]43.]]]]45[[[.46.]48[[.50.]52.]]54[[.56[.60.]]61[.62.]]]]
[[[[[.0.]1[.2[.3.]]]4[[.7.]9[[.12.]13.]]]15[[.16[.24.]]28[[.30.]33[[.41.]43.]]]]45[[[.46.]48[[.50.]52.]]56[[.60.]61[.62.]]]]
[[[[[.0.]1[.3.]]7[.12[.13.]]]16[[[.24.]28[.30.]]41[.43.]]]45[[[.46.]48[.50.]]52[.60[.61.]]]]
[[[[.1[.3.]]7[.12[.13.]]]16[[.24.]30[.41.]]]46[[.50.]52[.60[.61.]]]]
[[[.1[.3.]]12[.13.]]24[[.41.]46[.50.]]]
[[.3.]41[.46[.50.]]]
.
Rep#7
[.12.]
[[[.12.]14[[.38.]42[.44.]]]45[[.46.]47[.62.]]]
[[[[[.4.]12.]14[.21.]]26[[[.29.]31[.35.]]38[.42[.44.]]]]45[[.46.]47[[.52.]54[.62.]]]]
[[[[[.0.]1.]4[[.12.]14[.21.]]]26[[[.29.]31[.35.]]38[.42[.44.]]]]45[[[.46.]47[.52.]]54[[.59.]62.]]]
[[[[.0.]1.]4[[[.9.]12.]14[[.15.]20[.21.]]]]26[[[[[.27.]29[.30.]]31[.35.]]38[.42[.44.]]]45[[[.46.]47[.52.]]54[[.58.]59[.62.]]]]]
[[[[[.0.]1[.2.]]4[[.9.]12.]]14[[[.15.]16[.19.]]20[.21.]]]26[[[[[.27.]29[.30.]]31[.35.]]38[.42[.44.]]]45[[[.46.]47[[.49.]52.]]54[[.58.]59[.62.]]]]]
[[[[[.0.]1[.2.]]4[.9.]]14[[[.15.]16[.19.]]20[.21.]]]26[[[[[.27.]29[.30.]]31[.35.]]38[.42[.44.]]]45[[[.46.]47[[.49.]52.]]54[[.58.]59[.62.]]]]]
[[[[[.0.]1[.2.]]4[.9.]]15[[.16[.19.]]20[.21.]]]26[[[[.27.]29[.30.]]31[.35.]]49[[.52.]54[[.58.]59.]]]]
[[[[.0.]1[[.2.]9.]]15[[.16.]19[.20.]]]27[[.30.]49[.58[.59.]]]]
[[[.2[.9.]]15[[.16.]19[.20.]]]27[[.30.]49[.58.]]]
[[[.2.]16.]19[.49.]]
.
Rep#8
[.4.]
[[[.2.]3.]4[[.15[.21.]]22[[.26.]28[.29.]]]]
[[[[.2.]3.]4[[.11.]15[.21.]]]22[[[.26[.27.]]28[.29.]]32[[.38.]42[.59.]]]]
[[[[.2.]3.]4[[.11.]15[[.18.]21.]]]22[[[[.23.]24.]26[[.27.]28[.29.]]]32[[.38.]42[[.49.]59.]]]]
[[[[.2.]3.]4[[.11.]15[[.18.]19[.21.]]]]22[[[[.23.]24.]26[[.27.]28[.29.]]]32[[[.34[.37.]]38[.41.]]42[[.47.]49[.59.]]]]]
[[[[.2.]3.]4[[[.6.]11.]15[[.18.]19[.21.]]]]22[[[[.23.]24.]26[[.27.]28[.29.]]]32[[[[.34.]35[.37.]]38[.41.]]42[[.47.]49[[.51.]59.]]]]]
[[[[.2.]3.]6[[.11.]15[[.18.]19[.21.]]]]22[[[[.23.]24.]26[[.27.]28[.29.]]]32[[[[.34.]35[.37.]]38[.41.]]42[[.47.]49[[.51.]59.]]]]]
[[[[.6[.11.]]18[.19.]]23[.24[.27.]]]32[[[[.34.]35[.37.]]38[.41.]]42[[.47.]49[[.51.]59.]]]]
[[[[.6.]18[.19.]]23[.24.]]34[[[.35.]37[.41.]]47[[.49.]51.]]]
[[[.6.]19.]34[[[.35.]37[.41.]]47[.51.]]]
[[.6.]35[.51.]]
.
Rep#9
[.12.]
[[[.4.]10[.12.]]19[[.20.]37[.43.]]]
[[[[.2.]4.]10[.12.]]19[[[.20.]37[.41.]]43[[.51[.52.]]56[[.58.]59[.60.]]]]]
[[[[[[.0.]2.]4[.6.]]10[[.11.]12[.13.]]]19[[.20[.28.]]37[.41.]]]43[[[.44.]51[.52[.53.]]]56[[.58.]59[.60.]]]]
[[[[[[.0.]2.]4[.6.]]10[[.11.]12[.13.]]]19[[[.20.]23[.28[.29.]]]37[[.38.]41[.42.]]]]43[[[.44[.46.]]51[.52[.53.]]]56[[.58.]59[.60.]]]]
[[[[[[.0.]2.]4[.6.]]10[[.11.]12[.13.]]]19[[[.20.]23[.28[.29.]]]37[[.38.]41[.42.]]]]43[[[[.44.]46[.47[.49.]]]51[.52[.53.]]]56[[[.57.]58.]59[.60.]]]]
[[[[[[.0.]2.]4[.6.]]10[[.11.]13.]]19[[[.20.]23[.28[.29.]]]37[[.38.]41[.42.]]]]43[[[[.44.]46[.47[.49.]]]51[.52[.53.]]]56[[[.57.]58.]59[.60.]]]]
[[[[[.0.]2.]6[.11[.13.]]]23[[.28[.29.]]38[.41[.42.]]]]44[[[[.46.]47[.49.]]51[.52[.53.]]]56[[[.57.]58.]59[.60.]]]]
[[[[.0.]6[.11[.13.]]]23[[.28[.29.]]38[.42.]]]44[[[.46.]47[.49.]]53[.57.]]]
[[[.23[.29.]]38[.42.]]46[[.47.]49[.57.]]]
[[.47.]49[.57.]]
.
Rep#10
[.30.]
[[[[.12.]13.]19[.30.]]40[[.45.]56.]]
[[[[[.3.]12.]13[.14.]]19[[.20.]27[.30.]]]40[[[.44.]45.]49[[.50.]53[.56.]]]]
[[[[.2.]3[[.4.]11.]]12[[.13.]14[.17.]]]19[[[.20[.24.]]27[.30.]]40[[[.43.]44[.45.]]49[[.50.]53[.56.]]]]]
[[[[[.2.]3[.4.]]7[[.8.]11.]]12[[.13.]14[.17[.18.]]]]19[[[.20[.24.]]27[.30.]]40[[[.43.]44[.45.]]49[[.50.]53[.56.]]]]]
[[[[[[.1.]2.]3[.4.]]7[[.8.]11.]]12[[.13.]14[.17[.18.]]]]19[[[[.20.]24[.26.]]27[.30[.38.]]]40[[[.43.]44[.45.]]49[[.50.]53[[.56.]57[.61.]]]]]]
[[[[[[.1.]2.]3[.4.]]7[[.8.]11.]]12[[.13.]14[.17[.18.]]]]19[[[[.20.]24[.26.]]27[.38.]]40[[[.43.]44[.45.]]49[[.50.]53[[.56.]57[.61.]]]]]]
[[[[[.1.]2.]3[.4.]]7[[[.8.]11.]14[.17[.18.]]]]20[[[.24[.26.]]27[.38.]]43[[[.44.]49[.50.]]53[.57[.61.]]]]]
[[[[.1.]2[.4.]]7[[[.8.]11.]17[.18.]]]24[[[.26.]38.]43[.57[.61.]]]]
[[[.1.]7[[.8.]18.]]26[[.38.]57[.61.]]]
[[.1.]26[[.38.]57[.61.]]]
.
