[?] 00 [?] 00 [?] 00
[?] 01 [?] 01 [?] 01
[?] 02 [?] 02 [?] 02
[?] 03 [?] 03 [?] 03
[?] 04 [?] 04 [?] 04
[?] 05 [?] 05 [?] 05
[?] 06 [?] 06 [?] 06
[?] 07 [?] 07 [?] 07
[?] 08 [?] 08 [?] 08
[?] 09 [?] 09 [?] 09
[?] 0a [?] 0a [?] 0a
[?] 0b [?] 0b [?] 0b
[?] 0c [?] 0c [?] 0c
[?] 0d [?] 0d [?] 0d
[?] 0e [?] 0e [?] 0e
[?] 0f [?] 0f [?] 0f
[?] 10 [?] 10 [?] 10
[?] 11 [?] 11 [?] 11
[?] 12 [?] 12 [?] 12
[?] 13 [?] 13 [?] 13
[?] 14 [?] 14 [?] 14
[?] 15 [?] 15 [?] 15
[?] 16 [?] 16 [?] 16
[?] 17 [?] 17 [?] 17
[?] 18 [?] 18 [?] 18
[?] 19 [?] 19 [?] 19
[?] 1a [?] 1a [?] 1a
[?] 1b [?] 1b [?] 1b
[?] 1c [?] 1c [?] 1c
[?] 1d [?] 1d [?] 1d
[?] 1e [?] 1e [?] 1e
[?] 1f [?] 1f [?] 1f
[ ] 20 [ ] 20 [ ] 20
[!] 21 [!] 21 [!] 21
["] 22 ["] 22 ["] 22
[#] 23 [#] 23 [#] 23
[$] 24 [$] 24 [$] 24
[%] 25 [%] 25 [%] 25
[&] 26 [&] 26 [&] 26
['] 27 ['] 27 ['] 27
[(] 28 [(] 28 [(] 28
[)] 29 [)] 29 [)] 29
[*] 2a [*] 2a [*] 2a
[+] 2b [+] 2b [+] 2b
[,] 2c [,] 2c [,] 2c
[-] 2d [-] 2d [-] 2d
[.] 2e [.] 2e [.] 2e
[/] 2f [/] 2f [/] 2f
[0] 30 [0] 30 [0] 30
[1] 31 [1] 31 [1] 31
[2] 32 [2] 32 [2] 32
[3] 33 [3] 33 [3] 33
[4] 34 [4] 34 [4] 34
[5] 35 [5] 35 [5] 35
[6] 36 [6] 36 [6] 36
[7] 37 [7] 37 [7] 37
[8] 38 [8] 38 [8] 38
[9] 39 [9] 39 [9] 39
[:] 3a [:] 3a [:] 3a
[;] 3b [;] 3b [;] 3b
[<] 3c [<] 3c [<] 3c
[=] 3d [=] 3d [=] 3d
[>] 3e [>] 3e [>] 3e
[?] 3f [?] 3f [?] 3f
[@] 40 [@] 40 [@] 40
[A] 41 [a] 61 [A] 41
[B] 42 [b] 62 [B] 42
[C] 43 [c] 63 [C] 43
[D] 44 [d] 64 [D] 44
[E] 45 [e] 65 [E] 45
[F] 46 [f] 66 [F] 46
[G] 47 [g] 67 [G] 47
[H] 48 [h] 68 [H] 48
[I] 49 [i] 69 [I] 49
[J] 4a [j] 6a [J] 4a
[K] 4b [k] 6b [K] 4b
[L] 4c [l] 6c [L] 4c
[M] 4d [m] 6d [M] 4d
[N] 4e [n] 6e [N] 4e
[O] 4f [o] 6f [O] 4f
[P] 50 [p] 70 [P] 50
[Q] 51 [q] 71 [Q] 51
[R] 52 [r] 72 [R] 52
[S] 53 [s] 73 [S] 53
[T] 54 [t] 74 [T] 54
[U] 55 [u] 75 [U] 55
[V] 56 [v] 76 [V] 56
[W] 57 [w] 77 [W] 57
[X] 58 [x] 78 [X] 58
[Y] 59 [y] 79 [Y] 59
[Z] 5a [z] 7a [Z] 5a
[[] 5b [[] 5b [[] 5b
[\] 5c [\] 5c [\] 5c
[]] 5d []] 5d []] 5d
[^] 5e [^] 5e [^] 5e
[_] 5f [_] 5f [_] 5f
[`] 60 [`] 60 [`] 60
[a] 61 [a] 61 [A] 41
[b] 62 [b] 62 [B] 42
[c] 63 [c] 63 [C] 43
[d] 64 [d] 64 [D] 44
[e] 65 [e] 65 [E] 45
[f] 66 [f] 66 [F] 46
[g] 67 [g] 67 [G] 47
[h] 68 [h] 68 [H] 48
[i] 69 [i] 69 [I] 49
[j] 6a [j] 6a [J] 4a
[k] 6b [k] 6b [K] 4b
[l] 6c [l] 6c [L] 4c
[m] 6d [m] 6d [M] 4d
[n] 6e [n] 6e [N] 4e
[o] 6f [o] 6f [O] 4f
[p] 70 [p] 70 [P] 50
[q] 71 [q] 71 [Q] 51
[r] 72 [r] 72 [R] 52
[s] 73 [s] 73 [S] 53
[t] 74 [t] 74 [T] 54
[u] 75 [u] 75 [U] 55
[v] 76 [v] 76 [V] 56
[w] 77 [w] 77 [W] 57
[x] 78 [x] 78 [X] 58
[y] 79 [y] 79 [Y] 59
[z] 7a [z] 7a [Z] 5a
[{] 7b [{] 7b [{] 7b
[|] 7c [|] 7c [|] 7c
[}] 7d [}] 7d [}] 7d
[~] 7e [~] 7e [~] 7e
[?] 7f [?] 7f [?] 7f
[Ä] 80 [Ä] 80 [Ä] 80
[Å] 81 [Å] 81 [Å] 81
[Ç] 82 [Ç] 82 [Ç] 82
[É] 83 [É] 83 [É] 83
[?] 84 [?] 84 [?] 84
[?] 85 [?] 85 [?] 85
[?] 86 [?] 86 [?] 86
[?] 87 [?] 87 [?] 87
[?] 88 [?] 88 [?] 88
[?] 89 [?] 89 [?] 89
[?] 8a [?] 8a [?] 8a
[?] 8b [?] 8b [?] 8b
[?] 8c [?] 8c [?] 8c
[?] 8d [?] 8d [?] 8d
[?] 8e [?] 8e [?] 8e
[?] 8f [?] 8f [?] 8f
[?] 90 [?] 90 [?] 90
[?] 91 [?] 91 [?] 91
[?] 92 [?] 92 [?] 92
[?] 93 [?] 93 [?] 93
[?] 94 [?] 94 [?] 94
[?] 95 [?] 95 [?] 95
[?] 96 [?] 96 [?] 96
[?] 97 [?] 97 [?] 97
[?] 98 [?] 98 [?] 98
[?] 99 [?] 99 [?] 99
[?] 9a [?] 9a [?] 9a
[?] 9b [?] 9b [?] 9b
[?] 9c [?] 9c [?] 9c
[?] 9d [?] 9d [?] 9d
[?] 9e [?] 9e [?] 9e
[?] 9f [?] 9f [?] 9f
[?] a0 [?] a0 [?] a0
[?] a1 [?] a1 [?] a1
[?] a2 [?] a2 [?] a2
[?] a3 [?] a3 [?] a3
[?] a4 [?] a4 [?] a4
[?] a5 [?] a5 [?] a5
[?] a6 [?] a6 [?] a6
[?] a7 [?] a7 [?] a7
[?] a8 [?] a8 [?] a8
[?] a9 [?] a9 [?] a9
[?] aa [?] aa [?] aa
[?] ab [?] ab [?] ab
[?] ac [?] ac [?] ac
[?] ad [?] ad [?] ad
[?] ae [?] ae [?] ae
[?] af [?] af [?] af
[?] b0 [?] b0 [?] b0
[?] b1 [?] b1 [?] b1
[?] b2 [?] b2 [?] b2
[?] b3 [?] b3 [?] b3
[?] b4 [?] b4 [?] b4
[?] b5 [?] b5 [?] b5
[?] b6 [?] b6 [?] b6
[?] b7 [?] b7 [?] b7
[?] b8 [?] b8 [?] b8
[?] b9 [?] b9 [?] b9
[?] ba [?] ba [?] ba
[?] bb [?] bb [?] bb
[?] bc [?] bc [?] bc
[?] bd [?] bd [?] bd
[?] be [?] be [?] be
[?] bf [?] bf [?] bf
[?] c0 [?] c0 [?] c0
[?] c1 [?] c1 [?] c1
[?] c2 [?] c2 [?] c2
[?] c3 [?] c3 [?] c3
[?] c4 [?] c4 [?] c4
[?] c5 [?] c5 [?] c5
[?] c6 [?] c6 [?] c6
[?] c7 [?] c7 [?] c7
[?] c8 [?] c8 [?] c8
[?] c9 [?] c9 [?] c9
[?] ca [?] ca [?] ca
[?] cb [?] cb [?] cb
[?] cc [?] cc [?] cc
[?] cd [?] cd [?] cd
[?] ce [?] ce [?] ce
[?] cf [?] cf [?] cf
[?] d0 [?] d0 [?] d0
[?] d1 [?] d1 [?] d1
[?] d2 [?] d2 [?] d2
[?] d3 [?] d3 [?] d3
[?] d4 [?] d4 [?] d4
[?] d5 [?] d5 [?] d5
[?] d6 [?] d6 [?] d6
[?] d7 [?] d7 [?] d7
[?] d8 [?] d8 [?] d8
[?] d9 [?] d9 [?] d9
[?] da [?] da [?] da
[?] db [?] db [?] db
[?] dc [?] dc [?] dc
[?] dd [?] dd [?] dd
[?] de [?] de [?] de
[?] df [?] df [?] df
[?] e0 [?] e0 [?] e0
[?] e1 [?] e1 [?] e1
[?] e2 [?] e2 [?] e2
[?] e3 [?] e3 [?] e3
[?] e4 [?] e4 [?] e4
[?] e5 [?] e5 [?] e5
[?] e6 [?] e6 [?] e6
[?] e7 [?] e7 [?] e7
[?] e8 [?] e8 [?] e8
[?] e9 [?] e9 [?] e9
[?] ea [?] ea [?] ea
[?] eb [?] eb [?] eb
[?] ec [?] ec [?] ec
[?] ed [?] ed [?] ed
[?] ee [?] ee [?] ee
[?] ef [?] ef [?] ef
[?] f0 [?] f0 [?] f0
[?] f1 [?] f1 [?] f1
[?] f2 [?] f2 [?] f2
[?] f3 [?] f3 [?] f3
[?] f4 [?] f4 [?] f4
[?] f5 [?] f5 [?] f5
[?] f6 [?] f6 [?] f6
[?] f7 [?] f7 [?] f7
[?] f8 [?] f8 [?] f8
[?] f9 [?] f9 [?] f9
[?] fa [?] fa [?] fa
[?] fb [?] fb [?] fb
[?] fc [?] fc [?] fc
[?] fd [?] fd [?] fd
[?] fe [?] fe [?] fe
[?] ff [?] ff [?] ff
