x=-17.00	sinh=   -12077476 cosh=    12077476 tanh=          -1
x=-16.66	sinh=  -8596389.3 cosh=   8596389.3 tanh=          -1
x=-16.32	sinh=  -6118654.8 cosh=   6118654.8 tanh=          -1
x=-15.98	sinh=  -4355076.9 cosh=   4355076.9 tanh=          -1
x=-15.64	sinh=  -3099814.5 cosh=   3099814.5 tanh=          -1
x=-15.30	sinh=  -2206355.9 cosh=   2206355.9 tanh=          -1
x=-14.96	sinh=  -1570418.7 cosh=   1570418.7 tanh=          -1
x=-14.62	sinh=  -1117777.4 cosh=   1117777.4 tanh=          -1
x=-14.28	sinh=  -795600.79 cosh=   795600.79 tanh=          -1
x=-13.94	sinh=  -566285.03 cosh=   566285.03 tanh=          -1
x=-13.60	sinh=  -403064.88 cosh=   403064.88 tanh=          -1
x=-13.26	sinh=  -286889.62 cosh=   286889.62 tanh=          -1
x=-12.92	sinh=  -204199.52 cosh=   204199.52 tanh=          -1
x=-12.58	sinh=  -145343.16 cosh=   145343.16 tanh=          -1
x=-12.24	sinh=  -103450.95 cosh=   103450.95 tanh=          -1
x=-11.90	sinh=  -73633.313 cosh=   73633.313 tanh=          -1
x=-11.56	sinh=  -52410.007 cosh=   52410.007 tanh=          -1
x=-11.22	sinh=  -37303.887 cosh=   37303.887 tanh=          -1
x=-10.88	sinh=    -26551.8 cosh=     26551.8 tanh=          -1
x=-10.54	sinh=  -18898.783 cosh=   18898.783 tanh=          -1
x=-10.20	sinh=  -13451.593 cosh=   13451.593 tanh=          -1
x= -9.86	sinh=  -9574.4447 cosh=   9574.4448 tanh= -0.99999999
x= -9.52	sinh=  -6814.8056 cosh=   6814.8057 tanh= -0.99999999
x= -9.18	sinh=  -4850.5763 cosh=   4850.5764 tanh= -0.99999998
x= -8.84	sinh=  -3452.4962 cosh=   3452.4964 tanh= -0.99999996
x= -8.50	sinh=  -2457.3843 cosh=   2457.3845 tanh= -0.99999992
x= -8.16	sinh=  -1749.0932 cosh=   1749.0935 tanh= -0.99999984
x= -7.82	sinh=  -1244.9525 cosh=   1244.9529 tanh= -0.99999968
x= -7.48	sinh=  -886.12011 cosh=   886.12067 tanh= -0.99999936
x= -7.14	sinh=   -630.7138 cosh=   630.71459 tanh= -0.99999874
x= -6.80	sinh=  -448.92309 cosh=    448.9242 tanh= -0.99999752
x= -6.46	sinh=  -319.52975 cosh=   319.53131 tanh=  -0.9999951
x= -6.12	sinh=  -227.43125 cosh=   227.43345 tanh= -0.99999033
x= -5.78	sinh=  -161.87805 cosh=   161.88114 tanh= -0.99998092
x= -5.44	sinh=  -115.21892 cosh=   115.22326 tanh= -0.99996234
x= -5.10	sinh=  -82.007905 cosh=   82.014002 tanh= -0.99992566
x= -4.76	sinh=   -58.36868 cosh=   58.377246 tanh= -0.99985327
x= -4.42	sinh=  -41.542126 cosh=    41.55416 tanh=  -0.9997104
x= -4.08	sinh=  -29.564281 cosh=   29.581189 tanh= -0.99942844
x= -3.74	sinh=  -21.037118 cosh=   21.060872 tanh= -0.99887212
x= -3.40	sinh=  -14.965363 cosh=   14.998737 tanh= -0.99777493
x= -3.06	sinh=  -10.640335 cosh=   10.687222 tanh= -0.99561273
x= -2.72	sinh=  -7.5572238 cosh=   7.6230985 tanh= -0.99135853
x= -2.38	sinh=  -5.3561761 cosh=   5.4487267 tanh= -0.98301427
x= -2.04	sinh=  -3.7802902 cosh=    3.910319 tanh= -0.96674729
x= -1.70	sinh=  -2.6456319 cosh=   2.8283155 tanh= -0.93540907
x= -1.36	sinh=  -1.8197663 cosh=    2.076427 tanh= -0.87639307
x= -1.02	sinh=  -1.2062999 cosh=   1.5668949 tanh= -0.76986654
x= -0.68	sinh= -0.73363037 cosh=   1.2402474 tanh=  -0.5915194
x= -0.34	sinh= -0.34658863 cosh=    1.058359 tanh= -0.32747739
x=  0.00	sinh=           0 cosh=           1 tanh=           0
x=  0.34	sinh=  0.34658863 cosh=    1.058359 tanh=  0.32747739
x=  0.68	sinh=  0.73363037 cosh=   1.2402474 tanh=   0.5915194
x=  1.02	sinh=   1.2062999 cosh=   1.5668949 tanh=  0.76986654
x=  1.36	sinh=   1.8197663 cosh=    2.076427 tanh=  0.87639307
x=  1.70	sinh=   2.6456319 cosh=   2.8283155 tanh=  0.93540907
x=  2.04	sinh=   3.7802902 cosh=    3.910319 tanh=  0.96674729
x=  2.38	sinh=   5.3561761 cosh=   5.4487267 tanh=  0.98301427
x=  2.72	sinh=   7.5572238 cosh=   7.6230985 tanh=  0.99135853
x=  3.06	sinh=   10.640335 cosh=   10.687222 tanh=  0.99561273
x=  3.40	sinh=   14.965363 cosh=   14.998737 tanh=  0.99777493
x=  3.74	sinh=   21.037118 cosh=   21.060872 tanh=  0.99887212
x=  4.08	sinh=   29.564281 cosh=   29.581189 tanh=  0.99942844
x=  4.42	sinh=   41.542126 cosh=    41.55416 tanh=   0.9997104
x=  4.76	sinh=    58.36868 cosh=   58.377246 tanh=  0.99985327
x=  5.10	sinh=   82.007905 cosh=   82.014002 tanh=  0.99992566
x=  5.44	sinh=   115.21892 cosh=   115.22326 tanh=  0.99996234
x=  5.78	sinh=   161.87805 cosh=   161.88114 tanh=  0.99998092
x=  6.12	sinh=   227.43125 cosh=   227.43345 tanh=  0.99999033
x=  6.46	sinh=   319.52975 cosh=   319.53131 tanh=   0.9999951
x=  6.80	sinh=   448.92309 cosh=    448.9242 tanh=  0.99999752
x=  7.14	sinh=    630.7138 cosh=   630.71459 tanh=  0.99999874
x=  7.48	sinh=   886.12011 cosh=   886.12067 tanh=  0.99999936
x=  7.82	sinh=   1244.9525 cosh=   1244.9529 tanh=  0.99999968
x=  8.16	sinh=   1749.0932 cosh=   1749.0935 tanh=  0.99999984
x=  8.50	sinh=   2457.3843 cosh=   2457.3845 tanh=  0.99999992
x=  8.84	sinh=   3452.4962 cosh=   3452.4964 tanh=  0.99999996
x=  9.18	sinh=   4850.5763 cosh=   4850.5764 tanh=  0.99999998
x=  9.52	sinh=   6814.8056 cosh=   6814.8057 tanh=  0.99999999
x=  9.86	sinh=   9574.4447 cosh=   9574.4448 tanh=  0.99999999
x= 10.20	sinh=   13451.593 cosh=   13451.593 tanh=           1
x= 10.54	sinh=   18898.783 cosh=   18898.783 tanh=           1
x= 10.88	sinh=     26551.8 cosh=     26551.8 tanh=           1
x= 11.22	sinh=   37303.887 cosh=   37303.887 tanh=           1
x= 11.56	sinh=   52410.007 cosh=   52410.007 tanh=           1
x= 11.90	sinh=   73633.313 cosh=   73633.313 tanh=           1
x= 12.24	sinh=   103450.95 cosh=   103450.95 tanh=           1
x= 12.58	sinh=   145343.16 cosh=   145343.16 tanh=           1
x= 12.92	sinh=   204199.52 cosh=   204199.52 tanh=           1
x= 13.26	sinh=   286889.62 cosh=   286889.62 tanh=           1
x= 13.60	sinh=   403064.88 cosh=   403064.88 tanh=           1
x= 13.94	sinh=   566285.03 cosh=   566285.03 tanh=           1
x= 14.28	sinh=   795600.79 cosh=   795600.79 tanh=           1
x= 14.62	sinh=   1117777.4 cosh=   1117777.4 tanh=           1
x= 14.96	sinh=   1570418.7 cosh=   1570418.7 tanh=           1
x= 15.30	sinh=   2206355.9 cosh=   2206355.9 tanh=           1
x= 15.64	sinh=   3099814.5 cosh=   3099814.5 tanh=           1
x= 15.98	sinh=   4355076.9 cosh=   4355076.9 tanh=           1
x= 16.32	sinh=   6118654.8 cosh=   6118654.8 tanh=           1
x= 16.66	sinh=   8596389.3 cosh=   8596389.3 tanh=           1
x= 17.00	sinh=    12077476 cosh=    12077476 tanh=           1
