utoa(0,buffer,10)="0"
utoa(34566,buffer,10)="34566"
utoa(65520,buffer,16)="fff0"
utoa(34566,buffer,8)="103406"
utoa(67,buffer,8)="103"
itoa(0,buffer,10)="0"
itoa(3345,buffer,10)="3345"
itoa(-16385,buffer,16)="-4001"
itoa(-16385,buffer,10)="-16385"
itoa(672,buffer,8)="1240"
ultoa(0,buffer,10)="0"
ultoa(45,buffer,10)="45"
ultoa(12034,buffer,10)="12034"
ultoa(12034056,buffer,10)="12034056"
ultoa(12034056,buffer,16)="b7a008"
ultoa(4294967295,buffer,10)="4294967295"
ltoa(0,buffer,10)="0"
ltoa(-45,buffer,10)="-45"
ltoa(12034,buffer,10)="12034"
ltoa(-12034056,buffer,10)="-12034056"
ltoa(12034056,buffer,16)="b7a008"
ltoa(2147483647,buffer,10)="2147483647"
ltoa(-2147483648,buffer,10)="-2147483648"
