exp(1)=2.7182818
exp(1.5)=4.4816891
exp(2)=7.3890561
exp(2.5)=12.182494
exp(3)=20.085537
exp(3.5)=33.115452
exp(4)=54.59815
exp(4.5)=90.017131
exp(5)=148.41316
exp(5.5)=244.69193
exp(6)=403.42879
exp(6.5)=665.14163
exp(7)=1096.6332
exp(7.5)=1808.0424
exp(8)=2980.958
exp(8.5)=4914.7688
exp(9)=8103.0839
exp(9.5)=13359.727
exp(0.0001)=1.0001
[SIGFPE 4 2] exp(100)=1.2345679e+08
log(1)=0
log(1+0.1)=0.09531018
log(1.5)=0.40546511
log(1+0.15)=0.13976194
log(2)=0.69314718
log(1+0.2)=0.18232156
log(2.5)=0.91629073
log(1+0.25)=0.22314355
log(3)=1.0986123
log(1+0.3)=0.26236426
log(3.5)=1.252763
log(1+0.35)=0.30010459
log(4)=1.3862944
log(1+0.4)=0.33647224
log(4.5)=1.5040774
log(1+0.45)=0.37156356
log(5)=1.6094379
log(1+0.5)=0.40546511
log(5.5)=1.7047481
log(1+0.55)=0.43825493
log(6)=1.7917595
log(1+0.6)=0.47000363
log(6.5)=1.8718022
log(1+0.65)=0.50077529
log(7)=1.9459101
log(1+0.7)=0.53062825
log(7.5)=2.014903
log(1+0.75)=0.55961579
log(8)=2.0794415
log(1+0.8)=0.58778667
log(8.5)=2.1400662
log(1+0.85)=0.61518564
log(9)=2.1972246
log(1+0.9)=0.64185389
log(9.5)=2.2512918
log(1+0.95)=0.66782937
log(1e+23)=52.959457
log(1+1e+22)=50.656872
[SIGFPE 4 3] log(0)=1.2345679e+08
log(1+0)=0
[SIGFPE 4 3] log(-1)=1.2345679e+08
log(1+-0.1)=-0.10536052
