------------ modf
modf(1.5) -> 1 + 0.5
modf(0) -> 0 + 0
modf(1) -> 1 + 0
modf(-1) -> -1 + 0
modf(2) -> 2 + 0
modf(-2) -> -2 + 0
modf(234.25) -> 234 + 0.25
modf(-234.25) -> -234 + -0.25
modf(1e+19) -> 1e+19 + 0
modf(1e-23) -> 0 + 1e-23
modf(1000.2) -> 1000 + 0.2
modf(10000.2) -> 10000 + 0.2
modf(100000.2) -> 100000 + 0.2
modf(1000000) -> 1000000 + 0.2
modf(1e+07) -> 1e+07 + 0.2
modf(-1e+08) -> -1e+08 + -0.19
------------ floor/ceil
floor(1.5)=1, ceil(1.5)=2
floor(0)=0, ceil(0)=0
floor(1)=1, ceil(1)=1
floor(-1)=-1, ceil(-1)=-1
floor(2)=2, ceil(2)=2
floor(-2)=-2, ceil(-2)=-2
floor(234.25)=234, ceil(234.25)=235
floor(-234.25)=-235, ceil(-234.25)=-234
floor(1e+19)=1e+19, ceil(1e+19)=1e+19
floor(1e-23)=0, ceil(1e-23)=1
floor(1000.2)=1000, ceil(1000.2)=1001
floor(10000.2)=10000, ceil(10000.2)=10001
floor(100000.2)=100000, ceil(100000.2)=100001
floor(1000000)=1000000, ceil(1000000)=1000001
floor(1e+07)=1e+07, ceil(1e+07)=1e+07
floor(-1e+08)=-1e+08, ceil(-1e+08)=-1e+08
