----------- fcvu/ftou
1 -> 1.000000 -> 1
17 -> 17.000000 -> 17
289 -> 289.000000 -> 289
4913 -> 4913.000000 -> 4913
17985 -> 17985.000000 -> 17985
43601 -> 43601.000000 -> 43601
20321 -> 20321.000000 -> 20321
17777 -> 17777.000000 -> 17777
40065 -> 40065.000000 -> 40065
25745 -> 25745.000000 -> 25745
44449 -> 44449.000000 -> 44449
1 -> 1.000000 -> 1
13 -> 13.000000 -> 13
169 -> 169.000000 -> 169
2197 -> 2197.000000 -> 2197
28561 -> 28561.000000 -> 28561
371293 -> 371293.000000 -> 371293
4826809 -> 4826809.000000 -> 4826809
62748517 -> 62748517.000000 -> 62748517
815730721 -> 815730721.000000 -> 815730721
2014564781 -> 2014564781.000000 -> 2014564781
419538377 -> 419538377.000000 -> 419538377
----------- fcvi/ftoi
0 -> 0.000000
1 -> 1.000000 -> 1
-13 -> -13.000000 -> -13
169 -> 169.000000 -> 169
-2197 -> -2197.000000 -> -2197
28561 -> 28561.000000 -> 28561
21923 -> 21923.000000 -> 21923
-22855 -> -22855.000000 -> -22855
-30565 -> -30565.000000 -> -30565
4129 -> 4129.000000 -> 4129
11859 -> 11859.000000 -> 11859
-23095 -> -23095.000000 -> -23095
1 -> 1.000000 -> 1
-17 -> -17.000000 -> -17
289 -> 289.000000 -> 289
-4913 -> -4913.000000 -> -4913
83521 -> 83521.000000 -> 83521
-1419857 -> -1419857.000000 -> -1419857
24137569 -> 24137569.000000 -> 24137569
-410338673 -> -410338673.000000 -> -410338673
-1614177151 -> -1614177151.000000 -> -1614177151
1671207791 -> 1671207791.000000 -> 1671207791
1654238625 -> 1654238625.000000 -> 1654238625
------------ fadd/fsub
a=0 b=-8.5881028e-13 a+b=-8.5881028e-13 a-b=8.5881028e-13
a=-8.5881028e-13 b=0.001088152 a+b=0.001088152 a-b=-0.001088152
a=0.001088152 b=-0.05122086 a+b=-0.050132708 a-b=0.052309012
a=-0.05122086 b=-1.1863699e-15 a+b=-0.05122086 a-b=-0.05122086
a=-1.1863699e-15 b=0.00037507556 a+b=0.00037507556 a-b=-0.00037507556
a=0.00037507556 b=-41728794 a+b=-41728794 a-b=41728794
a=-41728794 b=1.9080622e-17 a+b=-41728794 a-b=-41728794
a=1.9080622e-17 b=-4.8830842e-06 a+b=-4.8830842e-06 a-b=4.8830842e-06
a=-4.8830842e-06 b=-5.6374694e-17 a+b=-4.8830842e-06 a-b=-4.8830842e-06
a=-5.6374694e-17 b=-5.2914179e-13 a+b=-5.2919816e-13 a-b=5.2908541e-13
a=-5.2914179e-13 b=-1.132215e-14 a+b=-5.4046394e-13 a-b=-5.1781964e-13
a=-1.132215e-14 b=0.0014405578 a+b=0.0014405578 a-b=-0.0014405578
a=0.0014405578 b=8.436401e+10 a+b=8.436401e+10 a-b=-8.436401e+10
a=8.436401e+10 b=-9.9655206e+14 a+b=-9.964677e+14 a-b=9.9663643e+14
a=-9.9655206e+14 b=110.57955 a+b=-9.9655206e+14 a-b=-9.9655206e+14
a=110.57955 b=2.059003 a+b=112.63855 a-b=108.52054
a=2.059003 b=-94990299 a+b=-94990297 a-b=94990302
a=-94990299 b=-0.1558376 a+b=-94990300 a-b=-94990299
a=-0.1558376 b=0.0030001446 a+b=-0.15283745 a-b=-0.15883774
a=0.0030001446 b=5.9461086e+18 a+b=5.9461086e+18 a-b=-5.9461086e+18
a=5.9461086e+18 b=-5.0054075e-07 a+b=5.9461086e+18 a-b=5.9461086e+18
a=-5.0054075e-07 b=72706467 a+b=72706467 a-b=-72706467
a=72706467 b=-3.5554884e-16 a+b=72706467 a-b=72706467
a=-3.5554884e-16 b=0.98868512 a+b=0.98868512 a-b=-0.98868512
a=0.98868512 b=1666631.7 a+b=1666632.7 a-b=-1666630.7
a=1666631.7 b=3.0176504e-14 a+b=1666631.7 a-b=1666631.7
a=3.0176504e-14 b=0.24589003 a+b=0.24589003 a-b=-0.24589003
a=0.24589003 b=5015.4476 a+b=5015.6935 a-b=-5015.2017
a=5015.4476 b=2.5151823e-17 a+b=5015.4476 a-b=5015.4476
a=2.5151823e-17 b=-280163.84 a+b=-280163.84 a-b=280163.84
a=-280163.84 b=-4.1881977e-05 a+b=-280163.84 a-b=-280163.84
a=-4.1881977e-05 b=11892628 a+b=11892628 a-b=-11892628
a=11892628 b=-6.7455151e-13 a+b=11892628 a-b=11892628
a=-6.7455151e-13 b=-6.6941848e-16 a+b=-6.7522092e-13 a-b=-6.7388209e-13
a=-6.6941848e-16 b=253.75 a+b=253.75 a-b=-253.75
a=253.75 b=5.6321849e+15 a+b=5.6321849e+15 a-b=-5.6321849e+15
a=5.6321849e+15 b=-1.4055248e+18 a+b=-1.3998927e+18 a-b=1.411157e+18
a=-1.4055248e+18 b=-7.5795009e+11 a+b=-1.4055256e+18 a-b=-1.4055241e+18
a=-7.5795009e+11 b=-1.1529659e+21 a+b=-1.1529659e+21 a-b=1.1529659e+21
a=-1.1529659e+21 b=9.9376654e+12 a+b=-1.1529659e+21 a-b=-1.1529659e+21
a=9.9376654e+12 b=-9.6735002e+08 a+b=9.9366981e+12 a-b=9.9386328e+12
a=-9.6735002e+08 b=3.2563747e-07 a+b=-9.6735002e+08 a-b=-9.6735002e+08
a=3.2563747e-07 b=3.4655281e-11 a+b=3.2567212e-07 a-b=3.2560281e-07
a=3.4655281e-11 b=-0.00079658837 a+b=-0.00079658834 a-b=0.0007965884
a=-0.00079658837 b=-4.7403766e+16 a+b=-4.7403766e+16 a-b=4.7403766e+16
a=-4.7403766e+16 b=-4.6284624e+13 a+b=-4.7450051e+16 a-b=-4.7357481e+16
a=-4.6284624e+13 b=1.1350043e-08 a+b=-4.6284624e+13 a-b=-4.6284624e+13
a=1.1350043e-08 b=1.9453176e+15 a+b=1.9453176e+15 a-b=-1.9453176e+15
a=1.9453176e+15 b=-0.00014367582 a+b=1.9453176e+15 a-b=1.9453176e+15
a=-0.00014367582 b=-2.387673e+18 a+b=-2.387673e+18 a-b=2.387673e+18
a=-2.387673e+18 b=-3.220483e-11 a+b=-2.387673e+18 a-b=-2.387673e+18
a=-3.220483e-11 b=-0.0099601863 a+b=-0.0099601863 a-b=0.0099601862
a=-0.0099601863 b=1.2979395e+17 a+b=1.2979395e+17 a-b=-1.2979395e+17
a=1.2979395e+17 b=-1.2467974e-17 a+b=1.2979395e+17 a-b=1.2979395e+17
a=-1.2467974e-17 b=-1.4112038e-13 a+b=-1.4113284e-13 a-b=1.4110791e-13
a=-1.4112038e-13 b=-3.6642258e-08 a+b=-3.6642399e-08 a-b=3.6642116e-08
a=-3.6642258e-08 b=14048850 a+b=14048850 a-b=-14048850
a=14048850 b=-1.0964216e-13 a+b=14048850 a-b=14048850
a=-1.0964216e-13 b=40.977379 a+b=40.977379 a-b=-40.977379
a=40.977379 b=-5.6576572e-11 a+b=40.977379 a-b=40.977379
a=-5.6576572e-11 b=-4.470437e+10 a+b=-4.470437e+10 a-b=4.470437e+10
a=-4.470437e+10 b=-3.1634522e-09 a+b=-4.470437e+10 a-b=-4.470437e+10
a=-3.1634522e-09 b=-0.0001442869 a+b=-0.00014429007 a-b=0.00014428374
a=-0.0001442869 b=3.1311304e+10 a+b=3.1311304e+10 a-b=-3.1311304e+10
a=3.1311304e+10 b=-1923.7919 a+b=3.1311302e+10 a-b=3.1311306e+10
a=-1923.7919 b=4.003024e-12 a+b=-1923.7919 a-b=-1923.7919
a=4.003024e-12 b=0.00027779636 a+b=0.00027779637 a-b=-0.00027779636
a=0.00027779636 b=3.4419549e+09 a+b=3.4419549e+09 a-b=-3.4419549e+09
a=3.4419549e+09 b=8.5460516e-07 a+b=3.4419549e+09 a-b=3.4419549e+09
a=8.5460516e-07 b=1.5334598e+17 a+b=1.5334598e+17 a-b=-1.5334598e+17
a=1.5334598e+17 b=-2.3822799e-05 a+b=1.5334598e+17 a-b=1.5334598e+17
a=-2.3822799e-05 b=2.6743541e-05 a+b=2.9207412e-06 a-b=-5.056634e-05
a=2.6743541e-05 b=-20.439938 a+b=-20.439911 a-b=20.439965
a=-20.439938 b=-0.59985189 a+b=-21.03979 a-b=-19.840086
a=-0.59985189 b=4.2610522e-13 a+b=-0.59985189 a-b=-0.59985189
a=4.2610522e-13 b=-5.1917131e+14 a+b=-5.1917131e+14 a-b=5.1917131e+14
a=-5.1917131e+14 b=0.014850267 a+b=-5.1917131e+14 a-b=-5.1917131e+14
a=0.014850267 b=-6.6123514e-14 a+b=0.014850267 a-b=0.014850267
a=-6.6123514e-14 b=-4.1637626e-10 a+b=-4.1644238e-10 a-b=4.1631014e-10
a=-4.1637626e-10 b=58.815237 a+b=58.815237 a-b=-58.815237
a=58.815237 b=-0.21854692 a+b=58.59669 a-b=59.033784
a=-0.21854692 b=0.24958507 a+b=0.031038148 a-b=-0.46813199
a=0.24958507 b=-1.6527242 a+b=-1.4031391 a-b=1.9023093
a=-1.6527242 b=4.0368023e-07 a+b=-1.6527238 a-b=-1.6527246
a=4.0368023e-07 b=-5.5729122e+11 a+b=-5.5729122e+11 a-b=5.5729122e+11
a=-5.5729122e+11 b=-19.908179 a+b=-5.5729122e+11 a-b=-5.5729122e+11
a=-19.908179 b=2.0928664e+14 a+b=2.0928664e+14 a-b=-2.0928664e+14
a=2.0928664e+14 b=-8.8499948e+19 a+b=-8.8499739e+19 a-b=8.8500157e+19
a=-8.8499948e+19 b=2.342854e+10 a+b=-8.8499948e+19 a-b=-8.8499948e+19
a=2.342854e+10 b=2.5695778e+09 a+b=2.5998118e+10 a-b=2.0858962e+10
a=2.5695778e+09 b=-7.8586283e-11 a+b=2.5695778e+09 a-b=2.5695778e+09
a=-7.8586283e-11 b=15052874 a+b=15052874 a-b=-15052874
a=15052874 b=5.3484509e-09 a+b=15052874 a-b=15052874
a=5.3484509e-09 b=1.8961952e-08 a+b=2.4310403e-08 a-b=-1.3613501e-08
a=1.8961952e-08 b=4.4989961e+14 a+b=4.4989961e+14 a-b=-4.4989961e+14
a=4.4989961e+14 b=6.7113474e+14 a+b=1.1210344e+15 a-b=-2.2123513e+14
a=6.7113474e+14 b=-6.3502965e-08 a+b=6.7113474e+14 a-b=6.7113474e+14
a=-6.3502965e-08 b=-1.1699534e+16 a+b=-1.1699534e+16 a-b=1.1699534e+16
a=-1.1699534e+16 b=-0.037182578 a+b=-1.1699534e+16 a-b=-1.1699534e+16
a=-0.037182578 b=-1.2560814e-07 a+b=-0.037182704 a-b=-0.037182452
a=-1.2560814e-07 b=-1.8558749 a+b=-1.855875 a-b=1.8558747
a=-1.8558749 b=2.2803713e-08 a+b=-1.8558748 a-b=-1.8558749
a=2.2803713e-08 b=9.4541603 a+b=9.4541603 a-b=-9.4541602
a=9.4541603 b=989344.77 a+b=989354.22 a-b=-989335.31
a=989344.77 b=-0.00038781364 a+b=989344.77 a-b=989344.77
a=-0.00038781364 b=-2.5582987e+11 a+b=-2.5582987e+11 a-b=2.5582987e+11
a=-2.5582987e+11 b=-0.0075930856 a+b=-2.5582987e+11 a-b=-2.5582987e+11
a=-0.0075930856 b=0.48493317 a+b=0.47734009 a-b=-0.49252626
a=0.48493317 b=-3.8634397e-14 a+b=0.48493317 a-b=0.48493317
a=-3.8634397e-14 b=5.1240712e+17 a+b=5.1240712e+17 a-b=-5.1240712e+17
a=5.1240712e+17 b=-6.7648213e+13 a+b=5.1233947e+17 a-b=5.1247476e+17
a=-6.7648213e+13 b=-8.117804e-16 a+b=-6.7648213e+13 a-b=-6.7648213e+13
a=-8.117804e-16 b=-4.0848091e+13 a+b=-4.0848091e+13 a-b=4.0848091e+13
a=-4.0848091e+13 b=-6.2428771e-13 a+b=-4.0848091e+13 a-b=-4.0848091e+13
a=-6.2428771e-13 b=18439770 a+b=18439770 a-b=-18439770
a=18439770 b=4.1440773e-09 a+b=18439770 a-b=18439770
a=4.1440773e-09 b=1.9012756e+18 a+b=1.9012756e+18 a-b=-1.9012756e+18
a=1.9012756e+18 b=-5.0171757e-09 a+b=1.9012756e+18 a-b=1.9012756e+18
a=-5.0171757e-09 b=4046.6339 a+b=4046.6339 a-b=-4046.6339
a=4046.6339 b=-3.8062237e-08 a+b=4046.6339 a-b=4046.6339
a=-3.8062237e-08 b=5.8960073e+15 a+b=5.8960073e+15 a-b=-5.8960073e+15
a=5.8960073e+15 b=-4.6077662e-17 a+b=5.8960073e+15 a-b=5.8960073e+15
a=-4.6077662e-17 b=-1.8329199e+16 a+b=-1.8329199e+16 a-b=1.8329199e+16
a=-1.8329199e+16 b=104558.22 a+b=-1.8329199e+16 a-b=-1.8329199e+16
a=104558.22 b=-0.70529729 a+b=104557.52 a-b=104558.93
a=-0.70529729 b=3.2471546e+15 a+b=3.2471546e+15 a-b=-3.2471546e+15
a=3.2471546e+15 b=3.9316149e-11 a+b=3.2471546e+15 a-b=3.2471546e+15
a=3.9316149e-11 b=-2.1151924e+12 a+b=-2.1151924e+12 a-b=2.1151924e+12
a=-2.1151924e+12 b=-7.7644072e-08 a+b=-2.1151924e+12 a-b=-2.1151924e+12
a=-7.7644072e-08 b=-0.0014132409 a+b=-0.0014133185 a-b=0.0014131632
a=-0.0014132409 b=-2.9677827e-15 a+b=-0.0014132409 a-b=-0.0014132409
a=-2.9677827e-15 b=1.25438e-08 a+b=1.2543797e-08 a-b=-1.2543803e-08
a=1.25438e-08 b=4.4360484e-06 a+b=4.4485922e-06 a-b=-4.4235046e-06
a=4.4360484e-06 b=7.8700166e+19 a+b=7.8700166e+19 a-b=-7.8700166e+19
a=7.8700166e+19 b=3.1816552e+16 a+b=7.8731983e+19 a-b=7.866835e+19
a=3.1816552e+16 b=-0.00015763206 a+b=3.1816552e+16 a-b=3.1816552e+16
a=-0.00015763206 b=-6.8507117e-09 a+b=-0.00015763891 a-b=-0.00015762521
a=-6.8507117e-09 b=0.0042911671 a+b=0.0042911603 a-b=-0.004291174
a=0.0042911671 b=0.0021562744 a+b=0.0064474416 a-b=0.0021348927
a=0.0021562744 b=-6.4772538e+16 a+b=-6.4772538e+16 a-b=6.4772538e+16
a=-6.4772538e+16 b=1.0892282e-15 a+b=-6.4772538e+16 a-b=-6.4772538e+16
a=1.0892282e-15 b=0.0005593865 a+b=0.0005593865 a-b=-0.0005593865
a=0.0005593865 b=509.49554 a+b=509.4961 a-b=-509.49498
a=509.49554 b=-6.8235702e-10 a+b=509.49554 a-b=509.49554
a=-6.8235702e-10 b=-0.03896293 a+b=-0.038962931 a-b=0.038962929
a=-0.03896293 b=2.4069353e-08 a+b=-0.038962906 a-b=-0.038962954
a=2.4069353e-08 b=8.1195848e-12 a+b=2.4077472e-08 a-b=2.4061233e-08
a=8.1195848e-12 b=-1.3945677e+19 a+b=-1.3945677e+19 a-b=1.3945677e+19
a=-1.3945677e+19 b=-4.1149513e-09 a+b=-1.3945677e+19 a-b=-1.3945677e+19
a=-4.1149513e-09 b=-3.3522886 a+b=-3.3522886 a-b=3.3522886
a=-3.3522886 b=3.6850207e+10 a+b=3.6850207e+10 a-b=-3.6850207e+10
a=3.6850207e+10 b=1.045481e+16 a+b=1.0454847e+16 a-b=-1.0454773e+16
a=1.045481e+16 b=7.725849e+19 a+b=7.7268945e+19 a-b=-7.7248036e+19
a=7.725849e+19 b=8.0787825e-07 a+b=7.725849e+19 a-b=7.725849e+19
a=8.0787825e-07 b=2.4456755e-16 a+b=8.0787825e-07 a-b=8.0787825e-07
a=2.4456755e-16 b=-1.2324503e+10 a+b=-1.2324503e+10 a-b=1.2324503e+10
a=-1.2324503e+10 b=2.9604738e-05 a+b=-1.2324503e+10 a-b=-1.2324503e+10
a=2.9604738e-05 b=2.4416258e-10 a+b=2.9604982e-05 a-b=2.9604493e-05
a=2.4416258e-10 b=-2.6590935e+15 a+b=-2.6590935e+15 a-b=2.6590935e+15
a=-2.6590935e+15 b=-1.9139715e-13 a+b=-2.6590935e+15 a-b=-2.6590935e+15
a=-1.9139715e-13 b=-12.157822 a+b=-12.157822 a-b=12.157822
a=-12.157822 b=6.1395401e+16 a+b=6.1395401e+16 a-b=-6.1395401e+16
a=6.1395401e+16 b=4.5210344e+14 a+b=6.1847504e+16 a-b=6.0943297e+16
a=4.5210344e+14 b=0.00016560791 a+b=4.5210344e+14 a-b=4.5210344e+14
a=0.00016560791 b=-5.9401695e+13 a+b=-5.9401695e+13 a-b=5.9401695e+13
a=-5.9401695e+13 b=6.2579653e-09 a+b=-5.9401695e+13 a-b=-5.9401695e+13
a=6.2579653e-09 b=-1.426973e+19 a+b=-1.426973e+19 a-b=1.426973e+19
a=-1.426973e+19 b=-1.5392144e-09 a+b=-1.426973e+19 a-b=-1.426973e+19
a=-1.5392144e-09 b=-2.0462408e-16 a+b=-1.5392146e-09 a-b=-1.5392142e-09
a=-2.0462408e-16 b=-114542.87 a+b=-114542.87 a-b=114542.87
a=-114542.87 b=8942.6771 a+b=-105600.19 a-b=-123485.55
a=8942.6771 b=-1.5490707e+16 a+b=-1.5490707e+16 a-b=1.5490707e+16
a=-1.5490707e+16 b=-1.2740839e-13 a+b=-1.5490707e+16 a-b=-1.5490707e+16
a=-1.2740839e-13 b=8.8349502e+09 a+b=8.8349502e+09 a-b=-8.8349502e+09
a=8.8349502e+09 b=1.834995e+12 a+b=1.84383e+12 a-b=-1.8261601e+12
a=1.834995e+12 b=-5.5130966e+09 a+b=1.8294819e+12 a-b=1.8405081e+12
a=-5.5130966e+09 b=1.3635004e-09 a+b=-5.5130966e+09 a-b=-5.5130966e+09
a=1.3635004e-09 b=-3.2671123e+17 a+b=-3.2671123e+17 a-b=3.2671123e+17
a=-3.2671123e+17 b=-23.158079 a+b=-3.2671123e+17 a-b=-3.2671123e+17
a=-23.158079 b=1.6976538e-14 a+b=-23.158079 a-b=-23.158079
a=1.6976538e-14 b=65583411 a+b=65583411 a-b=-65583411
a=65583411 b=-0.0004288194 a+b=65583411 a-b=65583411
a=-0.0004288194 b=-1.3172047e+14 a+b=-1.3172047e+14 a-b=1.3172047e+14
a=-1.3172047e+14 b=0.2378662 a+b=-1.3172047e+14 a-b=-1.3172047e+14
a=0.2378662 b=4.1046967e+20 a+b=4.1046967e+20 a-b=-4.1046967e+20
a=4.1046967e+20 b=-8.2907712e+08 a+b=4.1046967e+20 a-b=4.1046967e+20
a=-8.2907712e+08 b=9.101662e-15 a+b=-8.2907712e+08 a-b=-8.2907712e+08
a=9.101662e-15 b=2.6259329e+10 a+b=2.6259329e+10 a-b=-2.6259329e+10
a=2.6259329e+10 b=-9.7313921e+12 a+b=-9.7051328e+12 a-b=9.7576515e+12
a=-9.7313921e+12 b=26735.694 a+b=-9.7313921e+12 a-b=-9.7313922e+12
a=26735.694 b=-6.061576e-07 a+b=26735.694 a-b=26735.694
a=-6.061576e-07 b=-13809775 a+b=-13809775 a-b=13809775
a=-13809775 b=4.4698487e+15 a+b=4.4698487e+15 a-b=-4.4698487e+15
a=4.4698487e+15 b=-31004.74 a+b=4.4698487e+15 a-b=4.4698487e+15
a=-31004.74 b=1.5816675e-15 a+b=-31004.74 a-b=-31004.74
a=1.5816675e-15 b=-1.4246913e-08 a+b=-1.4246911e-08 a-b=1.4246914e-08
a=-1.4246913e-08 b=3.8580737e+16 a+b=3.8580737e+16 a-b=-3.8580737e+16
a=3.8580737e+16 b=1.3389118e-06 a+b=3.8580737e+16 a-b=3.8580737e+16
a=1.3389118e-06 b=-3.5058645e-14 a+b=1.3389117e-06 a-b=1.3389118e-06
a=-3.5058645e-14 b=-3.6036503e+18 a+b=-3.6036503e+18 a-b=3.6036503e+18
------------ fcmp
0 > -3.6036503e+18 = 1
0 >= -3.6036503e+18 = 1
0 != -3.6036503e+18 = 1
-3.6036503e+18 > -5.80370016e+11 = 0
-3.6036503e+18 >= -5.80370016e+11 = 0
-3.6036503e+18 != -5.80370016e+11 = 1
-5.80370016e+11 > 13.7979058 = 0
-5.80370016e+11 >= 13.7979058 = 0
-5.80370016e+11 != 13.7979058 = 1
13.7979058 > -1.10479975e-05 = 1
13.7979058 >= -1.10479975e-05 = 1
13.7979058 != -1.10479975e-05 = 1
-1.10479975e-05 > 1.9840919e-15 = 0
-1.10479975e-05 >= 1.9840919e-15 = 0
-1.10479975e-05 != 1.9840919e-15 = 1
1.9840919e-15 > 7.91520137e-10 = 0
1.9840919e-15 >= 7.91520137e-10 = 0
1.9840919e-15 != 7.91520137e-10 = 1
7.91520137e-10 > 1.74202987e-14 = 1
7.91520137e-10 >= 1.74202987e-14 = 1
7.91520137e-10 != 1.74202987e-14 = 1
1.74202987e-14 > 1.08379522e+21 = 0
1.74202987e-14 >= 1.08379522e+21 = 0
1.74202987e-14 != 1.08379522e+21 = 1
1.08379522e+21 > 4.36368721e-11 = 1
1.08379522e+21 >= 4.36368721e-11 = 1
1.08379522e+21 != 4.36368721e-11 = 1
4.36368721e-11 > 1.23353264e-13 = 1
4.36368721e-11 >= 1.23353264e-13 = 1
4.36368721e-11 != 1.23353264e-13 = 1
1.23353264e-13 > -0.012317348 = 1
1.23353264e-13 >= -0.012317348 = 1
1.23353264e-13 != -0.012317348 = 1
-0.012317348 > 1.10043877e-17 = 0
-0.012317348 >= 1.10043877e-17 = 0
-0.012317348 != 1.10043877e-17 = 1
1.10043877e-17 > 1.10043877e-17 = 0
1.10043877e-17 >= 1.10043877e-17 = 1
1.10043877e-17 != 1.10043877e-17 = 0
1.10043877e-17 > 0.00841106127 = 0
1.10043877e-17 >= 0.00841106127 = 0
1.10043877e-17 != 0.00841106127 = 1
0.00841106127 > -2.59569576e-14 = 1
0.00841106127 >= -2.59569576e-14 = 1
0.00841106127 != -2.59569576e-14 = 1
-2.59569576e-14 > -3.10640327e-14 = 1
-2.59569576e-14 >= -3.10640327e-14 = 1
-2.59569576e-14 != -3.10640327e-14 = 1
-3.10640327e-14 > -4.30409952e-09 = 1
-3.10640327e-14 >= -4.30409952e-09 = 1
-3.10640327e-14 != -4.30409952e-09 = 1
-4.30409952e-09 > 211468828 = 0
-4.30409952e-09 >= 211468828 = 0
-4.30409952e-09 != 211468828 = 1
211468828 > 3.18693108e+15 = 0
211468828 >= 3.18693108e+15 = 0
211468828 != 3.18693108e+15 = 1
3.18693108e+15 > -0.000706705187 = 1
3.18693108e+15 >= -0.000706705187 = 1
3.18693108e+15 != -0.000706705187 = 1
-0.000706705187 > -2.55539274 = 1
-0.000706705187 >= -2.55539274 = 1
-0.000706705187 != -2.55539274 = 1
-2.55539274 > 2.97771874e-07 = 0
-2.55539274 >= 2.97771874e-07 = 0
-2.55539274 != 2.97771874e-07 = 1
2.97771874e-07 > 1.68783877e+13 = 0
2.97771874e-07 >= 1.68783877e+13 = 0
2.97771874e-07 != 1.68783877e+13 = 1
1.68783877e+13 > 2.02576834e-15 = 1
1.68783877e+13 >= 2.02576834e-15 = 1
1.68783877e+13 != 2.02576834e-15 = 1
2.02576834e-15 > 2.02576834e-15 = 0
2.02576834e-15 >= 2.02576834e-15 = 1
2.02576834e-15 != 2.02576834e-15 = 0
2.02576834e-15 > 5.00940234e+18 = 0
2.02576834e-15 >= 5.00940234e+18 = 0
2.02576834e-15 != 5.00940234e+18 = 1
5.00940234e+18 > 2.05226226e+21 = 0
5.00940234e+18 >= 2.05226226e+21 = 0
5.00940234e+18 != 2.05226226e+21 = 1
2.05226226e+21 > 4.31073232e-07 = 1
2.05226226e+21 >= 4.31073232e-07 = 1
2.05226226e+21 != 4.31073232e-07 = 1
4.31073232e-07 > 389547.018 = 0
4.31073232e-07 >= 389547.018 = 0
4.31073232e-07 != 389547.018 = 1
389547.018 > -1.76810438e-08 = 1
389547.018 >= -1.76810438e-08 = 1
389547.018 != -1.76810438e-08 = 1
-1.76810438e-08 > 2267312.79 = 0
-1.76810438e-08 >= 2267312.79 = 0
-1.76810438e-08 != 2267312.79 = 1
2267312.79 > -7.63352961 = 1
2267312.79 >= -7.63352961 = 1
2267312.79 != -7.63352961 = 1
-7.63352961 > -1.31658542e-06 = 0
-7.63352961 >= -1.31658542e-06 = 0
-7.63352961 != -1.31658542e-06 = 1
-1.31658542e-06 > -5.13049393e+15 = 1
-1.31658542e-06 >= -5.13049393e+15 = 1
-1.31658542e-06 != -5.13049393e+15 = 1
-5.13049393e+15 > 1.68705816e-13 = 0
-5.13049393e+15 >= 1.68705816e-13 = 0
-5.13049393e+15 != 1.68705816e-13 = 1
1.68705816e-13 > -4.18847542e-07 = 1
1.68705816e-13 >= -4.18847542e-07 = 1
1.68705816e-13 != -4.18847542e-07 = 1
-4.18847542e-07 > -4.18847542e-07 = 0
-4.18847542e-07 >= -4.18847542e-07 = 1
-4.18847542e-07 != -4.18847542e-07 = 0
-4.18847542e-07 > -2.78884868e-07 = 0
-4.18847542e-07 >= -2.78884868e-07 = 0
-4.18847542e-07 != -2.78884868e-07 = 1
-2.78884868e-07 > -8.38001852e-12 = 0
-2.78884868e-07 >= -8.38001852e-12 = 0
-2.78884868e-07 != -8.38001852e-12 = 1
-8.38001852e-12 > -3.50559767e-12 = 0
-8.38001852e-12 >= -3.50559767e-12 = 0
-8.38001852e-12 != -3.50559767e-12 = 1
-3.50559767e-12 > -2.6544774e-05 = 1
-3.50559767e-12 >= -2.6544774e-05 = 1
-3.50559767e-12 != -2.6544774e-05 = 1
-2.6544774e-05 > 2.75256493e+10 = 0
-2.6544774e-05 >= 2.75256493e+10 = 0
-2.6544774e-05 != 2.75256493e+10 = 1
2.75256493e+10 > -66369709.3 = 1
2.75256493e+10 >= -66369709.3 = 1
2.75256493e+10 != -66369709.3 = 1
-66369709.3 > 1.0987748e-05 = 0
-66369709.3 >= 1.0987748e-05 = 0
-66369709.3 != 1.0987748e-05 = 1
1.0987748e-05 > 3.54807924e-15 = 1
1.0987748e-05 >= 3.54807924e-15 = 1
1.0987748e-05 != 3.54807924e-15 = 1
3.54807924e-15 > 3.12271024e+13 = 0
3.54807924e-15 >= 3.12271024e+13 = 0
3.54807924e-15 != 3.12271024e+13 = 1
3.12271024e+13 > 1.86994495e-10 = 1
3.12271024e+13 >= 1.86994495e-10 = 1
3.12271024e+13 != 1.86994495e-10 = 1
1.86994495e-10 > -928.981133 = 1
1.86994495e-10 >= -928.981133 = 1
1.86994495e-10 != -928.981133 = 1
-928.981133 > -928.981133 = 0
-928.981133 >= -928.981133 = 1
-928.981133 != -928.981133 = 0
-928.981133 > 14126.5244 = 0
-928.981133 >= 14126.5244 = 0
-928.981133 != 14126.5244 = 1
14126.5244 > 8.50598879e+15 = 0
14126.5244 >= 8.50598879e+15 = 0
14126.5244 != 8.50598879e+15 = 1
8.50598879e+15 > 0.0806423906 = 1
8.50598879e+15 >= 0.0806423906 = 1
8.50598879e+15 != 0.0806423906 = 1
0.0806423906 > -2.34440349e-08 = 1
0.0806423906 >= -2.34440349e-08 = 1
0.0806423906 != -2.34440349e-08 = 1
-2.34440349e-08 > 485.497859 = 0
-2.34440349e-08 >= 485.497859 = 0
-2.34440349e-08 != 485.497859 = 1
485.497859 > 26840.2076 = 0
485.497859 >= 26840.2076 = 0
485.497859 != 26840.2076 = 1
26840.2076 > 841315.516 = 0
26840.2076 >= 841315.516 = 0
26840.2076 != 841315.516 = 1
841315.516 > -1.59826698e-14 = 1
841315.516 >= -1.59826698e-14 = 1
841315.516 != -1.59826698e-14 = 1
-1.59826698e-14 > -1.67499774e-08 = 1
-1.59826698e-14 >= -1.67499774e-08 = 1
-1.59826698e-14 != -1.67499774e-08 = 1
-1.67499774e-08 > 4.90409694e+16 = 0
-1.67499774e-08 >= 4.90409694e+16 = 0
-1.67499774e-08 != 4.90409694e+16 = 1
4.90409694e+16 > 4.24556637e-10 = 1
4.90409694e+16 >= 4.24556637e-10 = 1
4.90409694e+16 != 4.24556637e-10 = 1
4.24556637e-10 > 4.24556637e-10 = 0
4.24556637e-10 >= 4.24556637e-10 = 1
4.24556637e-10 != 4.24556637e-10 = 0
4.24556637e-10 > 1.8104683e+14 = 0
4.24556637e-10 >= 1.8104683e+14 = 0
4.24556637e-10 != 1.8104683e+14 = 1
1.8104683e+14 > 1.99821104e+12 = 1
1.8104683e+14 >= 1.99821104e+12 = 1
1.8104683e+14 != 1.99821104e+12 = 1
1.99821104e+12 > -2.24438631e-11 = 1
1.99821104e+12 >= -2.24438631e-11 = 1
1.99821104e+12 != -2.24438631e-11 = 1
-2.24438631e-11 > -2.70454076e+13 = 1
-2.24438631e-11 >= -2.70454076e+13 = 1
-2.24438631e-11 != -2.70454076e+13 = 1
-2.70454076e+13 > 1.27239472e-11 = 0
-2.70454076e+13 >= 1.27239472e-11 = 0
-2.70454076e+13 != 1.27239472e-11 = 1
1.27239472e-11 > -106.253266 = 1
1.27239472e-11 >= -106.253266 = 1
1.27239472e-11 != -106.253266 = 1
-106.253266 > -0.0911026526 = 0
-106.253266 >= -0.0911026526 = 0
-106.253266 != -0.0911026526 = 1
-0.0911026526 > 54180372.7 = 0
-0.0911026526 >= 54180372.7 = 0
-0.0911026526 != 54180372.7 = 1
54180372.7 > 69.7525125 = 1
54180372.7 >= 69.7525125 = 1
54180372.7 != 69.7525125 = 1
69.7525125 > -10062.5624 = 1
69.7525125 >= -10062.5624 = 1
69.7525125 != -10062.5624 = 1
-10062.5624 > 7.79487315e-11 = 0
-10062.5624 >= 7.79487315e-11 = 0
-10062.5624 != 7.79487315e-11 = 1
7.79487315e-11 > 7.79487315e-11 = 0
7.79487315e-11 >= 7.79487315e-11 = 1
7.79487315e-11 != 7.79487315e-11 = 0
7.79487315e-11 > 23.6578916 = 0
7.79487315e-11 >= 23.6578916 = 0
7.79487315e-11 != 23.6578916 = 1
23.6578916 > -1.33046902e+16 = 1
23.6578916 >= -1.33046902e+16 = 1
23.6578916 != -1.33046902e+16 = 1
-1.33046902e+16 > -0.0047550155 = 0
-1.33046902e+16 >= -0.0047550155 = 0
-1.33046902e+16 != -0.0047550155 = 1
-0.0047550155 > -5.00326721e+12 = 1
-0.0047550155 >= -5.00326721e+12 = 1
-0.0047550155 != -5.00326721e+12 = 1
-5.00326721e+12 > -4.98596063e-12 = 0
-5.00326721e+12 >= -4.98596063e-12 = 0
-5.00326721e+12 != -4.98596063e-12 = 1
-4.98596063e-12 > 3.50032943e+14 = 0
-4.98596063e-12 >= 3.50032943e+14 = 0
-4.98596063e-12 != 3.50032943e+14 = 1
3.50032943e+14 > 2.25441018e-16 = 1
3.50032943e+14 >= 2.25441018e-16 = 1
3.50032943e+14 != 2.25441018e-16 = 1
2.25441018e-16 > -0.000162438009 = 1
2.25441018e-16 >= -0.000162438009 = 1
2.25441018e-16 != -0.000162438009 = 1
-0.000162438009 > -55.1275823 = 1
-0.000162438009 >= -55.1275823 = 1
-0.000162438009 != -55.1275823 = 1
-55.1275823 > 6.66282026e-12 = 0
-55.1275823 >= 6.66282026e-12 = 0
-55.1275823 != 6.66282026e-12 = 1
6.66282026e-12 > -1.04072171e+18 = 1
6.66282026e-12 >= -1.04072171e+18 = 1
6.66282026e-12 != -1.04072171e+18 = 1
-1.04072171e+18 > -1.04072171e+18 = 0
-1.04072171e+18 >= -1.04072171e+18 = 1
-1.04072171e+18 != -1.04072171e+18 = 0
-1.04072171e+18 > 1.78834045e+18 = 0
-1.04072171e+18 >= 1.78834045e+18 = 0
-1.04072171e+18 != 1.78834045e+18 = 1
1.78834045e+18 > 6.64834193e+14 = 1
1.78834045e+18 >= 6.64834193e+14 = 1
1.78834045e+18 != 6.64834193e+14 = 1
6.64834193e+14 > -6.35948811e+14 = 1
6.64834193e+14 >= -6.35948811e+14 = 1
6.64834193e+14 != -6.35948811e+14 = 1
-6.35948811e+14 > 5.57959883e+16 = 0
-6.35948811e+14 >= 5.57959883e+16 = 0
-6.35948811e+14 != 5.57959883e+16 = 1
5.57959883e+16 > -0.595395878 = 1
5.57959883e+16 >= -0.595395878 = 1
5.57959883e+16 != -0.595395878 = 1
-0.595395878 > 4.35295477e+19 = 0
-0.595395878 >= 4.35295477e+19 = 0
-0.595395878 != 4.35295477e+19 = 1
4.35295477e+19 > 9.46332917e+14 = 1
4.35295477e+19 >= 9.46332917e+14 = 1
4.35295477e+19 != 9.46332917e+14 = 1
9.46332917e+14 > 5.67960542e-14 = 1
9.46332917e+14 >= 5.67960542e-14 = 1
9.46332917e+14 != 5.67960542e-14 = 1
5.67960542e-14 > -2.22213354e-08 = 1
5.67960542e-14 >= -2.22213354e-08 = 1
5.67960542e-14 != -2.22213354e-08 = 1
-2.22213354e-08 > 8270.67189 = 0
-2.22213354e-08 >= 8270.67189 = 0
-2.22213354e-08 != 8270.67189 = 1
8270.67189 > 6.84797131e+18 = 0
8270.67189 >= 6.84797131e+18 = 0
8270.67189 != 6.84797131e+18 = 1
6.84797131e+18 > 6.84797131e+18 = 0
6.84797131e+18 >= 6.84797131e+18 = 1
6.84797131e+18 != 6.84797131e+18 = 0
6.84797131e+18 > 1.47708186e-10 = 1
6.84797131e+18 >= 1.47708186e-10 = 1
6.84797131e+18 != 1.47708186e-10 = 1
1.47708186e-10 > -60.0650475 = 1
1.47708186e-10 >= -60.0650475 = 1
1.47708186e-10 != -60.0650475 = 1
-60.0650475 > 4.49366244e-11 = 0
-60.0650475 >= 4.49366244e-11 = 0
-60.0650475 != 4.49366244e-11 = 1
4.49366244e-11 > -51000.4954 = 1
4.49366244e-11 >= -51000.4954 = 1
4.49366244e-11 != -51000.4954 = 1
-51000.4954 > 2.28921627e+18 = 0
-51000.4954 >= 2.28921627e+18 = 0
-51000.4954 != 2.28921627e+18 = 1
2.28921627e+18 > -6.40532316e+16 = 1
2.28921627e+18 >= -6.40532316e+16 = 1
2.28921627e+18 != -6.40532316e+16 = 1
-6.40532316e+16 > 3.75815108e+13 = 0
-6.40532316e+16 >= 3.75815108e+13 = 0
-6.40532316e+16 != 3.75815108e+13 = 1
3.75815108e+13 > 3.89328438e+12 = 1
3.75815108e+13 >= 3.89328438e+12 = 1
3.75815108e+13 != 3.89328438e+12 = 1
3.89328438e+12 > 681.924808 = 1
3.89328438e+12 >= 681.924808 = 1
3.89328438e+12 != 681.924808 = 1
681.924808 > 0.00186018526 = 1
681.924808 >= 0.00186018526 = 1
681.924808 != 0.00186018526 = 1
0.00186018526 > 3.92293655e+10 = 0
0.00186018526 >= 3.92293655e+10 = 0
0.00186018526 != 3.92293655e+10 = 1
3.92293655e+10 > 3.92293655e+10 = 0
3.92293655e+10 >= 3.92293655e+10 = 1
3.92293655e+10 != 3.92293655e+10 = 0
3.92293655e+10 > 2.19537159e+15 = 0
3.92293655e+10 >= 2.19537159e+15 = 0
3.92293655e+10 != 2.19537159e+15 = 1
2.19537159e+15 > 4.80862226e-06 = 1
2.19537159e+15 >= 4.80862226e-06 = 1
2.19537159e+15 != 4.80862226e-06 = 1
4.80862226e-06 > -122.378598 = 1
4.80862226e-06 >= -122.378598 = 1
4.80862226e-06 != -122.378598 = 1
-122.378598 > 3.50241987e+19 = 0
-122.378598 >= 3.50241987e+19 = 0
-122.378598 != 3.50241987e+19 = 1
3.50241987e+19 > 0.00670206355 = 1
3.50241987e+19 >= 0.00670206355 = 1
3.50241987e+19 != 0.00670206355 = 1
0.00670206355 > 7.10019811e+18 = 0
0.00670206355 >= 7.10019811e+18 = 0
0.00670206355 != 7.10019811e+18 = 1
7.10019811e+18 > 6.5160172e-10 = 1
7.10019811e+18 >= 6.5160172e-10 = 1
7.10019811e+18 != 6.5160172e-10 = 1
6.5160172e-10 > -2.35250402e-05 = 1
6.5160172e-10 >= -2.35250402e-05 = 1
6.5160172e-10 != -2.35250402e-05 = 1
-2.35250402e-05 > 1.79895734e+20 = 0
-2.35250402e-05 >= 1.79895734e+20 = 0
-2.35250402e-05 != 1.79895734e+20 = 1
1.79895734e+20 > 2.12353165e-12 = 1
1.79895734e+20 >= 2.12353165e-12 = 1
1.79895734e+20 != 2.12353165e-12 = 1
2.12353165e-12 > 8.37600231e-05 = 0
2.12353165e-12 >= 8.37600231e-05 = 0
2.12353165e-12 != 8.37600231e-05 = 1
8.37600231e-05 > 8.37600231e-05 = 0
8.37600231e-05 >= 8.37600231e-05 = 1
8.37600231e-05 != 8.37600231e-05 = 0
8.37600231e-05 > -1.31845046e+17 = 1
8.37600231e-05 >= -1.31845046e+17 = 1
8.37600231e-05 != -1.31845046e+17 = 1
-1.31845046e+17 > -2.63580146e-10 = 0
-1.31845046e+17 >= -2.63580146e-10 = 0
-1.31845046e+17 != -2.63580146e-10 = 1
-2.63580146e-10 > -1.29940514e+18 = 1
-2.63580146e-10 >= -1.29940514e+18 = 1
-2.63580146e-10 != -1.29940514e+18 = 1
-1.29940514e+18 > 5.15433404e-08 = 0
-1.29940514e+18 >= 5.15433404e-08 = 0
-1.29940514e+18 != 5.15433404e-08 = 1
5.15433404e-08 > -3.54596123e+19 = 1
5.15433404e-08 >= -3.54596123e+19 = 1
5.15433404e-08 != -3.54596123e+19 = 1
-3.54596123e+19 > 5.76258835e-10 = 0
-3.54596123e+19 >= 5.76258835e-10 = 0
-3.54596123e+19 != 5.76258835e-10 = 1
5.76258835e-10 > -1.30344037e-05 = 1
5.76258835e-10 >= -1.30344037e-05 = 1
5.76258835e-10 != -1.30344037e-05 = 1
-1.30344037e-05 > -1.13157215e-05 = 0
-1.30344037e-05 >= -1.13157215e-05 = 0
-1.30344037e-05 != -1.13157215e-05 = 1
-1.13157215e-05 > -0.0340088872 = 1
-1.13157215e-05 >= -0.0340088872 = 1
-1.13157215e-05 != -0.0340088872 = 1
-0.0340088872 > -6.03701033e+17 = 1
-0.0340088872 >= -6.03701033e+17 = 1
-0.0340088872 != -6.03701033e+17 = 1
-6.03701033e+17 > 780.96952 = 0
-6.03701033e+17 >= 780.96952 = 0
-6.03701033e+17 != 780.96952 = 1
780.96952 > 780.96952 = 0
780.96952 >= 780.96952 = 1
780.96952 != 780.96952 = 0
780.96952 > 1.45708929e+10 = 0
780.96952 >= 1.45708929e+10 = 0
780.96952 != 1.45708929e+10 = 1
1.45708929e+10 > -2.89374568e+14 = 1
1.45708929e+10 >= -2.89374568e+14 = 1
1.45708929e+10 != -2.89374568e+14 = 1
-2.89374568e+14 > 87.4962602 = 0
-2.89374568e+14 >= 87.4962602 = 0
-2.89374568e+14 != 87.4962602 = 1
87.4962602 > -3.43362413e+09 = 1
87.4962602 >= -3.43362413e+09 = 1
87.4962602 != -3.43362413e+09 = 1
-3.43362413e+09 > -2.71063621e+15 = 1
-3.43362413e+09 >= -2.71063621e+15 = 1
-3.43362413e+09 != -2.71063621e+15 = 1
-2.71063621e+15 > -8.32129051e+15 = 1
-2.71063621e+15 >= -8.32129051e+15 = 1
-2.71063621e+15 != -8.32129051e+15 = 1
-8.32129051e+15 > 882290.738 = 0
-8.32129051e+15 >= 882290.738 = 0
-8.32129051e+15 != 882290.738 = 1
882290.738 > 8.1690211e-13 = 1
882290.738 >= 8.1690211e-13 = 1
882290.738 != 8.1690211e-13 = 1
8.1690211e-13 > -6.13616035e-17 = 1
8.1690211e-13 >= -6.13616035e-17 = 1
8.1690211e-13 != -6.13616035e-17 = 1
-6.13616035e-17 > -5.25324392e-05 = 1
-6.13616035e-17 >= -5.25324392e-05 = 1
-6.13616035e-17 != -5.25324392e-05 = 1
-5.25324392e-05 > -6.41206091e+12 = 1
-5.25324392e-05 >= -6.41206091e+12 = 1
-5.25324392e-05 != -6.41206091e+12 = 1
-6.41206091e+12 > -6.41206091e+12 = 0
-6.41206091e+12 >= -6.41206091e+12 = 1
-6.41206091e+12 != -6.41206091e+12 = 0
-6.41206091e+12 > -4.05028134e-16 = 0
-6.41206091e+12 >= -4.05028134e-16 = 0
-6.41206091e+12 != -4.05028134e-16 = 1
-4.05028134e-16 > -4.81969263e+20 = 1
-4.05028134e-16 >= -4.81969263e+20 = 1
-4.05028134e-16 != -4.81969263e+20 = 1
-4.81969263e+20 > 10.3456892 = 0
-4.81969263e+20 >= 10.3456892 = 0
-4.81969263e+20 != 10.3456892 = 1
10.3456892 > -6.95097066e+09 = 1
10.3456892 >= -6.95097066e+09 = 1
10.3456892 != -6.95097066e+09 = 1
-6.95097066e+09 > 44590255 = 0
-6.95097066e+09 >= 44590255 = 0
-6.95097066e+09 != 44590255 = 1
44590255 > -4993226.26 = 1
44590255 >= -4993226.26 = 1
44590255 != -4993226.26 = 1
-4993226.26 > 1.34902634e-13 = 0
-4993226.26 >= 1.34902634e-13 = 0
-4993226.26 != 1.34902634e-13 = 1
1.34902634e-13 > -9.7503944e+09 = 1
1.34902634e-13 >= -9.7503944e+09 = 1
1.34902634e-13 != -9.7503944e+09 = 1
-9.7503944e+09 > -2.51155821e-11 = 0
-9.7503944e+09 >= -2.51155821e-11 = 0
-9.7503944e+09 != -2.51155821e-11 = 1
-2.51155821e-11 > 0.00599091527 = 0
-2.51155821e-11 >= 0.00599091527 = 0
-2.51155821e-11 != 0.00599091527 = 1
0.00599091527 > -1.51250089e-15 = 1
0.00599091527 >= -1.51250089e-15 = 1
0.00599091527 != -1.51250089e-15 = 1
-1.51250089e-15 > -1.51250089e-15 = 0
-1.51250089e-15 >= -1.51250089e-15 = 1
-1.51250089e-15 != -1.51250089e-15 = 0
-1.51250089e-15 > 1.94597114e+19 = 0
-1.51250089e-15 >= 1.94597114e+19 = 0
-1.51250089e-15 != 1.94597114e+19 = 1
1.94597114e+19 > -432554.819 = 1
1.94597114e+19 >= -432554.819 = 1
1.94597114e+19 != -432554.819 = 1
-432554.819 > -8.2809018e-16 = 0
-432554.819 >= -8.2809018e-16 = 0
-432554.819 != -8.2809018e-16 = 1
-8.2809018e-16 > -1.24020811e-16 = 0
-8.2809018e-16 >= -1.24020811e-16 = 0
-8.2809018e-16 != -1.24020811e-16 = 1
-1.24020811e-16 > -2.25523486e+16 = 1
-1.24020811e-16 >= -2.25523486e+16 = 1
-1.24020811e-16 != -2.25523486e+16 = 1
-2.25523486e+16 > 3.95159398e+12 = 0
-2.25523486e+16 >= 3.95159398e+12 = 0
-2.25523486e+16 != 3.95159398e+12 = 1
3.95159398e+12 > -2.91924322e-07 = 1
3.95159398e+12 >= -2.91924322e-07 = 1
3.95159398e+12 != -2.91924322e-07 = 1
-2.91924322e-07 > -7.30485702e-10 = 0
-2.91924322e-07 >= -7.30485702e-10 = 0
-2.91924322e-07 != -7.30485702e-10 = 1
-7.30485702e-10 > -6.93033355 = 1
-7.30485702e-10 >= -6.93033355 = 1
-7.30485702e-10 != -6.93033355 = 1
-6.93033355 > 898924640 = 0
-6.93033355 >= 898924640 = 0
-6.93033355 != 898924640 = 1
898924640 > -6.2353444e-16 = 1
898924640 >= -6.2353444e-16 = 1
898924640 != -6.2353444e-16 = 1
-6.2353444e-16 > -6.2353444e-16 = 0
-6.2353444e-16 >= -6.2353444e-16 = 1
-6.2353444e-16 != -6.2353444e-16 = 0
-6.2353444e-16 > -2.90339646e-13 = 1
-6.2353444e-16 >= -2.90339646e-13 = 1
-6.2353444e-16 != -2.90339646e-13 = 1
-2.90339646e-13 > 2.45215132e+09 = 0
-2.90339646e-13 >= 2.45215132e+09 = 0
-2.90339646e-13 != 2.45215132e+09 = 1
2.45215132e+09 > 7.39196148e+09 = 0
2.45215132e+09 >= 7.39196148e+09 = 0
2.45215132e+09 != 7.39196148e+09 = 1
7.39196148e+09 > -99.752478 = 1
7.39196148e+09 >= -99.752478 = 1
7.39196148e+09 != -99.752478 = 1
-99.752478 > -2.72274693e-08 = 0
-99.752478 >= -2.72274693e-08 = 0
-99.752478 != -2.72274693e-08 = 1
-2.72274693e-08 > -203949704 = 1
-2.72274693e-08 >= -203949704 = 1
-2.72274693e-08 != -203949704 = 1
-203949704 > 3.34827577e-06 = 0
-203949704 >= 3.34827577e-06 = 0
-203949704 != 3.34827577e-06 = 1
3.34827577e-06 > 4.09285493e-05 = 0
3.34827577e-06 >= 4.09285493e-05 = 0
3.34827577e-06 != 4.09285493e-05 = 1
4.09285493e-05 > 7.95998301e+10 = 0
4.09285493e-05 >= 7.95998301e+10 = 0
4.09285493e-05 != 7.95998301e+10 = 1
7.95998301e+10 > -0.00105147788 = 1
7.95998301e+10 >= -0.00105147788 = 1
7.95998301e+10 != -0.00105147788 = 1
-0.00105147788 > 781.922414 = 0
-0.00105147788 >= 781.922414 = 0
-0.00105147788 != 781.922414 = 1
781.922414 > 781.922414 = 0
781.922414 >= 781.922414 = 1
781.922414 != 781.922414 = 0
781.922414 > -10.2666767 = 1
781.922414 >= -10.2666767 = 1
781.922414 != -10.2666767 = 1
-10.2666767 > -1.42583858e-11 = 0
-10.2666767 >= -1.42583858e-11 = 0
-10.2666767 != -1.42583858e-11 = 1
-1.42583858e-11 > -0.00370107871 = 1
-1.42583858e-11 >= -0.00370107871 = 1
-1.42583858e-11 != -0.00370107871 = 1
-0.00370107871 > 2.31383439e-08 = 0
-0.00370107871 >= 2.31383439e-08 = 0
-0.00370107871 != 2.31383439e-08 = 1
2.31383439e-08 > -1.14965544e+11 = 1
2.31383439e-08 >= -1.14965544e+11 = 1
2.31383439e-08 != -1.14965544e+11 = 1
-1.14965544e+11 > 2.89296362e-05 = 0
-1.14965544e+11 >= 2.89296362e-05 = 0
-1.14965544e+11 != 2.89296362e-05 = 1
2.89296362e-05 > 3.03483101e-18 = 1
2.89296362e-05 >= 3.03483101e-18 = 1
2.89296362e-05 != 3.03483101e-18 = 1
3.03483101e-18 > 4.18908253e+18 = 0
3.03483101e-18 >= 4.18908253e+18 = 0
3.03483101e-18 != 4.18908253e+18 = 1
4.18908253e+18 > 5.30392642e-10 = 1
4.18908253e+18 >= 5.30392642e-10 = 1
4.18908253e+18 != 5.30392642e-10 = 1
5.30392642e-10 > -1.90733388e+11 = 1
5.30392642e-10 >= -1.90733388e+11 = 1
5.30392642e-10 != -1.90733388e+11 = 1
-1.90733388e+11 > 3.78241531e+13 = 0
-1.90733388e+11 >= 3.78241531e+13 = 0
-1.90733388e+11 != 3.78241531e+13 = 1
3.78241531e+13 > 3.78241531e+13 = 0
3.78241531e+13 >= 3.78241531e+13 = 1
3.78241531e+13 != 3.78241531e+13 = 0
3.78241531e+13 > -8.52515479e+12 = 1
3.78241531e+13 >= -8.52515479e+12 = 1
3.78241531e+13 != -8.52515479e+12 = 1
-8.52515479e+12 > -2.05579574e-11 = 0
-8.52515479e+12 >= -2.05579574e-11 = 0
-8.52515479e+12 != -2.05579574e-11 = 1
-2.05579574e-11 > 3354640.63 = 0
-2.05579574e-11 >= 3354640.63 = 0
-2.05579574e-11 != 3354640.63 = 1
3354640.63 > 39992.9435 = 1
3354640.63 >= 39992.9435 = 1
3354640.63 != 39992.9435 = 1
39992.9435 > -1827.81237 = 1
39992.9435 >= -1827.81237 = 1
39992.9435 != -1827.81237 = 1
-1827.81237 > -3.54460107e-05 = 0
-1827.81237 >= -3.54460107e-05 = 0
-1827.81237 != -3.54460107e-05 = 1
-3.54460107e-05 > 0.0172486406 = 0
-3.54460107e-05 >= 0.0172486406 = 0
-3.54460107e-05 != 0.0172486406 = 1
------------ fmul
0 * -1.19475493e-06 = 0
-1.19475493e-06 * 4135042.44 = -4.94036233
4135042.44 * 4.47323042e+10 = 1.84969976e+17
4.47323042e+10 * 316232.276 = 1.41457983e+16
316232.276 * -2.13811675e+11 = -6.76141526e+16
-2.13811675e+11 * -4.7751254e+18 = 1.02097756e+30
-4.7751254e+18 * -1.51755323e-16 = 724.6507
-1.51755323e-16 * 1.50951335e-05 = -2.29076687e-21
1.50951335e-05 * -3.60453829e+10 = -544109.867
-3.60453829e+10 * 4.12781956e+20 = -1.48788837e+31
4.12781956e+20 * -79.126973 = -3.26621867e+22
-79.126973 * 0.00335114505 = -0.265165964
0.00335114505 * 1.97965548e-06 = 6.63411264e-09
1.97965548e-06 * -4.14914895e+09 = -8213.88544
-4.14914895e+09 * -2.2159363e-12 = 0.00919424975
-2.2159363e-12 * -4.36051079 = 9.66261411e-12
-4.36051079 * -1.04184605e-07 = 4.54298093e-07
-1.04184605e-07 * 8878.60638 = -0.000925014098
8878.60638 * 1.35944827e+10 = 1.20700061e+14
1.35944827e+10 * -0.00124549445 = -16931852.8
-0.00124549445 * 75482.8127 = -94.0134246
75482.8127 * -0.000173238559 = -13.0765337
-0.000173238559 * -1.87553736e-17 = 3.24915389e-21
-1.87553736e-17 * 0.0072421903 = -1.35829984e-19
0.0072421903 * 0.506971685 = 0.00367158542
0.506971685 * -0.280401854 = -0.1421558
-0.280401854 * 2.25831057e+09 = -633234469
2.25831057e+09 * 7.81760611e-11 = 0.176545825
7.81760611e-11 * 6.22241165e+17 = 48644363.4
6.22241165e+17 * 0.0105471626 = 6.56287874e+15
0.0105471626 * -133527880 = -1408340.26
-133527880 * 0.166789718 = -22271077.4
0.166789718 * 1.22104916e-14 = 2.03658446e-15
1.22104916e-14 * 1.53079227e-07 = 1.86917263e-21
1.53079227e-07 * -9.29384786e+15 = -1.42269505e+09
-9.29384786e+15 * 4115603.38 = -3.82497917e+22
4115603.38 * 38.814916 = 159746799
38.814916 * 1.73380718e-06 = 6.72975801e-05
1.73380718e-06 * 201508634 = 349.377118
201508634 * 53787507.2 = 1.08386471e+16
53787507.2 * -0.0139042957 = -747877.403
-0.0139042957 * 1.32238635e-13 = -1.83868508e-15
1.32238635e-13 * 740850746 = 9.79690917e-05
740850746 * -1.27271878e+10 = -9.42894656e+18
-1.27271878e+10 * -4.34793285e-08 = 553.369578
-4.34793285e-08 * 22.3779958 = -9.72980231e-07
22.3779958 * -5.62554658e-11 = -1.25888458e-09
-5.62554658e-11 * -1.7877731e+14 = 10057.2009
-1.7877731e+14 * 6.80437229e+17 = -1.21646738e+32
6.80437229e+17 * 533.907356 = 3.63290442e+20
533.907356 * -2.91517615e+13 = -1.55643399e+16
-2.91517615e+13 * 4.12431487e+10 = -1.20231044e+24
4.12431487e+10 * -5.02834084e-14 = -0.00207384609
-5.02834084e-14 * 0.013324497 = -6.70001123e-16
0.013324497 * -6.73344964e+20 = -8.97198295e+18
-6.73344964e+20 * 0.18122841 = -1.22029237e+20
0.18122841 * -11054.6544 = -2003.41744
-11054.6544 * -820.977209 = 9075619.3
-820.977209 * -1.0053869e+15 = 8.25399734e+17
-1.0053869e+15 * -2.37585437e-13 = 238.865287
-2.37585437e-13 * -124438637 = 2.95648079e-05
-124438637 * -8.16812893e-05 = 10164.3083
-8.16812893e-05 * 1.75430056 = -0.000143293532
1.75430056 * -4.4846795e+09 = -7.86747577e+09
-4.4846795e+09 * 229.49807 = -1.02922529e+12
229.49807 * 18872.2388 = 4331142.37
18872.2388 * -191196414 = -3.60830438e+12
-191196414 * -10444621.3 = 1.99697414e+15
-10444621.3 * -34.8151854 = 363631427
-34.8151854 * -3.56766802e+11 = 1.24209024e+13
-3.56766802e+11 * 459.785467 = -1.64036191e+14
459.785467 * -238.554615 = -109683.945
-238.554615 * 0.00016263784 = -0.0387980073
0.00016263784 * 3158080.65 = 513.623415
3158080.65 * 2.52918743e-14 = 7.98737787e-08
2.52918743e-14 * -2.10225488e-12 = -5.31699661e-26
-2.10225488e-12 * -6.41541077e+18 = 13486828.6
-6.41541077e+18 * -8.39417148e+15 = 5.38520582e+34
-8.39417148e+15 * 3.19847578e+11 = -2.68485541e+27
3.19847578e+11 * 22896426.4 = 7.32336652e+18
22896426.4 * 1.13086745e-15 = 2.58928233e-08
1.13086745e-15 * 9.03819762e-14 = 1.02210035e-28
9.03819762e-14 * 2.34031626e-13 = 2.11522409e-26
2.34031626e-13 * 7.63555555e+12 = 1.78696148
7.63555555e+12 * 2.45496517e-08 = 187450.229
2.45496517e-08 * -2.01957561e+19 = -4.95798778e+11
-2.01957561e+19 * -1.2656833e-05 = 2.55614313e+14
-1.2656833e-05 * -6.90496698e-06 = 8.73950142e-11
-6.90496698e-06 * -3.42151279e+14 = 2.36254328e+09
-3.42151279e+14 * -3.10611743e+19 = 1.06276205e+34
-3.10611743e+19 * 2.78376985e+14 = -8.64671606e+33
2.78376985e+14 * 7.20790345e+17 = 2.00651443e+32
7.20790345e+17 * 3.62932048 = 2.61597916e+18
3.62932048 * 0.000221089312 = 0.00080240397
0.000221089312 * 4.73000608e+17 = 1.04575379e+14
4.73000608e+17 * -44735153.2 = -2.11597547e+25
-44735153.2 * 5.00430524e-08 = -2.23868362
5.00430524e-08 * 1.23655525 = 6.1880999e-08
1.23655525 * 9.74346008e-05 = 0.000120483267
9.74346008e-05 * -4.97280703e-14 = -4.84523468e-18
-4.97280703e-14 * -0.742839135 = 3.69399568e-14
-0.742839135 * 2.44478684e-10 = -1.81608334e-10
2.44478684e-10 * 1.12858045e+15 = 275913.863
1.12858045e+15 * -228.970889 = -2.58412069e+17
-228.970889 * 0.000315947984 = -0.0723428908
0.000315947984 * 1.86791648 = 0.000590164445
1.86791648 * -2.05440655e+18 = -3.83745984e+18
-2.05440655e+18 * 1.66768106e-13 = -342609.488
1.66768106e-13 * 3.53408135e-17 = 5.89372052e-30
3.53408135e-17 * 2.55882955e+10 = 9.04311178e-07
2.55882955e+10 * 2.2510809e-13 = 0.00576013233
2.2510809e-13 * 0.00257592749 = 5.79862118e-16
0.00257592749 * 0.000658554221 = 1.69638792e-06
0.000658554221 * 1.80425141e-07 = 1.18819738e-10
1.80425141e-07 * -2.08137946e+18 = -3.75533184e+11
-2.08137946e+18 * -3.25587576e+21 = [SIGFPE 4 2] 123456789
-3.25587576e+21 * -2.23556394e+10 = 7.27871845e+31
-2.23556394e+10 * 3.03548073e-16 = -6.78601126e-06
3.03548073e-16 * -9.64386456e-12 = -2.9273765e-27
-9.64386456e-12 * -9.28310893 = 8.95250452e-11
-9.28310893 * -7.42643434e+18 = 6.89403989e+19
-7.42643434e+18 * -523599707 = 3.88847884e+27
-523599707 * -3.28625947e+13 = 1.7206845e+22
-3.28625947e+13 * 6.92430698e+18 = -2.27550694e+32
6.92430698e+18 * 8.39375839e+20 = [SIGFPE 4 2] 123456789
8.39375839e+20 * -2.96083816e-06 = -2.48525602e+15
-2.96083816e-06 * 3.39127725e-12 = -1.00410231e-17
3.39127725e-12 * 5.1271192e+12 = 17.3874827
5.1271192e+12 * -6.55543574e-16 = -0.00336105004
-6.55543574e-16 * 5.28036453e+15 = -3.46150903
5.28036453e+15 * -3.74619125e-16 = -1.97812554
-3.74619125e-16 * 0.322822836 = -1.20935608e-16
0.322822836 * 1.36287645e-13 = 4.3996764e-14
1.36287645e-13 * -2190513.75 = -2.9853996e-07
-2190513.75 * 9.73610074e+13 = -2.13270626e+20
9.73610074e+13 * -6.98717591e+20 = -6.80278486e+34
-6.98717591e+20 * 1.86455077e-16 = -130279.442
1.86455077e-16 * 14478.6884 = 2.69962496e-12
14478.6884 * 0.000118653822 = 1.71795171
0.000118653822 * 3.92919397e-14 = 4.66213881e-18
3.92919397e-14 * -3.28151821e-10 = -1.28937216e-23
-3.28151821e-10 * -5.62627677e+20 = 1.84627297e+11
-5.62627677e+20 * 0.00188927002 = -1.0629556e+18
0.00188927002 * -15.235538 = -0.028784045
-15.235538 * -1646.62335 = 25087.1926
-1646.62335 * 4.23733836e+17 = -6.9773003e+20
4.23733836e+17 * 0.000100408448 = 4.2546457e+13
0.000100408448 * -4.4220646e+14 = -4.44012645e+10
-4.4220646e+14 * -6.83558227e-11 = 30227.3864
-6.83558227e-11 * 809.915048 = -5.53624095e-08
809.915048 * -3.66133755e+12 = -2.96537238e+15
-3.66133755e+12 * 0.000297215352 = -1.08820573e+09
0.000297215352 * -1422965 = -422.927042
-1422965 * -87657.3706 = 1.2473337e+11
-87657.3706 * -1.98198756e+19 = 1.73735818e+24
-1.98198756e+19 * -1.25689738e+10 = 2.49115498e+29
-1.25689738e+10 * -8.1300083e+19 = 1.02185862e+30
-8.1300083e+19 * -3.6588212e-11 = 2.97462467e+09
-3.6588212e-11 * 16.5953841 = -6.07195432e-10
16.5953841 * 7.64164068 = 126.815962
7.64164068 * -9966.50647 = -76160.4613
-9966.50647 * 3.12921487e+10 = -3.11873403e+14
3.12921487e+10 * 3.58789421e+21 = 1.12272919e+32
3.58789421e+21 * -2.80839026e-14 = -100762071
-2.80839026e-14 * -2.21943661e-13 = 6.23304416e-27
-2.21943661e-13 * 1.10554598e+17 = -24536.8922
1.10554598e+17 * 480686.505 = 5.31421032e+22
480686.505 * 0.00721164481 = 3466.54034
0.00721164481 * -2.89666101e-14 = -2.08896903e-16
-2.89666101e-14 * 9.70157482e+14 = -28.1021735
9.70157482e+14 * -1579.78192 = -1.53263725e+18
-1579.78192 * -16.1283174 = 25479.2241
-16.1283174 * 3.73537919e-12 = -6.02453811e-11
3.73537919e-12 * 82482250.8 = 0.000308102483
82482250.8 * 4.82917161e+10 = 3.98320944e+18
4.82917161e+10 * -4.25815402e-05 = -2056335.65
-4.25815402e-05 * -4.37210641e-07 = 1.86171025e-11
-4.37210641e-07 * 4.33536313e+20 = -1.89546689e+14
4.33536313e+20 * 5746745.63 = 2.49142291e+27
5746745.63 * 571120422 = 3.28208379e+15
571120422 * 0.0412105811 = 23536204.5
0.0412105811 * -0.00358300428 = -0.000147657689
-0.00358300428 * 1.36650839e-07 = -4.8962054e-10
1.36650839e-07 * 0.00611303973 = 8.35352007e-10
0.00611303973 * 37.8150657 = 0.231164999
37.8150657 * -5.05291385e+09 = -1.91076269e+11
-5.05291385e+09 * 55.3152372 = -2.79503128e+11
55.3152372 * -674967.845 = -37336006.4
-674967.845 * 5.06446475e-15 = -3.41835086e-09
5.06446475e-15 * 2.25531501e+16 = 114.219634
2.25531501e+16 * 6.41070007e+20 = 1.44581481e+37
6.41070007e+20 * 5.5119354e-11 = 3.53353647e+10
5.5119354e-11 * -0.0186779052 = -1.02951407e-12
-0.0186779052 * 4.49948172e+19 = -8.40408931e+17
4.49948172e+19 * -0.00232885706 = -1.04786498e+17
-0.00232885706 * -168.252612 = 0.391836282
-168.252612 * -1.52153653e-11 = 2.56002494e-09
-1.52153653e-11 * -3.18293892e-16 = 4.84295783e-27
-3.18293892e-16 * -0.000212227899 = 6.75508441e-20
-0.000212227899 * 4.8154e-12 = -1.02196223e-15
------------ fdiv
0 / -4.33357752e-10 = 0
-4.33357752e-10 / 4.64274513e-09 = -0.0933408448
4.64274513e-09 / 6.21268805e+09 = 7.47300538e-19
6.21268805e+09 / -4.42925839e+11 = -0.0140264747
-4.42925839e+11 / 43119.3173 = -10272097.7
43119.3173 / -41601716.7 = -0.00103647928
-41601716.7 / 3.10586743 = -13394556.5
3.10586743 / 11.704149 = 0.265364653
11.704149 / -4.59554867e-08 = -254684474
-4.59554867e-08 / 0.136512841 = -3.36638564e-07
0.136512841 / -8.83126538e+17 = -1.54579027e-19
-8.83126538e+17 / 6.0880046e+20 = -0.00145060097
6.0880046e+20 / -3.80502079e+20 = -1.59999247
-3.80502079e+20 / 1000.97585 = -3.80131128e+17
1000.97585 / 5.41088499e+16 = 1.84993001e-14
5.41088499e+16 / -3.90154266e+21 = -1.38685783e-05
-3.90154266e+21 / 7.79937706e-07 = -5.00237729e+27
7.79937706e-07 / -1.52711104e+18 = -5.10727566e-25
-1.52711104e+18 / -243416.987 = 6.27364204e+12
-243416.987 / 5.09739177e-15 = -4.77532428e+19
5.09739177e-15 / -3.43623802e+20 = -1.4834222e-35
-3.43623802e+20 / -3.29425507e-05 = 1.04310017e+25
-3.29425507e-05 / -2.07587794e+17 = 1.58692137e-22
-2.07587794e+17 / -2.85174544e-06 = 7.27932414e+22
-2.85174544e-06 / -0.0780247441 = 3.65492444e-05
-0.0780247441 / 87259.5273 = -8.94168769e-07
87259.5273 / 0.000929400799 = 93887940.9
0.000929400799 / 9.07951305e-14 = 1.02362406e+10
9.07951305e-14 / 3.69011631e+19 = 2.46049509e-33
3.69011631e+19 / 8.0357639e+18 = 4.59211639
8.0357639e+18 / -0.000380183553 = -2.11365375e+22
-0.000380183553 / -1.22749318e+11 = 3.09723557e-15
-1.22749318e+11 / -1.95353438e-13 = 6.28344802e+23
-1.95353438e-13 / 2.75874838e+09 = -7.08123436e-23
2.75874838e+09 / 5.26878182e-17 = 5.23602699e+25
5.26878182e-17 / 4.99764889e-06 = 1.0542521e-11
4.99764889e-06 / -1.14299265e-12 = -4372424.34
-1.14299265e-12 / 5.85799645e+16 = -1.95116652e-29
5.85799645e+16 / -41728687.2 = -1.40382956e+09
-41728687.2 / 8.2596222e-08 = -5.05213026e+14
8.2596222e-08 / 1.64641746e-12 = 50167.2413
1.64641746e-12 / 3.00337846e-12 = 0.548188475
3.00337846e-12 / 0.0121829601 = 2.46522885e-10
0.0121829601 / -2.49627772e-09 = -4880450.6
-2.49627772e-09 / -26523753.6 = 9.41147983e-17
-26523753.6 / -9.23859568e+16 = 2.87097244e-10
-9.23859568e+16 / 1.40335481e+13 = -6583.22157
1.40335481e+13 / -26523884.5 = -529090.984
-26523884.5 / 608870518 = -0.0435624384
608870518 / -6.52793677e-12 = -9.32715098e+19
-6.52793677e-12 / 0.098217034 = -6.64644054e-11
0.098217034 / 684879.602 = 1.43407737e-07
684879.602 / -0.00331468 = -206620127
-0.00331468 / 201947.258 = -1.64135925e-08
201947.258 / -0.0562964351 = -3587212.17
-0.0562964351 / -0.000403076364 = 139.666922
-0.000403076364 / 4.03146657e-12 = -99982563.9
4.03146657e-12 / 1.39280389 = 2.89449691e-12
1.39280389 / 9.97179569e-12 = 1.39674331e+11
9.97179569e-12 / 5.78971136e-05 = 1.72233037e-07
5.78971136e-05 / -1.25581695e-11 = -4610314.71
-1.25581695e-11 / -125.914003 = 9.97360836e-14
-125.914003 / -4.40615527e+10 = 2.8576842e-09
-4.40615527e+10 / -5614.54168 = 7847755.93
-5614.54168 / 0.0171588706 = -327209.279
0.0171588706 / 3.62913997e-09 = 4728081.79
3.62913997e-09 / -5.0047957e+09 = -7.2513249e-19
-5.0047957e+09 / -2501798.55 = 2000.4791
-2501798.55 / 6876.65207 = -363.810547
6876.65207 / -3.05026312e-06 = -2.25444553e+09
-3.05026312e-06 / -69.4970529 = 4.38905392e-08
-69.4970529 / -6.69130027e-12 = 1.03861806e+13
-6.69130027e-12 / 451247642 = -1.48284437e-20
451247642 / 1.36213867e-12 = 3.31278783e+20
1.36213867e-12 / -4.59562358e-07 = -2.96399095e-06
-4.59562358e-07 / -1.77125525e+14 = 2.5945575e-21
-1.77125525e+14 / 1.15838384e-15 = -1.52907455e+29
1.15838384e-15 / 1.41234977 = 8.20181986e-16
1.41234977 / 5.73931348e-11 = 2.46083399e+10
5.73931348e-11 / -8.63829376e+11 = -6.64403601e-23
-8.63829376e+11 / -0.000182773291 = 4.72623418e+15
-0.000182773291 / -0.00574674246 = 0.0318046776
-0.00574674246 / -2.18850414e-09 = 2625876.9
-2.18850414e-09 / -3982.65503 = 5.49508837e-13
-3982.65503 / 3.02117871e+20 = -1.31824543e-17
3.02117871e+20 / -0.493291056 = -6.12453575e+20
-0.493291056 / -4.56863296e+09 = 1.07973449e-10
-4.56863296e+09 / 1.0848147e+10 = -0.421144088
1.0848147e+10 / 0.000642092498 = 1.6894991e+13
0.000642092498 / 3883.81103 = 1.65325371e-07
3883.81103 / -1.25272179e+18 = -3.10029814e-15
-1.25272179e+18 / -569558.535 = 2.19946101e+12
-569558.535 / -0.69597546 = 818360.083
-0.69597546 / 1.77056745e+12 = -3.93080455e-13
1.77056745e+12 / -164807402 = -10743.252
-164807402 / 6.69425999e-16 = -2.46192115e+23
6.69425999e-16 / 9.63441534e+15 = 6.94827839e-32
9.63441534e+15 / 215665048 = 44673049.3
215665048 / 2.55698343e+17 = 8.43435455e-10
2.55698343e+17 / -1.13221126e-14 = -2.2583978e+31
-1.13221126e-14 / 85.7523267 = -1.32032716e-16
85.7523267 / 9.86543698e+14 = 8.69219751e-14
9.86543698e+14 / -1.78558307e-08 = -5.5250507e+22
-1.78558307e-08 / -131290.236 = 1.36002732e-13
-131290.236 / 14.6579999 = -8956.89977
14.6579999 / -1.08685727e-05 = -1348659.14
-1.08685727e-05 / 2.00932592e+11 = -5.40906411e-17
2.00932592e+11 / 1.03187355e-10 = 1.94725983e+21
1.03187355e-10 / -5.90999355e+18 = -1.74598084e-29
-5.90999355e+18 / -1.03451418e-13 = 5.71282023e+31
-1.03451418e-13 / 4.06690288e-10 = -0.000254373958
4.06690288e-10 / 4.10805688e+12 = 9.89982125e-23
4.10805688e+12 / -2.87298206e-18 = -1.42989298e+30
-2.87298206e-18 / -745.931102 = 3.8515381e-21
-745.931102 / 8.6285016e-13 = -8.64496684e+14
8.6285016e-13 / -0.00443164237 = -1.94702119e-10
-0.00443164237 / -1.56077144 = 0.00283939227
-1.56077144 / 4.48230371e+17 = -3.48207427e-18
4.48230371e+17 / -2.00087524e+18 = -0.224017151
-2.00087524e+18 / 2.89372235e+14 = -6914.53775
2.89372235e+14 / 9.414848e+09 = 30735.731
9.414848e+09 / -1.39692528e+12 = -0.00673969332
-1.39692528e+12 / 1.92201954e+16 = -7.2680077e-05
1.92201954e+16 / -0.0930583426 = -2.06539198e+17
-0.0930583426 / 64696.2068 = -1.43838947e-06
64696.2068 / -166619.434 = -0.388287281
-166619.434 / -0.00079850563 = 208664069
-0.00079850563 / 5548150.5 = -1.4392285e-10
5548150.5 / 1.84650028e-11 = 3.00468435e+17
1.84650028e-11 / 3.29769385e+20 = 5.59936841e-32
3.29769385e+20 / -5.10373744e+14 = -646133.132
-5.10373744e+14 / 1.1814113e-11 = -4.3200344e+25
1.1814113e-11 / -157467442 = -7.50257502e-20
-157467442 / -1.85587783 = 84847956.8
-1.85587783 / -4.42327135e-16 = 4.19571327e+15
-4.42327135e-16 / -1.57264998e+21 = 2.8126229e-37
-1.57264998e+21 / -7.16602361e-07 = 2.19459224e+27
-7.16602361e-07 / -375621.386 = 1.90777838e-12
-375621.386 / 2.39345012e+19 = -1.56937211e-14
2.39345012e+19 / -6.17159235e+12 = -3878172.75
-6.17159235e+12 / -3.48083001e+19 = 1.77302319e-07
-3.48083001e+19 / 1.01759694e+14 = -342063.726
1.01759694e+14 / 1.29181985e-13 = 7.87723565e+26
1.29181985e-13 / 1.89972725e-13 = 0.680002801
1.89972725e-13 / -2.88892401e-05 = -6.575899e-09
-2.88892401e-05 / -278.495963 = 1.03733066e-07
-278.495963 / 0.00066688876 = -417604.823
0.00066688876 / 136922.391 = 4.8705603e-09
136922.391 / -11.5478806 = -11856.9282
-11.5478806 / -1.05305785e+17 = 1.09660458e-16
-1.05305785e+17 / -2.78235255e-06 = 3.78477504e+22
-2.78235255e-06 / -1.90330472e-12 = 1461853.44
-1.90330472e-12 / -1.33480752e+17 = 1.425902e-29
-1.33480752e+17 / -4.98659412e-16 = 2.676792e+32
-4.98659412e-16 / -4.20447932e-11 = 1.18601942e-05
-4.20447932e-11 / 9.77264865e-12 = -4.30229253
9.77264865e-12 / -3.32326336e-12 = -2.94067836
-3.32326336e-12 / 1.1731802e+17 = -2.83269641e-29
1.1731802e+17 / 2.72091217e+21 = 4.31171654e-05
2.72091217e+21 / 3.12534721e+16 = 87059.5166
3.12534721e+16 / -3.48081413e+19 = -0.000897878225
-3.48081413e+19 / 2.53033536e-13 = -1.37563351e+32
2.53033536e-13 / 73584327.6 = 3.43868789e-21
73584327.6 / 6.04539744e-06 = 1.21719586e+13
6.04539744e-06 / 3.02368593e+10 = 1.99934701e-16
3.02368593e+10 / 4.43909418e-16 = 6.81149308e+25
4.43909418e-16 / -9.62069782e-17 = -4.61410832
-9.62069782e-17 / 4.42206522e+14 = -2.17561192e-31
4.42206522e+14 / -9.72730057e+11 = -454.603535
-9.72730057e+11 / -5.26155144e+18 = 1.8487514e-07
-5.26155144e+18 / -5.48337564e-12 = 9.5954605e+29
-5.48337564e-12 / -1.26835883e-17 = 432320.531
-1.26835883e-17 / 8.06127869e+12 = -1.57339658e-30
8.06127869e+12 / -121.877891 = -6.61422561e+10
-121.877891 / -6.31358227e-16 = 1.93040791e+17
-6.31358227e-16 / -1.35485856e-08 = 4.65995674e-08
-1.35485856e-08 / 5.00404267e+20 = -2.70752798e-29
5.00404267e+20 / -9.28939462e-07 = -5.386834e+26
-9.28939462e-07 / -2.79677787e-14 = 33214631.5
-2.79677787e-14 / -1835.80814 = 1.52345869e-17
-1835.80814 / 3.26695946e+11 = -5.61931717e-09
3.26695946e+11 / 0.00011912961 = 2.74235721e+15
0.00011912961 / -7.87397817e-16 = -1.51295327e+11
-7.87397817e-16 / -4.82851433e-14 = 0.0163072482
-4.82851433e-14 / -816765.875 = 5.91174837e-20
-816765.875 / -0.0207024454 = 39452627.9
-0.0207024454 / 9.53060555e-18 = -2.17220672e+15
9.53060555e-18 / 1.46470117e-08 = 6.50686006e-10
1.46470117e-08 / -5.38403508e+17 = -2.72045251e-26
-5.38403508e+17 / 3.29939149e+09 = -163182668
3.29939149e+09 / 7.32627209e+12 = 0.000450350663
7.32627209e+12 / -2.30646604e-16 = -3.17640579e+28
-2.30646604e-16 / -9.10120565e+17 = 2.53424231e-34
-9.10120565e+17 / 1.05164466e-17 = -8.65425938e+34
1.05164466e-17 / -79065.3453 = -1.33009557e-22
-79065.3453 / -1.98294651e+18 = 3.98726566e-14
-1.98294651e+18 / 0.00370504529 = -5.35201693e+20
0.00370504529 / 217921.503 = 1.70017426e-08
217921.503 / 343.444302 = 634.517742
343.444302 / 189.499892 = 1.81237202
