
00000000 + 00000000 = 00000000	00000000 + 00000000 = 00000000	00000000 + 00000000 = 00000000
00000000 + 00000001 = 00000001	00000000 + 00000001 = 00000001	00000000 + 00000001 = 00000001
00000000 + 01001001 = 01001001	00000000 + 00000002 = 00000002	00000000 + 01001001 = 01001001
00000000 + 10801080 = 10801080	00000000 + 00000003 = 00000003	00000000 + 10801080 = 10801080
00000000 + 000000ff = 000000ff	00000000 + 00000004 = 00000004	00000000 + 000000ff = 000000ff
00000000 + 0000ffff = 0000ffff	00000000 + 00000005 = 00000005	00000000 + 0000ffff = 0000ffff
00000000 + 00ffffff = 00ffffff	00000000 + 00000006 = 00000006	00000000 + 00ffffff = 00ffffff
00000000 + ffffffff = ffffffff	00000000 + 00000007 = 00000007	00000000 + ffffffff = ffffffff
00000000 + 12345678 = 12345678	00000000 + 00000008 = 00000008	00000000 + 12345678 = 12345678
00000000 + abcdeabc = abcdeabc	00000000 + 00000009 = 00000009	00000000 + abcdeabc = abcdeabc
00000000 + 0aa0aa0a = 0aa0aa0a	00000000 + 0000000a = 0000000a	00000000 + 0aa0aa0a = 0aa0aa0a
00000000 + aa0aa0aa = aa0aa0aa	00000000 + 0000000b = 0000000b	00000000 + aa0aa0aa = aa0aa0aa

00000001 + 00000000 = 00000001	00000001 + 00000000 = 00000001	ffffffff + 00000000 = ffffffff
00000001 + 00000001 = 00000002	00000001 + 00000001 = 00000002	ffffffff + 00000001 = 00000000
00000001 + 01001001 = 01001002	00000001 + 00000002 = 00000003	ffffffff + 01001001 = 01001000
00000001 + 10801080 = 10801081	00000001 + 00000003 = 00000004	ffffffff + 10801080 = 1080107f
00000001 + 000000ff = 00000100	00000001 + 00000004 = 00000005	ffffffff + 000000ff = 000000fe
00000001 + 0000ffff = 00010000	00000001 + 00000005 = 00000006	ffffffff + 0000ffff = 0000fffe
00000001 + 00ffffff = 01000000	00000001 + 00000006 = 00000007	ffffffff + 00ffffff = 00fffffe
00000001 + ffffffff = 00000000	00000001 + 00000007 = 00000008	ffffffff + ffffffff = fffffffe
00000001 + 12345678 = 12345679	00000001 + 00000008 = 00000009	ffffffff + 12345678 = 12345677
00000001 + abcdeabc = abcdeabd	00000001 + 00000009 = 0000000a	ffffffff + abcdeabc = abcdeabb
00000001 + 0aa0aa0a = 0aa0aa0b	00000001 + 0000000a = 0000000b	ffffffff + 0aa0aa0a = 0aa0aa09
00000001 + aa0aa0aa = aa0aa0ab	00000001 + 0000000b = 0000000c	ffffffff + aa0aa0aa = aa0aa0a9

01001001 + 00000000 = 01001001	01001001 + 00000000 = 01001001	fffffffe + 00000000 = fffffffe
01001001 + 00000001 = 01001002	01001001 + 00000001 = 01001002	fffffffe + 00000001 = ffffffff
01001001 + 01001001 = 02002002	01001001 + 00000002 = 01001003	fffffffe + 01001001 = 01000fff
01001001 + 10801080 = 11802081	01001001 + 00000003 = 01001004	fffffffe + 10801080 = 1080107e
01001001 + 000000ff = 01001100	01001001 + 00000004 = 01001005	fffffffe + 000000ff = 000000fd
01001001 + 0000ffff = 01011000	01001001 + 00000005 = 01001006	fffffffe + 0000ffff = 0000fffd
01001001 + 00ffffff = 02001000	01001001 + 00000006 = 01001007	fffffffe + 00ffffff = 00fffffd
01001001 + ffffffff = 01001000	01001001 + 00000007 = 01001008	fffffffe + ffffffff = fffffffd
01001001 + 12345678 = 13346679	01001001 + 00000008 = 01001009	fffffffe + 12345678 = 12345676
01001001 + abcdeabc = accdfabd	01001001 + 00000009 = 0100100a	fffffffe + abcdeabc = abcdeaba
01001001 + 0aa0aa0a = 0ba0ba0b	01001001 + 0000000a = 0100100b	fffffffe + 0aa0aa0a = 0aa0aa08
01001001 + aa0aa0aa = ab0ab0ab	01001001 + 0000000b = 0100100c	fffffffe + aa0aa0aa = aa0aa0a8

10801080 + 00000000 = 10801080	10801080 + 00000000 = 10801080	fffffffd + 00000000 = fffffffd
10801080 + 00000001 = 10801081	10801080 + 00000001 = 10801081	fffffffd + 00000001 = fffffffe
10801080 + 01001001 = 11802081	10801080 + 00000002 = 10801082	fffffffd + 01001001 = 01000ffe
10801080 + 10801080 = 21002100	10801080 + 00000003 = 10801083	fffffffd + 10801080 = 1080107d
10801080 + 000000ff = 1080117f	10801080 + 00000004 = 10801084	fffffffd + 000000ff = 000000fc
10801080 + 0000ffff = 1081107f	10801080 + 00000005 = 10801085	fffffffd + 0000ffff = 0000fffc
10801080 + 00ffffff = 1180107f	10801080 + 00000006 = 10801086	fffffffd + 00ffffff = 00fffffc
10801080 + ffffffff = 1080107f	10801080 + 00000007 = 10801087	fffffffd + ffffffff = fffffffc
10801080 + 12345678 = 22b466f8	10801080 + 00000008 = 10801088	fffffffd + 12345678 = 12345675
10801080 + abcdeabc = bc4dfb3c	10801080 + 00000009 = 10801089	fffffffd + abcdeabc = abcdeab9
10801080 + 0aa0aa0a = 1b20ba8a	10801080 + 0000000a = 1080108a	fffffffd + 0aa0aa0a = 0aa0aa07
10801080 + aa0aa0aa = ba8ab12a	10801080 + 0000000b = 1080108b	fffffffd + aa0aa0aa = aa0aa0a7

000000ff + 00000000 = 000000ff	000000ff + 00000000 = 000000ff	fffffffc + 00000000 = fffffffc
000000ff + 00000001 = 00000100	000000ff + 00000001 = 00000100	fffffffc + 00000001 = fffffffd
000000ff + 01001001 = 01001100	000000ff + 00000002 = 00000101	fffffffc + 01001001 = 01000ffd
000000ff + 10801080 = 1080117f	000000ff + 00000003 = 00000102	fffffffc + 10801080 = 1080107c
000000ff + 000000ff = 000001fe	000000ff + 00000004 = 00000103	fffffffc + 000000ff = 000000fb
000000ff + 0000ffff = 000100fe	000000ff + 00000005 = 00000104	fffffffc + 0000ffff = 0000fffb
000000ff + 00ffffff = 010000fe	000000ff + 00000006 = 00000105	fffffffc + 00ffffff = 00fffffb
000000ff + ffffffff = 000000fe	000000ff + 00000007 = 00000106	fffffffc + ffffffff = fffffffb
000000ff + 12345678 = 12345777	000000ff + 00000008 = 00000107	fffffffc + 12345678 = 12345674
000000ff + abcdeabc = abcdebbb	000000ff + 00000009 = 00000108	fffffffc + abcdeabc = abcdeab8
000000ff + 0aa0aa0a = 0aa0ab09	000000ff + 0000000a = 00000109	fffffffc + 0aa0aa0a = 0aa0aa06
000000ff + aa0aa0aa = aa0aa1a9	000000ff + 0000000b = 0000010a	fffffffc + aa0aa0aa = aa0aa0a6

0000ffff + 00000000 = 0000ffff	0000ffff + 00000000 = 0000ffff	fffffffb + 00000000 = fffffffb
0000ffff + 00000001 = 00010000	0000ffff + 00000001 = 00010000	fffffffb + 00000001 = fffffffc
0000ffff + 01001001 = 01011000	0000ffff + 00000002 = 00010001	fffffffb + 01001001 = 01000ffc
0000ffff + 10801080 = 1081107f	0000ffff + 00000003 = 00010002	fffffffb + 10801080 = 1080107b
0000ffff + 000000ff = 000100fe	0000ffff + 00000004 = 00010003	fffffffb + 000000ff = 000000fa
0000ffff + 0000ffff = 0001fffe	0000ffff + 00000005 = 00010004	fffffffb + 0000ffff = 0000fffa
0000ffff + 00ffffff = 0100fffe	0000ffff + 00000006 = 00010005	fffffffb + 00ffffff = 00fffffa
0000ffff + ffffffff = 0000fffe	0000ffff + 00000007 = 00010006	fffffffb + ffffffff = fffffffa
0000ffff + 12345678 = 12355677	0000ffff + 00000008 = 00010007	fffffffb + 12345678 = 12345673
0000ffff + abcdeabc = abceeabb	0000ffff + 00000009 = 00010008	fffffffb + abcdeabc = abcdeab7
0000ffff + 0aa0aa0a = 0aa1aa09	0000ffff + 0000000a = 00010009	fffffffb + 0aa0aa0a = 0aa0aa05
0000ffff + aa0aa0aa = aa0ba0a9	0000ffff + 0000000b = 0001000a	fffffffb + aa0aa0aa = aa0aa0a5

00ffffff + 00000000 = 00ffffff	00ffffff + 00000000 = 00ffffff	fffffffa + 00000000 = fffffffa
00ffffff + 00000001 = 01000000	00ffffff + 00000001 = 01000000	fffffffa + 00000001 = fffffffb
00ffffff + 01001001 = 02001000	00ffffff + 00000002 = 01000001	fffffffa + 01001001 = 01000ffb
00ffffff + 10801080 = 1180107f	00ffffff + 00000003 = 01000002	fffffffa + 10801080 = 1080107a
00ffffff + 000000ff = 010000fe	00ffffff + 00000004 = 01000003	fffffffa + 000000ff = 000000f9
00ffffff + 0000ffff = 0100fffe	00ffffff + 00000005 = 01000004	fffffffa + 0000ffff = 0000fff9
00ffffff + 00ffffff = 01fffffe	00ffffff + 00000006 = 01000005	fffffffa + 00ffffff = 00fffff9
00ffffff + ffffffff = 00fffffe	00ffffff + 00000007 = 01000006	fffffffa + ffffffff = fffffff9
00ffffff + 12345678 = 13345677	00ffffff + 00000008 = 01000007	fffffffa + 12345678 = 12345672
00ffffff + abcdeabc = accdeabb	00ffffff + 00000009 = 01000008	fffffffa + abcdeabc = abcdeab6
00ffffff + 0aa0aa0a = 0ba0aa09	00ffffff + 0000000a = 01000009	fffffffa + 0aa0aa0a = 0aa0aa04
00ffffff + aa0aa0aa = ab0aa0a9	00ffffff + 0000000b = 0100000a	fffffffa + aa0aa0aa = aa0aa0a4

ffffffff + 00000000 = ffffffff	ffffffff + 00000000 = ffffffff	fffffff9 + 00000000 = fffffff9
ffffffff + 00000001 = 00000000	ffffffff + 00000001 = 00000000	fffffff9 + 00000001 = fffffffa
ffffffff + 01001001 = 01001000	ffffffff + 00000002 = 00000001	fffffff9 + 01001001 = 01000ffa
ffffffff + 10801080 = 1080107f	ffffffff + 00000003 = 00000002	fffffff9 + 10801080 = 10801079
ffffffff + 000000ff = 000000fe	ffffffff + 00000004 = 00000003	fffffff9 + 000000ff = 000000f8
ffffffff + 0000ffff = 0000fffe	ffffffff + 00000005 = 00000004	fffffff9 + 0000ffff = 0000fff8
ffffffff + 00ffffff = 00fffffe	ffffffff + 00000006 = 00000005	fffffff9 + 00ffffff = 00fffff8
ffffffff + ffffffff = fffffffe	ffffffff + 00000007 = 00000006	fffffff9 + ffffffff = fffffff8
ffffffff + 12345678 = 12345677	ffffffff + 00000008 = 00000007	fffffff9 + 12345678 = 12345671
ffffffff + abcdeabc = abcdeabb	ffffffff + 00000009 = 00000008	fffffff9 + abcdeabc = abcdeab5
ffffffff + 0aa0aa0a = 0aa0aa09	ffffffff + 0000000a = 00000009	fffffff9 + 0aa0aa0a = 0aa0aa03
ffffffff + aa0aa0aa = aa0aa0a9	ffffffff + 0000000b = 0000000a	fffffff9 + aa0aa0aa = aa0aa0a3

12345678 + 00000000 = 12345678	12345678 + 00000000 = 12345678	fffffff8 + 00000000 = fffffff8
12345678 + 00000001 = 12345679	12345678 + 00000001 = 12345679	fffffff8 + 00000001 = fffffff9
12345678 + 01001001 = 13346679	12345678 + 00000002 = 1234567a	fffffff8 + 01001001 = 01000ff9
12345678 + 10801080 = 22b466f8	12345678 + 00000003 = 1234567b	fffffff8 + 10801080 = 10801078
12345678 + 000000ff = 12345777	12345678 + 00000004 = 1234567c	fffffff8 + 000000ff = 000000f7
12345678 + 0000ffff = 12355677	12345678 + 00000005 = 1234567d	fffffff8 + 0000ffff = 0000fff7
12345678 + 00ffffff = 13345677	12345678 + 00000006 = 1234567e	fffffff8 + 00ffffff = 00fffff7
12345678 + ffffffff = 12345677	12345678 + 00000007 = 1234567f	fffffff8 + ffffffff = fffffff7
12345678 + 12345678 = 2468acf0	12345678 + 00000008 = 12345680	fffffff8 + 12345678 = 12345670
12345678 + abcdeabc = be024134	12345678 + 00000009 = 12345681	fffffff8 + abcdeabc = abcdeab4
12345678 + 0aa0aa0a = 1cd50082	12345678 + 0000000a = 12345682	fffffff8 + 0aa0aa0a = 0aa0aa02
12345678 + aa0aa0aa = bc3ef722	12345678 + 0000000b = 12345683	fffffff8 + aa0aa0aa = aa0aa0a2

abcdeabc + 00000000 = abcdeabc	abcdeabc + 00000000 = abcdeabc	fffffff7 + 00000000 = fffffff7
abcdeabc + 00000001 = abcdeabd	abcdeabc + 00000001 = abcdeabd	fffffff7 + 00000001 = fffffff8
abcdeabc + 01001001 = accdfabd	abcdeabc + 00000002 = abcdeabe	fffffff7 + 01001001 = 01000ff8
abcdeabc + 10801080 = bc4dfb3c	abcdeabc + 00000003 = abcdeabf	fffffff7 + 10801080 = 10801077
abcdeabc + 000000ff = abcdebbb	abcdeabc + 00000004 = abcdeac0	fffffff7 + 000000ff = 000000f6
abcdeabc + 0000ffff = abceeabb	abcdeabc + 00000005 = abcdeac1	fffffff7 + 0000ffff = 0000fff6
abcdeabc + 00ffffff = accdeabb	abcdeabc + 00000006 = abcdeac2	fffffff7 + 00ffffff = 00fffff6
abcdeabc + ffffffff = abcdeabb	abcdeabc + 00000007 = abcdeac3	fffffff7 + ffffffff = fffffff6
abcdeabc + 12345678 = be024134	abcdeabc + 00000008 = abcdeac4	fffffff7 + 12345678 = 1234566f
abcdeabc + abcdeabc = 579bd578	abcdeabc + 00000009 = abcdeac5	fffffff7 + abcdeabc = abcdeab3
abcdeabc + 0aa0aa0a = b66e94c6	abcdeabc + 0000000a = abcdeac6	fffffff7 + 0aa0aa0a = 0aa0aa01
abcdeabc + aa0aa0aa = 55d88b66	abcdeabc + 0000000b = abcdeac7	fffffff7 + aa0aa0aa = aa0aa0a1

0aa0aa0a + 00000000 = 0aa0aa0a	0aa0aa0a + 00000000 = 0aa0aa0a	fffffff6 + 00000000 = fffffff6
0aa0aa0a + 00000001 = 0aa0aa0b	0aa0aa0a + 00000001 = 0aa0aa0b	fffffff6 + 00000001 = fffffff7
0aa0aa0a + 01001001 = 0ba0ba0b	0aa0aa0a + 00000002 = 0aa0aa0c	fffffff6 + 01001001 = 01000ff7
0aa0aa0a + 10801080 = 1b20ba8a	0aa0aa0a + 00000003 = 0aa0aa0d	fffffff6 + 10801080 = 10801076
0aa0aa0a + 000000ff = 0aa0ab09	0aa0aa0a + 00000004 = 0aa0aa0e	fffffff6 + 000000ff = 000000f5
0aa0aa0a + 0000ffff = 0aa1aa09	0aa0aa0a + 00000005 = 0aa0aa0f	fffffff6 + 0000ffff = 0000fff5
0aa0aa0a + 00ffffff = 0ba0aa09	0aa0aa0a + 00000006 = 0aa0aa10	fffffff6 + 00ffffff = 00fffff5
0aa0aa0a + ffffffff = 0aa0aa09	0aa0aa0a + 00000007 = 0aa0aa11	fffffff6 + ffffffff = fffffff5
0aa0aa0a + 12345678 = 1cd50082	0aa0aa0a + 00000008 = 0aa0aa12	fffffff6 + 12345678 = 1234566e
0aa0aa0a + abcdeabc = b66e94c6	0aa0aa0a + 00000009 = 0aa0aa13	fffffff6 + abcdeabc = abcdeab2
0aa0aa0a + 0aa0aa0a = 15415414	0aa0aa0a + 0000000a = 0aa0aa14	fffffff6 + 0aa0aa0a = 0aa0aa00
0aa0aa0a + aa0aa0aa = b4ab4ab4	0aa0aa0a + 0000000b = 0aa0aa15	fffffff6 + aa0aa0aa = aa0aa0a0

aa0aa0aa + 00000000 = aa0aa0aa	aa0aa0aa + 00000000 = aa0aa0aa	fffffff5 + 00000000 = fffffff5
aa0aa0aa + 00000001 = aa0aa0ab	aa0aa0aa + 00000001 = aa0aa0ab	fffffff5 + 00000001 = fffffff6
aa0aa0aa + 01001001 = ab0ab0ab	aa0aa0aa + 00000002 = aa0aa0ac	fffffff5 + 01001001 = 01000ff6
aa0aa0aa + 10801080 = ba8ab12a	aa0aa0aa + 00000003 = aa0aa0ad	fffffff5 + 10801080 = 10801075
aa0aa0aa + 000000ff = aa0aa1a9	aa0aa0aa + 00000004 = aa0aa0ae	fffffff5 + 000000ff = 000000f4
aa0aa0aa + 0000ffff = aa0ba0a9	aa0aa0aa + 00000005 = aa0aa0af	fffffff5 + 0000ffff = 0000fff4
aa0aa0aa + 00ffffff = ab0aa0a9	aa0aa0aa + 00000006 = aa0aa0b0	fffffff5 + 00ffffff = 00fffff4
aa0aa0aa + ffffffff = aa0aa0a9	aa0aa0aa + 00000007 = aa0aa0b1	fffffff5 + ffffffff = fffffff4
aa0aa0aa + 12345678 = bc3ef722	aa0aa0aa + 00000008 = aa0aa0b2	fffffff5 + 12345678 = 1234566d
aa0aa0aa + abcdeabc = 55d88b66	aa0aa0aa + 00000009 = aa0aa0b3	fffffff5 + abcdeabc = abcdeab1
aa0aa0aa + 0aa0aa0a = b4ab4ab4	aa0aa0aa + 0000000a = aa0aa0b4	fffffff5 + 0aa0aa0a = 0aa0a9ff
aa0aa0aa + aa0aa0aa = 54154154	aa0aa0aa + 0000000b = aa0aa0b5	fffffff5 + aa0aa0aa = aa0aa09f
