
0 >> 0 = 0	0 >> 0 = 0	0x0 >> 0 = 0x0
0 >> 1 = 0	0 >> 1 = 0	0x0 >> 1 = 0x0
0 >> 2 = 0	0 >> 2 = 0	0x0 >> 2 = 0x0
0 >> 3 = 0	0 >> 3 = 0	0x0 >> 3 = 0x0
0 >> 4 = 0	0 >> 4 = 0	0x0 >> 4 = 0x0
0 >> 5 = 0	0 >> 5 = 0	0x0 >> 5 = 0x0
0 >> 6 = 0	0 >> 6 = 0	0x0 >> 6 = 0x0
0 >> 7 = 0	0 >> 7 = 0	0x0 >> 7 = 0x0
0 >> 8 = 0	0 >> 8 = 0	0x0 >> 8 = 0x0
0 >> 9 = 0	0 >> 9 = 0	0x0 >> 9 = 0x0
0 >> 10 = 0	0 >> 10 = 0	0x0 >> 10 = 0x0
0 >> 11 = 0	0 >> 11 = 0	0x0 >> 11 = 0x0
0 >> 12 = 0	0 >> 12 = 0	0x0 >> 12 = 0x0
0 >> 13 = 0	0 >> 13 = 0	0x0 >> 13 = 0x0
0 >> 14 = 0	0 >> 14 = 0	0x0 >> 14 = 0x0
0 >> 15 = 0	0 >> 15 = 0	0x0 >> 15 = 0x0
0 >> 16 = 0	0 >> 16 = 0	0x0 >> 16 = 0x0
0 >> 17 = 0	0 >> 17 = 0	0x0 >> 17 = 0x0
0 >> 18 = 0	0 >> 18 = 0	0x0 >> 18 = 0x0
0 >> 19 = 0	0 >> 19 = 0	0x0 >> 19 = 0x0
0 >> 20 = 0	0 >> 20 = 0	0x0 >> 20 = 0x0
0 >> 21 = 0	0 >> 21 = 0	0x0 >> 21 = 0x0
0 >> 22 = 0	0 >> 22 = 0	0x0 >> 22 = 0x0
0 >> 23 = 0	0 >> 23 = 0	0x0 >> 23 = 0x0
0 >> 24 = 0	0 >> 24 = 0	0x0 >> 24 = 0x0
0 >> 25 = 0	0 >> 25 = 0	0x0 >> 25 = 0x0
0 >> 26 = 0	0 >> 26 = 0	0x0 >> 26 = 0x0
0 >> 27 = 0	0 >> 27 = 0	0x0 >> 27 = 0x0
0 >> 28 = 0	0 >> 28 = 0	0x0 >> 28 = 0x0
0 >> 29 = 0	0 >> 29 = 0	0x0 >> 29 = 0x0
0 >> 30 = 0	0 >> 30 = 0	0x0 >> 30 = 0x0
0 >> 31 = 0	0 >> 31 = 0	0x0 >> 31 = 0x0

1 >> 0 = 1	-1 >> 0 = -1	0x1 >> 0 = 0x1
1 >> 1 = 0	-1 >> 1 = -1	0x1 >> 1 = 0x0
1 >> 2 = 0	-1 >> 2 = -1	0x1 >> 2 = 0x0
1 >> 3 = 0	-1 >> 3 = -1	0x1 >> 3 = 0x0
1 >> 4 = 0	-1 >> 4 = -1	0x1 >> 4 = 0x0
1 >> 5 = 0	-1 >> 5 = -1	0x1 >> 5 = 0x0
1 >> 6 = 0	-1 >> 6 = -1	0x1 >> 6 = 0x0
1 >> 7 = 0	-1 >> 7 = -1	0x1 >> 7 = 0x0
1 >> 8 = 0	-1 >> 8 = -1	0x1 >> 8 = 0x0
1 >> 9 = 0	-1 >> 9 = -1	0x1 >> 9 = 0x0
1 >> 10 = 0	-1 >> 10 = -1	0x1 >> 10 = 0x0
1 >> 11 = 0	-1 >> 11 = -1	0x1 >> 11 = 0x0
1 >> 12 = 0	-1 >> 12 = -1	0x1 >> 12 = 0x0
1 >> 13 = 0	-1 >> 13 = -1	0x1 >> 13 = 0x0
1 >> 14 = 0	-1 >> 14 = -1	0x1 >> 14 = 0x0
1 >> 15 = 0	-1 >> 15 = -1	0x1 >> 15 = 0x0
1 >> 16 = 0	-1 >> 16 = -1	0x1 >> 16 = 0x0
1 >> 17 = 0	-1 >> 17 = -1	0x1 >> 17 = 0x0
1 >> 18 = 0	-1 >> 18 = -1	0x1 >> 18 = 0x0
1 >> 19 = 0	-1 >> 19 = -1	0x1 >> 19 = 0x0
1 >> 20 = 0	-1 >> 20 = -1	0x1 >> 20 = 0x0
1 >> 21 = 0	-1 >> 21 = -1	0x1 >> 21 = 0x0
1 >> 22 = 0	-1 >> 22 = -1	0x1 >> 22 = 0x0
1 >> 23 = 0	-1 >> 23 = -1	0x1 >> 23 = 0x0
1 >> 24 = 0	-1 >> 24 = -1	0x1 >> 24 = 0x0
1 >> 25 = 0	-1 >> 25 = -1	0x1 >> 25 = 0x0
1 >> 26 = 0	-1 >> 26 = -1	0x1 >> 26 = 0x0
1 >> 27 = 0	-1 >> 27 = -1	0x1 >> 27 = 0x0
1 >> 28 = 0	-1 >> 28 = -1	0x1 >> 28 = 0x0
1 >> 29 = 0	-1 >> 29 = -1	0x1 >> 29 = 0x0
1 >> 30 = 0	-1 >> 30 = -1	0x1 >> 30 = 0x0
1 >> 31 = 0	-1 >> 31 = -1	0x1 >> 31 = 0x0

16781313 >> 0 = 16781313	-16781313 >> 0 = -16781313	0x1001001 >> 0 = 0x1001001
16781313 >> 1 = 8390656	-16781313 >> 1 = -8390657	0x1001001 >> 1 = 0x800800
16781313 >> 2 = 4195328	-16781313 >> 2 = -4195329	0x1001001 >> 2 = 0x400400
16781313 >> 3 = 2097664	-16781313 >> 3 = -2097665	0x1001001 >> 3 = 0x200200
16781313 >> 4 = 1048832	-16781313 >> 4 = -1048833	0x1001001 >> 4 = 0x100100
16781313 >> 5 = 524416	-16781313 >> 5 = -524417	0x1001001 >> 5 = 0x80080
16781313 >> 6 = 262208	-16781313 >> 6 = -262209	0x1001001 >> 6 = 0x40040
16781313 >> 7 = 131104	-16781313 >> 7 = -131105	0x1001001 >> 7 = 0x20020
16781313 >> 8 = 65552	-16781313 >> 8 = -65553	0x1001001 >> 8 = 0x10010
16781313 >> 9 = 32776	-16781313 >> 9 = -32777	0x1001001 >> 9 = 0x8008
16781313 >> 10 = 16388	-16781313 >> 10 = -16389	0x1001001 >> 10 = 0x4004
16781313 >> 11 = 8194	-16781313 >> 11 = -8195	0x1001001 >> 11 = 0x2002
16781313 >> 12 = 4097	-16781313 >> 12 = -4098	0x1001001 >> 12 = 0x1001
16781313 >> 13 = 2048	-16781313 >> 13 = -2049	0x1001001 >> 13 = 0x800
16781313 >> 14 = 1024	-16781313 >> 14 = -1025	0x1001001 >> 14 = 0x400
16781313 >> 15 = 512	-16781313 >> 15 = -513	0x1001001 >> 15 = 0x200
16781313 >> 16 = 256	-16781313 >> 16 = -257	0x1001001 >> 16 = 0x100
16781313 >> 17 = 128	-16781313 >> 17 = -129	0x1001001 >> 17 = 0x80
16781313 >> 18 = 64	-16781313 >> 18 = -65	0x1001001 >> 18 = 0x40
16781313 >> 19 = 32	-16781313 >> 19 = -33	0x1001001 >> 19 = 0x20
16781313 >> 20 = 16	-16781313 >> 20 = -17	0x1001001 >> 20 = 0x10
16781313 >> 21 = 8	-16781313 >> 21 = -9	0x1001001 >> 21 = 0x8
16781313 >> 22 = 4	-16781313 >> 22 = -5	0x1001001 >> 22 = 0x4
16781313 >> 23 = 2	-16781313 >> 23 = -3	0x1001001 >> 23 = 0x2
16781313 >> 24 = 1	-16781313 >> 24 = -2	0x1001001 >> 24 = 0x1
16781313 >> 25 = 0	-16781313 >> 25 = -1	0x1001001 >> 25 = 0x0
16781313 >> 26 = 0	-16781313 >> 26 = -1	0x1001001 >> 26 = 0x0
16781313 >> 27 = 0	-16781313 >> 27 = -1	0x1001001 >> 27 = 0x0
16781313 >> 28 = 0	-16781313 >> 28 = -1	0x1001001 >> 28 = 0x0
16781313 >> 29 = 0	-16781313 >> 29 = -1	0x1001001 >> 29 = 0x0
16781313 >> 30 = 0	-16781313 >> 30 = -1	0x1001001 >> 30 = 0x0
16781313 >> 31 = 0	-16781313 >> 31 = -1	0x1001001 >> 31 = 0x0

276828288 >> 0 = 276828288	-276828288 >> 0 = -276828288	0x10801080 >> 0 = 0x10801080
276828288 >> 1 = 138414144	-276828288 >> 1 = -138414144	0x10801080 >> 1 = 0x8400840
276828288 >> 2 = 69207072	-276828288 >> 2 = -69207072	0x10801080 >> 2 = 0x4200420
276828288 >> 3 = 34603536	-276828288 >> 3 = -34603536	0x10801080 >> 3 = 0x2100210
276828288 >> 4 = 17301768	-276828288 >> 4 = -17301768	0x10801080 >> 4 = 0x1080108
276828288 >> 5 = 8650884	-276828288 >> 5 = -8650884	0x10801080 >> 5 = 0x840084
276828288 >> 6 = 4325442	-276828288 >> 6 = -4325442	0x10801080 >> 6 = 0x420042
276828288 >> 7 = 2162721	-276828288 >> 7 = -2162721	0x10801080 >> 7 = 0x210021
276828288 >> 8 = 1081360	-276828288 >> 8 = -1081361	0x10801080 >> 8 = 0x108010
276828288 >> 9 = 540680	-276828288 >> 9 = -540681	0x10801080 >> 9 = 0x84008
276828288 >> 10 = 270340	-276828288 >> 10 = -270341	0x10801080 >> 10 = 0x42004
276828288 >> 11 = 135170	-276828288 >> 11 = -135171	0x10801080 >> 11 = 0x21002
276828288 >> 12 = 67585	-276828288 >> 12 = -67586	0x10801080 >> 12 = 0x10801
276828288 >> 13 = 33792	-276828288 >> 13 = -33793	0x10801080 >> 13 = 0x8400
276828288 >> 14 = 16896	-276828288 >> 14 = -16897	0x10801080 >> 14 = 0x4200
276828288 >> 15 = 8448	-276828288 >> 15 = -8449	0x10801080 >> 15 = 0x2100
276828288 >> 16 = 4224	-276828288 >> 16 = -4225	0x10801080 >> 16 = 0x1080
276828288 >> 17 = 2112	-276828288 >> 17 = -2113	0x10801080 >> 17 = 0x840
276828288 >> 18 = 1056	-276828288 >> 18 = -1057	0x10801080 >> 18 = 0x420
276828288 >> 19 = 528	-276828288 >> 19 = -529	0x10801080 >> 19 = 0x210
276828288 >> 20 = 264	-276828288 >> 20 = -265	0x10801080 >> 20 = 0x108
276828288 >> 21 = 132	-276828288 >> 21 = -133	0x10801080 >> 21 = 0x84
276828288 >> 22 = 66	-276828288 >> 22 = -67	0x10801080 >> 22 = 0x42
276828288 >> 23 = 33	-276828288 >> 23 = -34	0x10801080 >> 23 = 0x21
276828288 >> 24 = 16	-276828288 >> 24 = -17	0x10801080 >> 24 = 0x10
276828288 >> 25 = 8	-276828288 >> 25 = -9	0x10801080 >> 25 = 0x8
276828288 >> 26 = 4	-276828288 >> 26 = -5	0x10801080 >> 26 = 0x4
276828288 >> 27 = 2	-276828288 >> 27 = -3	0x10801080 >> 27 = 0x2
276828288 >> 28 = 1	-276828288 >> 28 = -2	0x10801080 >> 28 = 0x1
276828288 >> 29 = 0	-276828288 >> 29 = -1	0x10801080 >> 29 = 0x0
276828288 >> 30 = 0	-276828288 >> 30 = -1	0x10801080 >> 30 = 0x0
276828288 >> 31 = 0	-276828288 >> 31 = -1	0x10801080 >> 31 = 0x0

255 >> 0 = 255	-255 >> 0 = -255	0xff >> 0 = 0xff
255 >> 1 = 127	-255 >> 1 = -128	0xff >> 1 = 0x7f
255 >> 2 = 63	-255 >> 2 = -64	0xff >> 2 = 0x3f
255 >> 3 = 31	-255 >> 3 = -32	0xff >> 3 = 0x1f
255 >> 4 = 15	-255 >> 4 = -16	0xff >> 4 = 0xf
255 >> 5 = 7	-255 >> 5 = -8	0xff >> 5 = 0x7
255 >> 6 = 3	-255 >> 6 = -4	0xff >> 6 = 0x3
255 >> 7 = 1	-255 >> 7 = -2	0xff >> 7 = 0x1
255 >> 8 = 0	-255 >> 8 = -1	0xff >> 8 = 0x0
255 >> 9 = 0	-255 >> 9 = -1	0xff >> 9 = 0x0
255 >> 10 = 0	-255 >> 10 = -1	0xff >> 10 = 0x0
255 >> 11 = 0	-255 >> 11 = -1	0xff >> 11 = 0x0
255 >> 12 = 0	-255 >> 12 = -1	0xff >> 12 = 0x0
255 >> 13 = 0	-255 >> 13 = -1	0xff >> 13 = 0x0
255 >> 14 = 0	-255 >> 14 = -1	0xff >> 14 = 0x0
255 >> 15 = 0	-255 >> 15 = -1	0xff >> 15 = 0x0
255 >> 16 = 0	-255 >> 16 = -1	0xff >> 16 = 0x0
255 >> 17 = 0	-255 >> 17 = -1	0xff >> 17 = 0x0
255 >> 18 = 0	-255 >> 18 = -1	0xff >> 18 = 0x0
255 >> 19 = 0	-255 >> 19 = -1	0xff >> 19 = 0x0
255 >> 20 = 0	-255 >> 20 = -1	0xff >> 20 = 0x0
255 >> 21 = 0	-255 >> 21 = -1	0xff >> 21 = 0x0
255 >> 22 = 0	-255 >> 22 = -1	0xff >> 22 = 0x0
255 >> 23 = 0	-255 >> 23 = -1	0xff >> 23 = 0x0
255 >> 24 = 0	-255 >> 24 = -1	0xff >> 24 = 0x0
255 >> 25 = 0	-255 >> 25 = -1	0xff >> 25 = 0x0
255 >> 26 = 0	-255 >> 26 = -1	0xff >> 26 = 0x0
255 >> 27 = 0	-255 >> 27 = -1	0xff >> 27 = 0x0
255 >> 28 = 0	-255 >> 28 = -1	0xff >> 28 = 0x0
255 >> 29 = 0	-255 >> 29 = -1	0xff >> 29 = 0x0
255 >> 30 = 0	-255 >> 30 = -1	0xff >> 30 = 0x0
255 >> 31 = 0	-255 >> 31 = -1	0xff >> 31 = 0x0

65535 >> 0 = 65535	-65535 >> 0 = -65535	0xffff >> 0 = 0xffff
65535 >> 1 = 32767	-65535 >> 1 = -32768	0xffff >> 1 = 0x7fff
65535 >> 2 = 16383	-65535 >> 2 = -16384	0xffff >> 2 = 0x3fff
65535 >> 3 = 8191	-65535 >> 3 = -8192	0xffff >> 3 = 0x1fff
65535 >> 4 = 4095	-65535 >> 4 = -4096	0xffff >> 4 = 0xfff
65535 >> 5 = 2047	-65535 >> 5 = -2048	0xffff >> 5 = 0x7ff
65535 >> 6 = 1023	-65535 >> 6 = -1024	0xffff >> 6 = 0x3ff
65535 >> 7 = 511	-65535 >> 7 = -512	0xffff >> 7 = 0x1ff
65535 >> 8 = 255	-65535 >> 8 = -256	0xffff >> 8 = 0xff
65535 >> 9 = 127	-65535 >> 9 = -128	0xffff >> 9 = 0x7f
65535 >> 10 = 63	-65535 >> 10 = -64	0xffff >> 10 = 0x3f
65535 >> 11 = 31	-65535 >> 11 = -32	0xffff >> 11 = 0x1f
65535 >> 12 = 15	-65535 >> 12 = -16	0xffff >> 12 = 0xf
65535 >> 13 = 7	-65535 >> 13 = -8	0xffff >> 13 = 0x7
65535 >> 14 = 3	-65535 >> 14 = -4	0xffff >> 14 = 0x3
65535 >> 15 = 1	-65535 >> 15 = -2	0xffff >> 15 = 0x1
65535 >> 16 = 0	-65535 >> 16 = -1	0xffff >> 16 = 0x0
65535 >> 17 = 0	-65535 >> 17 = -1	0xffff >> 17 = 0x0
65535 >> 18 = 0	-65535 >> 18 = -1	0xffff >> 18 = 0x0
65535 >> 19 = 0	-65535 >> 19 = -1	0xffff >> 19 = 0x0
65535 >> 20 = 0	-65535 >> 20 = -1	0xffff >> 20 = 0x0
65535 >> 21 = 0	-65535 >> 21 = -1	0xffff >> 21 = 0x0
65535 >> 22 = 0	-65535 >> 22 = -1	0xffff >> 22 = 0x0
65535 >> 23 = 0	-65535 >> 23 = -1	0xffff >> 23 = 0x0
65535 >> 24 = 0	-65535 >> 24 = -1	0xffff >> 24 = 0x0
65535 >> 25 = 0	-65535 >> 25 = -1	0xffff >> 25 = 0x0
65535 >> 26 = 0	-65535 >> 26 = -1	0xffff >> 26 = 0x0
65535 >> 27 = 0	-65535 >> 27 = -1	0xffff >> 27 = 0x0
65535 >> 28 = 0	-65535 >> 28 = -1	0xffff >> 28 = 0x0
65535 >> 29 = 0	-65535 >> 29 = -1	0xffff >> 29 = 0x0
65535 >> 30 = 0	-65535 >> 30 = -1	0xffff >> 30 = 0x0
65535 >> 31 = 0	-65535 >> 31 = -1	0xffff >> 31 = 0x0

16777215 >> 0 = 16777215	-16777215 >> 0 = -16777215	0xffffff >> 0 = 0xffffff
16777215 >> 1 = 8388607	-16777215 >> 1 = -8388608	0xffffff >> 1 = 0x7fffff
16777215 >> 2 = 4194303	-16777215 >> 2 = -4194304	0xffffff >> 2 = 0x3fffff
16777215 >> 3 = 2097151	-16777215 >> 3 = -2097152	0xffffff >> 3 = 0x1fffff
16777215 >> 4 = 1048575	-16777215 >> 4 = -1048576	0xffffff >> 4 = 0xfffff
16777215 >> 5 = 524287	-16777215 >> 5 = -524288	0xffffff >> 5 = 0x7ffff
16777215 >> 6 = 262143	-16777215 >> 6 = -262144	0xffffff >> 6 = 0x3ffff
16777215 >> 7 = 131071	-16777215 >> 7 = -131072	0xffffff >> 7 = 0x1ffff
16777215 >> 8 = 65535	-16777215 >> 8 = -65536	0xffffff >> 8 = 0xffff
16777215 >> 9 = 32767	-16777215 >> 9 = -32768	0xffffff >> 9 = 0x7fff
16777215 >> 10 = 16383	-16777215 >> 10 = -16384	0xffffff >> 10 = 0x3fff
16777215 >> 11 = 8191	-16777215 >> 11 = -8192	0xffffff >> 11 = 0x1fff
16777215 >> 12 = 4095	-16777215 >> 12 = -4096	0xffffff >> 12 = 0xfff
16777215 >> 13 = 2047	-16777215 >> 13 = -2048	0xffffff >> 13 = 0x7ff
16777215 >> 14 = 1023	-16777215 >> 14 = -1024	0xffffff >> 14 = 0x3ff
16777215 >> 15 = 511	-16777215 >> 15 = -512	0xffffff >> 15 = 0x1ff
16777215 >> 16 = 255	-16777215 >> 16 = -256	0xffffff >> 16 = 0xff
16777215 >> 17 = 127	-16777215 >> 17 = -128	0xffffff >> 17 = 0x7f
16777215 >> 18 = 63	-16777215 >> 18 = -64	0xffffff >> 18 = 0x3f
16777215 >> 19 = 31	-16777215 >> 19 = -32	0xffffff >> 19 = 0x1f
16777215 >> 20 = 15	-16777215 >> 20 = -16	0xffffff >> 20 = 0xf
16777215 >> 21 = 7	-16777215 >> 21 = -8	0xffffff >> 21 = 0x7
16777215 >> 22 = 3	-16777215 >> 22 = -4	0xffffff >> 22 = 0x3
16777215 >> 23 = 1	-16777215 >> 23 = -2	0xffffff >> 23 = 0x1
16777215 >> 24 = 0	-16777215 >> 24 = -1	0xffffff >> 24 = 0x0
16777215 >> 25 = 0	-16777215 >> 25 = -1	0xffffff >> 25 = 0x0
16777215 >> 26 = 0	-16777215 >> 26 = -1	0xffffff >> 26 = 0x0
16777215 >> 27 = 0	-16777215 >> 27 = -1	0xffffff >> 27 = 0x0
16777215 >> 28 = 0	-16777215 >> 28 = -1	0xffffff >> 28 = 0x0
16777215 >> 29 = 0	-16777215 >> 29 = -1	0xffffff >> 29 = 0x0
16777215 >> 30 = 0	-16777215 >> 30 = -1	0xffffff >> 30 = 0x0
16777215 >> 31 = 0	-16777215 >> 31 = -1	0xffffff >> 31 = 0x0

-1 >> 0 = -1	1 >> 0 = 1	0xffffffff >> 0 = 0xffffffff
-1 >> 1 = -1	1 >> 1 = 0	0xffffffff >> 1 = 0x7fffffff
-1 >> 2 = -1	1 >> 2 = 0	0xffffffff >> 2 = 0x3fffffff
-1 >> 3 = -1	1 >> 3 = 0	0xffffffff >> 3 = 0x1fffffff
-1 >> 4 = -1	1 >> 4 = 0	0xffffffff >> 4 = 0xfffffff
-1 >> 5 = -1	1 >> 5 = 0	0xffffffff >> 5 = 0x7ffffff
-1 >> 6 = -1	1 >> 6 = 0	0xffffffff >> 6 = 0x3ffffff
-1 >> 7 = -1	1 >> 7 = 0	0xffffffff >> 7 = 0x1ffffff
-1 >> 8 = -1	1 >> 8 = 0	0xffffffff >> 8 = 0xffffff
-1 >> 9 = -1	1 >> 9 = 0	0xffffffff >> 9 = 0x7fffff
-1 >> 10 = -1	1 >> 10 = 0	0xffffffff >> 10 = 0x3fffff
-1 >> 11 = -1	1 >> 11 = 0	0xffffffff >> 11 = 0x1fffff
-1 >> 12 = -1	1 >> 12 = 0	0xffffffff >> 12 = 0xfffff
-1 >> 13 = -1	1 >> 13 = 0	0xffffffff >> 13 = 0x7ffff
-1 >> 14 = -1	1 >> 14 = 0	0xffffffff >> 14 = 0x3ffff
-1 >> 15 = -1	1 >> 15 = 0	0xffffffff >> 15 = 0x1ffff
-1 >> 16 = -1	1 >> 16 = 0	0xffffffff >> 16 = 0xffff
-1 >> 17 = -1	1 >> 17 = 0	0xffffffff >> 17 = 0x7fff
-1 >> 18 = -1	1 >> 18 = 0	0xffffffff >> 18 = 0x3fff
-1 >> 19 = -1	1 >> 19 = 0	0xffffffff >> 19 = 0x1fff
-1 >> 20 = -1	1 >> 20 = 0	0xffffffff >> 20 = 0xfff
-1 >> 21 = -1	1 >> 21 = 0	0xffffffff >> 21 = 0x7ff
-1 >> 22 = -1	1 >> 22 = 0	0xffffffff >> 22 = 0x3ff
-1 >> 23 = -1	1 >> 23 = 0	0xffffffff >> 23 = 0x1ff
-1 >> 24 = -1	1 >> 24 = 0	0xffffffff >> 24 = 0xff
-1 >> 25 = -1	1 >> 25 = 0	0xffffffff >> 25 = 0x7f
-1 >> 26 = -1	1 >> 26 = 0	0xffffffff >> 26 = 0x3f
-1 >> 27 = -1	1 >> 27 = 0	0xffffffff >> 27 = 0x1f
-1 >> 28 = -1	1 >> 28 = 0	0xffffffff >> 28 = 0xf
-1 >> 29 = -1	1 >> 29 = 0	0xffffffff >> 29 = 0x7
-1 >> 30 = -1	1 >> 30 = 0	0xffffffff >> 30 = 0x3
-1 >> 31 = -1	1 >> 31 = 0	0xffffffff >> 31 = 0x1

305419896 >> 0 = 305419896	-305419896 >> 0 = -305419896	0x12345678 >> 0 = 0x12345678
305419896 >> 1 = 152709948	-305419896 >> 1 = -152709948	0x12345678 >> 1 = 0x91a2b3c
305419896 >> 2 = 76354974	-305419896 >> 2 = -76354974	0x12345678 >> 2 = 0x48d159e
305419896 >> 3 = 38177487	-305419896 >> 3 = -38177487	0x12345678 >> 3 = 0x2468acf
305419896 >> 4 = 19088743	-305419896 >> 4 = -19088744	0x12345678 >> 4 = 0x1234567
305419896 >> 5 = 9544371	-305419896 >> 5 = -9544372	0x12345678 >> 5 = 0x91a2b3
305419896 >> 6 = 4772185	-305419896 >> 6 = -4772186	0x12345678 >> 6 = 0x48d159
305419896 >> 7 = 2386092	-305419896 >> 7 = -2386093	0x12345678 >> 7 = 0x2468ac
305419896 >> 8 = 1193046	-305419896 >> 8 = -1193047	0x12345678 >> 8 = 0x123456
305419896 >> 9 = 596523	-305419896 >> 9 = -596524	0x12345678 >> 9 = 0x91a2b
305419896 >> 10 = 298261	-305419896 >> 10 = -298262	0x12345678 >> 10 = 0x48d15
305419896 >> 11 = 149130	-305419896 >> 11 = -149131	0x12345678 >> 11 = 0x2468a
305419896 >> 12 = 74565	-305419896 >> 12 = -74566	0x12345678 >> 12 = 0x12345
305419896 >> 13 = 37282	-305419896 >> 13 = -37283	0x12345678 >> 13 = 0x91a2
305419896 >> 14 = 18641	-305419896 >> 14 = -18642	0x12345678 >> 14 = 0x48d1
305419896 >> 15 = 9320	-305419896 >> 15 = -9321	0x12345678 >> 15 = 0x2468
305419896 >> 16 = 4660	-305419896 >> 16 = -4661	0x12345678 >> 16 = 0x1234
305419896 >> 17 = 2330	-305419896 >> 17 = -2331	0x12345678 >> 17 = 0x91a
305419896 >> 18 = 1165	-305419896 >> 18 = -1166	0x12345678 >> 18 = 0x48d
305419896 >> 19 = 582	-305419896 >> 19 = -583	0x12345678 >> 19 = 0x246
305419896 >> 20 = 291	-305419896 >> 20 = -292	0x12345678 >> 20 = 0x123
305419896 >> 21 = 145	-305419896 >> 21 = -146	0x12345678 >> 21 = 0x91
305419896 >> 22 = 72	-305419896 >> 22 = -73	0x12345678 >> 22 = 0x48
305419896 >> 23 = 36	-305419896 >> 23 = -37	0x12345678 >> 23 = 0x24
305419896 >> 24 = 18	-305419896 >> 24 = -19	0x12345678 >> 24 = 0x12
305419896 >> 25 = 9	-305419896 >> 25 = -10	0x12345678 >> 25 = 0x9
305419896 >> 26 = 4	-305419896 >> 26 = -5	0x12345678 >> 26 = 0x4
305419896 >> 27 = 2	-305419896 >> 27 = -3	0x12345678 >> 27 = 0x2
305419896 >> 28 = 1	-305419896 >> 28 = -2	0x12345678 >> 28 = 0x1
305419896 >> 29 = 0	-305419896 >> 29 = -1	0x12345678 >> 29 = 0x0
305419896 >> 30 = 0	-305419896 >> 30 = -1	0x12345678 >> 30 = 0x0
305419896 >> 31 = 0	-305419896 >> 31 = -1	0x12345678 >> 31 = 0x0

-1412568388 >> 0 = -1412568388	1412568388 >> 0 = 1412568388	0xabcdeabc >> 0 = 0xabcdeabc
-1412568388 >> 1 = -706284194	1412568388 >> 1 = 706284194	0xabcdeabc >> 1 = 0x55e6f55e
-1412568388 >> 2 = -353142097	1412568388 >> 2 = 353142097	0xabcdeabc >> 2 = 0x2af37aaf
-1412568388 >> 3 = -176571049	1412568388 >> 3 = 176571048	0xabcdeabc >> 3 = 0x1579bd57
-1412568388 >> 4 = -88285525	1412568388 >> 4 = 88285524	0xabcdeabc >> 4 = 0xabcdeab
-1412568388 >> 5 = -44142763	1412568388 >> 5 = 44142762	0xabcdeabc >> 5 = 0x55e6f55
-1412568388 >> 6 = -22071382	1412568388 >> 6 = 22071381	0xabcdeabc >> 6 = 0x2af37aa
-1412568388 >> 7 = -11035691	1412568388 >> 7 = 11035690	0xabcdeabc >> 7 = 0x1579bd5
-1412568388 >> 8 = -5517846	1412568388 >> 8 = 5517845	0xabcdeabc >> 8 = 0xabcdea
-1412568388 >> 9 = -2758923	1412568388 >> 9 = 2758922	0xabcdeabc >> 9 = 0x55e6f5
-1412568388 >> 10 = -1379462	1412568388 >> 10 = 1379461	0xabcdeabc >> 10 = 0x2af37a
-1412568388 >> 11 = -689731	1412568388 >> 11 = 689730	0xabcdeabc >> 11 = 0x1579bd
-1412568388 >> 12 = -344866	1412568388 >> 12 = 344865	0xabcdeabc >> 12 = 0xabcde
-1412568388 >> 13 = -172433	1412568388 >> 13 = 172432	0xabcdeabc >> 13 = 0x55e6f
-1412568388 >> 14 = -86217	1412568388 >> 14 = 86216	0xabcdeabc >> 14 = 0x2af37
-1412568388 >> 15 = -43109	1412568388 >> 15 = 43108	0xabcdeabc >> 15 = 0x1579b
-1412568388 >> 16 = -21555	1412568388 >> 16 = 21554	0xabcdeabc >> 16 = 0xabcd
-1412568388 >> 17 = -10778	1412568388 >> 17 = 10777	0xabcdeabc >> 17 = 0x55e6
-1412568388 >> 18 = -5389	1412568388 >> 18 = 5388	0xabcdeabc >> 18 = 0x2af3
-1412568388 >> 19 = -2695	1412568388 >> 19 = 2694	0xabcdeabc >> 19 = 0x1579
-1412568388 >> 20 = -1348	1412568388 >> 20 = 1347	0xabcdeabc >> 20 = 0xabc
-1412568388 >> 21 = -674	1412568388 >> 21 = 673	0xabcdeabc >> 21 = 0x55e
-1412568388 >> 22 = -337	1412568388 >> 22 = 336	0xabcdeabc >> 22 = 0x2af
-1412568388 >> 23 = -169	1412568388 >> 23 = 168	0xabcdeabc >> 23 = 0x157
-1412568388 >> 24 = -85	1412568388 >> 24 = 84	0xabcdeabc >> 24 = 0xab
-1412568388 >> 25 = -43	1412568388 >> 25 = 42	0xabcdeabc >> 25 = 0x55
-1412568388 >> 26 = -22	1412568388 >> 26 = 21	0xabcdeabc >> 26 = 0x2a
-1412568388 >> 27 = -11	1412568388 >> 27 = 10	0xabcdeabc >> 27 = 0x15
-1412568388 >> 28 = -6	1412568388 >> 28 = 5	0xabcdeabc >> 28 = 0xa
-1412568388 >> 29 = -3	1412568388 >> 29 = 2	0xabcdeabc >> 29 = 0x5
-1412568388 >> 30 = -2	1412568388 >> 30 = 1	0xabcdeabc >> 30 = 0x2
-1412568388 >> 31 = -1	1412568388 >> 31 = 0	0xabcdeabc >> 31 = 0x1

178301450 >> 0 = 178301450	-178301450 >> 0 = -178301450	0xaa0aa0a >> 0 = 0xaa0aa0a
178301450 >> 1 = 89150725	-178301450 >> 1 = -89150725	0xaa0aa0a >> 1 = 0x5505505
178301450 >> 2 = 44575362	-178301450 >> 2 = -44575363	0xaa0aa0a >> 2 = 0x2a82a82
178301450 >> 3 = 22287681	-178301450 >> 3 = -22287682	0xaa0aa0a >> 3 = 0x1541541
178301450 >> 4 = 11143840	-178301450 >> 4 = -11143841	0xaa0aa0a >> 4 = 0xaa0aa0
178301450 >> 5 = 5571920	-178301450 >> 5 = -5571921	0xaa0aa0a >> 5 = 0x550550
178301450 >> 6 = 2785960	-178301450 >> 6 = -2785961	0xaa0aa0a >> 6 = 0x2a82a8
178301450 >> 7 = 1392980	-178301450 >> 7 = -1392981	0xaa0aa0a >> 7 = 0x154154
178301450 >> 8 = 696490	-178301450 >> 8 = -696491	0xaa0aa0a >> 8 = 0xaa0aa
178301450 >> 9 = 348245	-178301450 >> 9 = -348246	0xaa0aa0a >> 9 = 0x55055
178301450 >> 10 = 174122	-178301450 >> 10 = -174123	0xaa0aa0a >> 10 = 0x2a82a
178301450 >> 11 = 87061	-178301450 >> 11 = -87062	0xaa0aa0a >> 11 = 0x15415
178301450 >> 12 = 43530	-178301450 >> 12 = -43531	0xaa0aa0a >> 12 = 0xaa0a
178301450 >> 13 = 21765	-178301450 >> 13 = -21766	0xaa0aa0a >> 13 = 0x5505
178301450 >> 14 = 10882	-178301450 >> 14 = -10883	0xaa0aa0a >> 14 = 0x2a82
178301450 >> 15 = 5441	-178301450 >> 15 = -5442	0xaa0aa0a >> 15 = 0x1541
178301450 >> 16 = 2720	-178301450 >> 16 = -2721	0xaa0aa0a >> 16 = 0xaa0
178301450 >> 17 = 1360	-178301450 >> 17 = -1361	0xaa0aa0a >> 17 = 0x550
178301450 >> 18 = 680	-178301450 >> 18 = -681	0xaa0aa0a >> 18 = 0x2a8
178301450 >> 19 = 340	-178301450 >> 19 = -341	0xaa0aa0a >> 19 = 0x154
178301450 >> 20 = 170	-178301450 >> 20 = -171	0xaa0aa0a >> 20 = 0xaa
178301450 >> 21 = 85	-178301450 >> 21 = -86	0xaa0aa0a >> 21 = 0x55
178301450 >> 22 = 42	-178301450 >> 22 = -43	0xaa0aa0a >> 22 = 0x2a
178301450 >> 23 = 21	-178301450 >> 23 = -22	0xaa0aa0a >> 23 = 0x15
178301450 >> 24 = 10	-178301450 >> 24 = -11	0xaa0aa0a >> 24 = 0xa
178301450 >> 25 = 5	-178301450 >> 25 = -6	0xaa0aa0a >> 25 = 0x5
178301450 >> 26 = 2	-178301450 >> 26 = -3	0xaa0aa0a >> 26 = 0x2
178301450 >> 27 = 1	-178301450 >> 27 = -2	0xaa0aa0a >> 27 = 0x1
178301450 >> 28 = 0	-178301450 >> 28 = -1	0xaa0aa0a >> 28 = 0x0
178301450 >> 29 = 0	-178301450 >> 29 = -1	0xaa0aa0a >> 29 = 0x0
178301450 >> 30 = 0	-178301450 >> 30 = -1	0xaa0aa0a >> 30 = 0x0
178301450 >> 31 = 0	-178301450 >> 31 = -1	0xaa0aa0a >> 31 = 0x0

1442144086 >> 0 = 1442144086	-1442144086 >> 0 = -1442144086	0x55f55f56 >> 0 = 0x55f55f56
1442144086 >> 1 = 721072043	-1442144086 >> 1 = -721072043	0x55f55f56 >> 1 = 0x2afaafab
1442144086 >> 2 = 360536021	-1442144086 >> 2 = -360536022	0x55f55f56 >> 2 = 0x157d57d5
1442144086 >> 3 = 180268010	-1442144086 >> 3 = -180268011	0x55f55f56 >> 3 = 0xabeabea
1442144086 >> 4 = 90134005	-1442144086 >> 4 = -90134006	0x55f55f56 >> 4 = 0x55f55f5
1442144086 >> 5 = 45067002	-1442144086 >> 5 = -45067003	0x55f55f56 >> 5 = 0x2afaafa
1442144086 >> 6 = 22533501	-1442144086 >> 6 = -22533502	0x55f55f56 >> 6 = 0x157d57d
1442144086 >> 7 = 11266750	-1442144086 >> 7 = -11266751	0x55f55f56 >> 7 = 0xabeabe
1442144086 >> 8 = 5633375	-1442144086 >> 8 = -5633376	0x55f55f56 >> 8 = 0x55f55f
1442144086 >> 9 = 2816687	-1442144086 >> 9 = -2816688	0x55f55f56 >> 9 = 0x2afaaf
1442144086 >> 10 = 1408343	-1442144086 >> 10 = -1408344	0x55f55f56 >> 10 = 0x157d57
1442144086 >> 11 = 704171	-1442144086 >> 11 = -704172	0x55f55f56 >> 11 = 0xabeab
1442144086 >> 12 = 352085	-1442144086 >> 12 = -352086	0x55f55f56 >> 12 = 0x55f55
1442144086 >> 13 = 176042	-1442144086 >> 13 = -176043	0x55f55f56 >> 13 = 0x2afaa
1442144086 >> 14 = 88021	-1442144086 >> 14 = -88022	0x55f55f56 >> 14 = 0x157d5
1442144086 >> 15 = 44010	-1442144086 >> 15 = -44011	0x55f55f56 >> 15 = 0xabea
1442144086 >> 16 = 22005	-1442144086 >> 16 = -22006	0x55f55f56 >> 16 = 0x55f5
1442144086 >> 17 = 11002	-1442144086 >> 17 = -11003	0x55f55f56 >> 17 = 0x2afa
1442144086 >> 18 = 5501	-1442144086 >> 18 = -5502	0x55f55f56 >> 18 = 0x157d
1442144086 >> 19 = 2750	-1442144086 >> 19 = -2751	0x55f55f56 >> 19 = 0xabe
1442144086 >> 20 = 1375	-1442144086 >> 20 = -1376	0x55f55f56 >> 20 = 0x55f
1442144086 >> 21 = 687	-1442144086 >> 21 = -688	0x55f55f56 >> 21 = 0x2af
1442144086 >> 22 = 343	-1442144086 >> 22 = -344	0x55f55f56 >> 22 = 0x157
1442144086 >> 23 = 171	-1442144086 >> 23 = -172	0x55f55f56 >> 23 = 0xab
1442144086 >> 24 = 85	-1442144086 >> 24 = -86	0x55f55f56 >> 24 = 0x55
1442144086 >> 25 = 42	-1442144086 >> 25 = -43	0x55f55f56 >> 25 = 0x2a
1442144086 >> 26 = 21	-1442144086 >> 26 = -22	0x55f55f56 >> 26 = 0x15
1442144086 >> 27 = 10	-1442144086 >> 27 = -11	0x55f55f56 >> 27 = 0xa
1442144086 >> 28 = 5	-1442144086 >> 28 = -6	0x55f55f56 >> 28 = 0x5
1442144086 >> 29 = 2	-1442144086 >> 29 = -3	0x55f55f56 >> 29 = 0x2
1442144086 >> 30 = 1	-1442144086 >> 30 = -2	0x55f55f56 >> 30 = 0x1
1442144086 >> 31 = 0	-1442144086 >> 31 = -1	0x55f55f56 >> 31 = 0x0
