
0 <= 0 = T	0 < 0 = F	0 > 0 = F	0 == 0 = T
0 <= 1 = T	0 < 1 = T	0 > 1 = F	0 == 1 = F
0 <= 16781313 = T	0 < 16781313 = T	0 > 16781313 = F	0 == 16781313 = F
0 <= 276828288 = T	0 < 276828288 = T	0 > 276828288 = F	0 == 276828288 = F
0 <= 255 = T	0 < 255 = T	0 > 255 = F	0 == 255 = F
0 <= 65535 = T	0 < 65535 = T	0 > 65535 = F	0 == 65535 = F
0 <= 16777215 = T	0 < 16777215 = T	0 > 16777215 = F	0 == 16777215 = F
0 <= -1 = F	0 < -1 = F	0 > 4294967295 = F	0 == -1 = F
0 <= 305419896 = T	0 < 305419896 = T	0 > 305419896 = F	0 == 305419896 = F
0 <= -1412568388 = F	0 < -1412568388 = F	0 > 2882398908 = F	0 == -1412568388 = F
0 <= 178301450 = T	0 < 178301450 = T	0 > 178301450 = F	0 == 178301450 = F
0 <= 1442144086 = T	0 < 1442144086 = T	0 > 1442144086 = F	0 == 1442144086 = F

1 <= 0 = F	1 < 0 = F	1 > 0 = T	1 == 0 = F
1 <= 1 = T	1 < 1 = F	1 > 1 = F	1 == 1 = T
1 <= 16781313 = T	1 < 16781313 = T	1 > 16781313 = F	1 == 16781313 = F
1 <= 276828288 = T	1 < 276828288 = T	1 > 276828288 = F	1 == 276828288 = F
1 <= 255 = T	1 < 255 = T	1 > 255 = F	1 == 255 = F
1 <= 65535 = T	1 < 65535 = T	1 > 65535 = F	1 == 65535 = F
1 <= 16777215 = T	1 < 16777215 = T	1 > 16777215 = F	1 == 16777215 = F
1 <= -1 = F	1 < -1 = F	1 > 4294967295 = F	1 == -1 = F
1 <= 305419896 = T	1 < 305419896 = T	1 > 305419896 = F	1 == 305419896 = F
1 <= -1412568388 = F	1 < -1412568388 = F	1 > 2882398908 = F	1 == -1412568388 = F
1 <= 178301450 = T	1 < 178301450 = T	1 > 178301450 = F	1 == 178301450 = F
1 <= 1442144086 = T	1 < 1442144086 = T	1 > 1442144086 = F	1 == 1442144086 = F

16781313 <= 0 = F	16781313 < 0 = F	16781313 > 0 = T	16781313 == 0 = F
16781313 <= 1 = F	16781313 < 1 = F	16781313 > 1 = T	16781313 == 1 = F
16781313 <= 16781313 = T	16781313 < 16781313 = F	16781313 > 16781313 = F	16781313 == 16781313 = T
16781313 <= 276828288 = T	16781313 < 276828288 = T	16781313 > 276828288 = F	16781313 == 276828288 = F
16781313 <= 255 = F	16781313 < 255 = F	16781313 > 255 = T	16781313 == 255 = F
16781313 <= 65535 = F	16781313 < 65535 = F	16781313 > 65535 = T	16781313 == 65535 = F
16781313 <= 16777215 = F	16781313 < 16777215 = F	16781313 > 16777215 = T	16781313 == 16777215 = F
16781313 <= -1 = F	16781313 < -1 = F	16781313 > 4294967295 = F	16781313 == -1 = F
16781313 <= 305419896 = T	16781313 < 305419896 = T	16781313 > 305419896 = F	16781313 == 305419896 = F
16781313 <= -1412568388 = F	16781313 < -1412568388 = F	16781313 > 2882398908 = F	16781313 == -1412568388 = F
16781313 <= 178301450 = T	16781313 < 178301450 = T	16781313 > 178301450 = F	16781313 == 178301450 = F
16781313 <= 1442144086 = T	16781313 < 1442144086 = T	16781313 > 1442144086 = F	16781313 == 1442144086 = F

276828288 <= 0 = F	276828288 < 0 = F	276828288 > 0 = T	276828288 == 0 = F
276828288 <= 1 = F	276828288 < 1 = F	276828288 > 1 = T	276828288 == 1 = F
276828288 <= 16781313 = F	276828288 < 16781313 = F	276828288 > 16781313 = T	276828288 == 16781313 = F
276828288 <= 276828288 = T	276828288 < 276828288 = F	276828288 > 276828288 = F	276828288 == 276828288 = T
276828288 <= 255 = F	276828288 < 255 = F	276828288 > 255 = T	276828288 == 255 = F
276828288 <= 65535 = F	276828288 < 65535 = F	276828288 > 65535 = T	276828288 == 65535 = F
276828288 <= 16777215 = F	276828288 < 16777215 = F	276828288 > 16777215 = T	276828288 == 16777215 = F
276828288 <= -1 = F	276828288 < -1 = F	276828288 > 4294967295 = F	276828288 == -1 = F
276828288 <= 305419896 = T	276828288 < 305419896 = T	276828288 > 305419896 = F	276828288 == 305419896 = F
276828288 <= -1412568388 = F	276828288 < -1412568388 = F	276828288 > 2882398908 = F	276828288 == -1412568388 = F
276828288 <= 178301450 = F	276828288 < 178301450 = F	276828288 > 178301450 = T	276828288 == 178301450 = F
276828288 <= 1442144086 = T	276828288 < 1442144086 = T	276828288 > 1442144086 = F	276828288 == 1442144086 = F

255 <= 0 = F	255 < 0 = F	255 > 0 = T	255 == 0 = F
255 <= 1 = F	255 < 1 = F	255 > 1 = T	255 == 1 = F
255 <= 16781313 = T	255 < 16781313 = T	255 > 16781313 = F	255 == 16781313 = F
255 <= 276828288 = T	255 < 276828288 = T	255 > 276828288 = F	255 == 276828288 = F
255 <= 255 = T	255 < 255 = F	255 > 255 = F	255 == 255 = T
255 <= 65535 = T	255 < 65535 = T	255 > 65535 = F	255 == 65535 = F
255 <= 16777215 = T	255 < 16777215 = T	255 > 16777215 = F	255 == 16777215 = F
255 <= -1 = F	255 < -1 = F	255 > 4294967295 = F	255 == -1 = F
255 <= 305419896 = T	255 < 305419896 = T	255 > 305419896 = F	255 == 305419896 = F
255 <= -1412568388 = F	255 < -1412568388 = F	255 > 2882398908 = F	255 == -1412568388 = F
255 <= 178301450 = T	255 < 178301450 = T	255 > 178301450 = F	255 == 178301450 = F
255 <= 1442144086 = T	255 < 1442144086 = T	255 > 1442144086 = F	255 == 1442144086 = F

65535 <= 0 = F	65535 < 0 = F	65535 > 0 = T	65535 == 0 = F
65535 <= 1 = F	65535 < 1 = F	65535 > 1 = T	65535 == 1 = F
65535 <= 16781313 = T	65535 < 16781313 = T	65535 > 16781313 = F	65535 == 16781313 = F
65535 <= 276828288 = T	65535 < 276828288 = T	65535 > 276828288 = F	65535 == 276828288 = F
65535 <= 255 = F	65535 < 255 = F	65535 > 255 = T	65535 == 255 = F
65535 <= 65535 = T	65535 < 65535 = F	65535 > 65535 = F	65535 == 65535 = T
65535 <= 16777215 = T	65535 < 16777215 = T	65535 > 16777215 = F	65535 == 16777215 = F
65535 <= -1 = F	65535 < -1 = F	65535 > 4294967295 = F	65535 == -1 = F
65535 <= 305419896 = T	65535 < 305419896 = T	65535 > 305419896 = F	65535 == 305419896 = F
65535 <= -1412568388 = F	65535 < -1412568388 = F	65535 > 2882398908 = F	65535 == -1412568388 = F
65535 <= 178301450 = T	65535 < 178301450 = T	65535 > 178301450 = F	65535 == 178301450 = F
65535 <= 1442144086 = T	65535 < 1442144086 = T	65535 > 1442144086 = F	65535 == 1442144086 = F

16777215 <= 0 = F	16777215 < 0 = F	16777215 > 0 = T	16777215 == 0 = F
16777215 <= 1 = F	16777215 < 1 = F	16777215 > 1 = T	16777215 == 1 = F
16777215 <= 16781313 = T	16777215 < 16781313 = T	16777215 > 16781313 = F	16777215 == 16781313 = F
16777215 <= 276828288 = T	16777215 < 276828288 = T	16777215 > 276828288 = F	16777215 == 276828288 = F
16777215 <= 255 = F	16777215 < 255 = F	16777215 > 255 = T	16777215 == 255 = F
16777215 <= 65535 = F	16777215 < 65535 = F	16777215 > 65535 = T	16777215 == 65535 = F
16777215 <= 16777215 = T	16777215 < 16777215 = F	16777215 > 16777215 = F	16777215 == 16777215 = T
16777215 <= -1 = F	16777215 < -1 = F	16777215 > 4294967295 = F	16777215 == -1 = F
16777215 <= 305419896 = T	16777215 < 305419896 = T	16777215 > 305419896 = F	16777215 == 305419896 = F
16777215 <= -1412568388 = F	16777215 < -1412568388 = F	16777215 > 2882398908 = F	16777215 == -1412568388 = F
16777215 <= 178301450 = T	16777215 < 178301450 = T	16777215 > 178301450 = F	16777215 == 178301450 = F
16777215 <= 1442144086 = T	16777215 < 1442144086 = T	16777215 > 1442144086 = F	16777215 == 1442144086 = F

-1 <= 0 = T	-1 < 0 = T	4294967295 > 0 = T	-1 == 0 = F
-1 <= 1 = T	-1 < 1 = T	4294967295 > 1 = T	-1 == 1 = F
-1 <= 16781313 = T	-1 < 16781313 = T	4294967295 > 16781313 = T	-1 == 16781313 = F
-1 <= 276828288 = T	-1 < 276828288 = T	4294967295 > 276828288 = T	-1 == 276828288 = F
-1 <= 255 = T	-1 < 255 = T	4294967295 > 255 = T	-1 == 255 = F
-1 <= 65535 = T	-1 < 65535 = T	4294967295 > 65535 = T	-1 == 65535 = F
-1 <= 16777215 = T	-1 < 16777215 = T	4294967295 > 16777215 = T	-1 == 16777215 = F
-1 <= -1 = T	-1 < -1 = F	4294967295 > 4294967295 = F	-1 == -1 = T
-1 <= 305419896 = T	-1 < 305419896 = T	4294967295 > 305419896 = T	-1 == 305419896 = F
-1 <= -1412568388 = F	-1 < -1412568388 = F	4294967295 > 2882398908 = T	-1 == -1412568388 = F
-1 <= 178301450 = T	-1 < 178301450 = T	4294967295 > 178301450 = T	-1 == 178301450 = F
-1 <= 1442144086 = T	-1 < 1442144086 = T	4294967295 > 1442144086 = T	-1 == 1442144086 = F

305419896 <= 0 = F	305419896 < 0 = F	305419896 > 0 = T	305419896 == 0 = F
305419896 <= 1 = F	305419896 < 1 = F	305419896 > 1 = T	305419896 == 1 = F
305419896 <= 16781313 = F	305419896 < 16781313 = F	305419896 > 16781313 = T	305419896 == 16781313 = F
305419896 <= 276828288 = F	305419896 < 276828288 = F	305419896 > 276828288 = T	305419896 == 276828288 = F
305419896 <= 255 = F	305419896 < 255 = F	305419896 > 255 = T	305419896 == 255 = F
305419896 <= 65535 = F	305419896 < 65535 = F	305419896 > 65535 = T	305419896 == 65535 = F
305419896 <= 16777215 = F	305419896 < 16777215 = F	305419896 > 16777215 = T	305419896 == 16777215 = F
305419896 <= -1 = F	305419896 < -1 = F	305419896 > 4294967295 = F	305419896 == -1 = F
305419896 <= 305419896 = T	305419896 < 305419896 = F	305419896 > 305419896 = F	305419896 == 305419896 = T
305419896 <= -1412568388 = F	305419896 < -1412568388 = F	305419896 > 2882398908 = F	305419896 == -1412568388 = F
305419896 <= 178301450 = F	305419896 < 178301450 = F	305419896 > 178301450 = T	305419896 == 178301450 = F
305419896 <= 1442144086 = T	305419896 < 1442144086 = T	305419896 > 1442144086 = F	305419896 == 1442144086 = F

-1412568388 <= 0 = T	-1412568388 < 0 = T	2882398908 > 0 = T	-1412568388 == 0 = F
-1412568388 <= 1 = T	-1412568388 < 1 = T	2882398908 > 1 = T	-1412568388 == 1 = F
-1412568388 <= 16781313 = T	-1412568388 < 16781313 = T	2882398908 > 16781313 = T	-1412568388 == 16781313 = F
-1412568388 <= 276828288 = T	-1412568388 < 276828288 = T	2882398908 > 276828288 = T	-1412568388 == 276828288 = F
-1412568388 <= 255 = T	-1412568388 < 255 = T	2882398908 > 255 = T	-1412568388 == 255 = F
-1412568388 <= 65535 = T	-1412568388 < 65535 = T	2882398908 > 65535 = T	-1412568388 == 65535 = F
-1412568388 <= 16777215 = T	-1412568388 < 16777215 = T	2882398908 > 16777215 = T	-1412568388 == 16777215 = F
-1412568388 <= -1 = T	-1412568388 < -1 = T	2882398908 > 4294967295 = F	-1412568388 == -1 = F
-1412568388 <= 305419896 = T	-1412568388 < 305419896 = T	2882398908 > 305419896 = T	-1412568388 == 305419896 = F
-1412568388 <= -1412568388 = T	-1412568388 < -1412568388 = F	2882398908 > 2882398908 = F	-1412568388 == -1412568388 = T
-1412568388 <= 178301450 = T	-1412568388 < 178301450 = T	2882398908 > 178301450 = T	-1412568388 == 178301450 = F
-1412568388 <= 1442144086 = T	-1412568388 < 1442144086 = T	2882398908 > 1442144086 = T	-1412568388 == 1442144086 = F

178301450 <= 0 = F	178301450 < 0 = F	178301450 > 0 = T	178301450 == 0 = F
178301450 <= 1 = F	178301450 < 1 = F	178301450 > 1 = T	178301450 == 1 = F
178301450 <= 16781313 = F	178301450 < 16781313 = F	178301450 > 16781313 = T	178301450 == 16781313 = F
178301450 <= 276828288 = T	178301450 < 276828288 = T	178301450 > 276828288 = F	178301450 == 276828288 = F
178301450 <= 255 = F	178301450 < 255 = F	178301450 > 255 = T	178301450 == 255 = F
178301450 <= 65535 = F	178301450 < 65535 = F	178301450 > 65535 = T	178301450 == 65535 = F
178301450 <= 16777215 = F	178301450 < 16777215 = F	178301450 > 16777215 = T	178301450 == 16777215 = F
178301450 <= -1 = F	178301450 < -1 = F	178301450 > 4294967295 = F	178301450 == -1 = F
178301450 <= 305419896 = T	178301450 < 305419896 = T	178301450 > 305419896 = F	178301450 == 305419896 = F
178301450 <= -1412568388 = F	178301450 < -1412568388 = F	178301450 > 2882398908 = F	178301450 == -1412568388 = F
178301450 <= 178301450 = T	178301450 < 178301450 = F	178301450 > 178301450 = F	178301450 == 178301450 = T
178301450 <= 1442144086 = T	178301450 < 1442144086 = T	178301450 > 1442144086 = F	178301450 == 1442144086 = F

1442144086 <= 0 = F	1442144086 < 0 = F	1442144086 > 0 = T	1442144086 == 0 = F
1442144086 <= 1 = F	1442144086 < 1 = F	1442144086 > 1 = T	1442144086 == 1 = F
1442144086 <= 16781313 = F	1442144086 < 16781313 = F	1442144086 > 16781313 = T	1442144086 == 16781313 = F
1442144086 <= 276828288 = F	1442144086 < 276828288 = F	1442144086 > 276828288 = T	1442144086 == 276828288 = F
1442144086 <= 255 = F	1442144086 < 255 = F	1442144086 > 255 = T	1442144086 == 255 = F
1442144086 <= 65535 = F	1442144086 < 65535 = F	1442144086 > 65535 = T	1442144086 == 65535 = F
1442144086 <= 16777215 = F	1442144086 < 16777215 = F	1442144086 > 16777215 = T	1442144086 == 16777215 = F
1442144086 <= -1 = F	1442144086 < -1 = F	1442144086 > 4294967295 = F	1442144086 == -1 = F
1442144086 <= 305419896 = F	1442144086 < 305419896 = F	1442144086 > 305419896 = T	1442144086 == 305419896 = F
1442144086 <= -1412568388 = F	1442144086 < -1412568388 = F	1442144086 > 2882398908 = F	1442144086 == -1412568388 = F
1442144086 <= 178301450 = F	1442144086 < 178301450 = F	1442144086 > 178301450 = T	1442144086 == 178301450 = F
1442144086 <= 1442144086 = T	1442144086 < 1442144086 = F	1442144086 > 1442144086 = F	1442144086 == 1442144086 = T
