1013904223
1196435762
-775096599
-1426500812
1649599747
-1624324474
1476291629
-1546035288
-2114076953
-1796165862
-873057359
-1127147172
-1658591989
-493422866
28987765
-2084129712
-1255277713
1338634754
1649346937
-1526094716
-2040732141
-1968360362
1719328701
1061592568
53332215
1140036074
-70608831
-1665428308
1946028059
573775550
1473591045
95141024
1592739711
1618554578
-37748727
-1609332268
-1676973277
740185638
-100501683
-1868779448
967350023
366635194
-1737858863
-791534596
353185579
706247310
408928405
1855199472
1263785871
-2071273566
594074265
684458788
-426806221
1929325558
166605533
-1654614376
1798252823
2071081866
171871585
2087307084
698505787
-647755170
634580517
1956956480
2017242015
1181484146
1221761321
-853012364
962199875
571258310
-942206355
-531148568
1371701031
1288172122
2012225009
-334004580
-212956853
1249037870
-454574155
-347943536
-540359761
2143919426
1774599097
1818014148
136057427
-1622936682
798365181
-1719279816
732141879
-1725389526
1449661057
-441431572
1541586011
-1562262018
-862505659
320021984
-2007031873
697346578
-1739799991
-2032212204
