divu: 1 / 1 = 1	divs: 1 / 1 = 1
modu: 1 % 1 = 0	mods: 1 % 1 = 0
divu: 2147483648 / 234 = 9177280	divs: -2147483648 / 234 = -9177280
modu: 2147483648 % 234 = 128	mods: -2147483648 % 234 = -128
divu: 234 / 2147483648 = 0	divs: 234 / -2147483648 = 0
modu: 234 % 2147483648 = 234	mods: 234 % -2147483648 = 234
divu: 2147483648 / 2147483648 = 1	divs: -2147483648 / -2147483648 = 1
modu: 2147483648 % 2147483648 = 0	mods: -2147483648 % -2147483648 = 0
divu: 1013904223 / 598217881 = 1	divs: 1013904223 / 598217881 = 1
modu: 1013904223 % 598217881 = 415686342	mods: 1013904223 % 598217881 = 415686342
divu: 1649599747 / 4244207156 = 0	divs: 1649599747 / -50760140 = -32
modu: 1649599747 % 4244207156 = 1649599747	mods: 1649599747 % -50760140 = 25275267
divu: 2180890343 / 3396884365 = 0	divs: -2114076953 / -898082931 = 2
modu: 2180890343 % 3396884365 = 2180890343	mods: -2114076953 % -898082931 = -317911091
divu: 2636375307 / 4279547831 = 0	divs: -1658591989 / -15419465 = 107
modu: 2636375307 % 4279547831 = 2636375307	mods: -1658591989 % -15419465 = -8709234
divu: 3039689583 / 669317377 = 4	divs: -1255277713 / 669317377 = -1
modu: 3039689583 % 669317377 = 362420075	mods: -1255277713 % 669317377 = -585960336
divu: 2254235155 / 4233456034 = 0	divs: -2040732141 / -61511262 = 33
modu: 2254235155 % 4233456034 = 2254235155	mods: -2040732141 % -61511262 = -10860495
divu: 53332215 / 570018037 = 0	divs: 53332215 / 570018037 = 0
modu: 53332215 % 570018037 = 53332215	mods: 53332215 % 570018037 = 53332215
divu: 1946028059 / 17930485 = 108	divs: 1946028059 / 17930485 = 108
modu: 1946028059 % 17930485 = 9535679	mods: 1946028059 % 17930485 = 9535679
divu: 1592739711 / 809277289 = 1	divs: 1592739711 / 809277289 = 1
modu: 1592739711 % 809277289 = 783462422	mods: 1592739711 % 809277289 = 783462422
divu: 2617994019 / 23130801 = 113	divs: -1676973277 / 23130801 = -72
modu: 2617994019 % 23130801 = 4213506	mods: -1676973277 % 23130801 = -11555605
divu: 967350023 / 183317597 = 5	divs: 967350023 / 183317597 = 5
modu: 967350023 % 183317597 = 50762038	mods: 967350023 % 183317597 = 50762038
divu: 353185579 / 22070228 = 16	divs: 353185579 / 22070228 = 16
modu: 353185579 % 22070228 = 61931	mods: 353185579 % 22070228 = 61931
divu: 1263785871 / 3259330513 = 0	divs: 1263785871 / -1035636783 = -1
modu: 1263785871 % 3259330513 = 1263785871	mods: 1263785871 % -1035636783 = 228149088
divu: 3868161075 / 60291423 = 64	divs: -426806221 / 60291423 = -7
modu: 3868161075 % 60291423 = 9510003	mods: -426806221 % 60291423 = -4766260
divu: 1798252823 / 1035540933 = 1	divs: 1798252823 / 1035540933 = 1
modu: 1798252823 % 1035540933 = 762711890	mods: 1798252823 % 1035540933 = 762711890
divu: 698505787 / 4274724946 = 0	divs: 698505787 / -20242350 = -34
modu: 698505787 % 4274724946 = 698505787	mods: 698505787 % -20242350 = 10265887
divu: 2017242015 / 590742073 = 3	divs: 2017242015 / 590742073 = 3
modu: 2017242015 % 590742073 = 245015796	mods: 2017242015 % 590742073 = 245015796
divu: 962199875 / 17851822 = 53	divs: 962199875 / 17851822 = 53
modu: 962199875 % 17851822 = 16053309	mods: 962199875 % 17851822 = 16053309
divu: 1371701031 / 644086061 = 2	divs: 1371701031 / 644086061 = 2
modu: 1371701031 % 644086061 = 83528909	mods: 1371701031 % 644086061 = 83528909
divu: 4082010443 / 39032433 = 104	divs: -212956853 / 39032433 = -5
modu: 4082010443 % 39032433 = 22637411	mods: -212956853 % 39032433 = -17794688
divu: 3754607535 / 1071959713 = 3	divs: -540359761 / 1071959713 = 0
modu: 3754607535 % 1071959713 = 538728396	mods: -540359761 % 1071959713 = -540359761
divu: 136057427 / 4244250524 = 0	divs: 136057427 / -50716772 = -2
modu: 136057427 % 4244250524 = 136057427	mods: 136057427 % -50716772 = 34623883
divu: 732141879 / 3432272533 = 0	divs: 732141879 / -862694763 = 0
modu: 732141879 % 3432272533 = 732141879	mods: 732141879 % -862694763 = 732141879
divu: 1541586011 / 4246146607 = 0	divs: 1541586011 / -48820689 = -31
modu: 1541586011 % 4246146607 = 1541586011	mods: 1541586011 % -48820689 = 28144652
divu: 2287935423 / 348673289 = 6	divs: -2007031873 / 348673289 = -5
modu: 2287935423 % 348673289 = 195895689	mods: -2007031873 % 348673289 = -263665428
divu: 1992730467 / 4263448363 = 0	divs: 1992730467 / -31518933 = -63
modu: 1992730467 % 4263448363 = 1992730467	mods: 1992730467 % -31518933 = 7037688
divu: 3411244871 / 999335421 = 3	divs: -883722425 / 999335421 = 0
modu: 3411244871 % 999335421 = 413238608	mods: -883722425 % 999335421 = -883722425
divu: 91222891 / 4280053646 = 0	divs: 91222891 / -14913650 = -6
modu: 91222891 % 4280053646 = 91222891	mods: 91222891 % -14913650 = 1740991
divu: 2493169615 / 368514417 = 6	divs: -1801797681 / 368514417 = -4
modu: 2493169615 % 368514417 = 282083113	mods: -1801797681 % 368514417 = -327740013
divu: 1770700915 / 4251130969 = 0	divs: 1770700915 / -43836327 = -40
modu: 1770700915 % 4251130969 = 1770700915	mods: 1770700915 % -43836327 = 17247835
divu: 2811435351 / 3930026853 = 0	divs: -1483531945 / -364940443 = 4
modu: 2811435351 % 3930026853 = 2811435351	mods: -1483531945 % -364940443 = -23770173
divu: 1514614395 / 4257522316 = 0	divs: 1514614395 / -37444980 = -40
modu: 1514614395 % 4257522316 = 1514614395	mods: 1514614395 % -37444980 = 16815195
divu: 1398711263 / 388468697 = 3	divs: 1398711263 / 388468697 = 3
modu: 1398711263 % 388468697 = 233305172	mods: 1398711263 % 388468697 = 233305172
divu: 2497273219 / 4232326952 = 0	divs: -1797694077 / -62640344 = 28
modu: 2497273219 % 4232326952 = 2497273219	mods: -1797694077 % -62640344 = -43764445
divu: 3949166439 / 589773517 = 6	divs: -345800857 / 589773517 = 0
modu: 3949166439 % 589773517 = 410525337	mods: -345800857 % 589773517 = -345800857
divu: 2633592203 / 38440747 = 68	divs: -1661375093 / 38440747 = -43
modu: 2633592203 % 38440747 = 19621407	mods: -1661375093 % 38440747 = -8422972
divu: 1338756079 / 867189825 = 1	divs: 1338756079 / 867189825 = 1
modu: 1338756079 % 867189825 = 471566254	mods: 1338756079 % 867189825 = 471566254
divu: 2372107923 / 56242070 = 42	divs: -1922859373 / 56242070 = -34
modu: 2372107923 % 56242070 = 9940983	mods: -1922859373 % 56242070 = -10628993
divu: 2248518007 / 3966663733 = 0	divs: -2046449289 / -328303563 = 6
modu: 2248518007 % 3966663733 = 2248518007	mods: -2046449289 % -328303563 = -76627911
divu: 4166496411 / 4398441 = 947	divs: -128470885 / 4398441 = -29
modu: 4166496411 % 4398441 = 1172784	mods: -128470885 % 4398441 = -916096
divu: 1631795199 / 914862761 = 1	divs: 1631795199 / 914862761 = 1
modu: 1631795199 % 914862761 = 716932438	mods: 1631795199 % 914862761 = 716932438
divu: 3625591715 / 14091685 = 257	divs: -669375581 / 14091685 = -47
modu: 3625591715 % 14091685 = 4028670	mods: -669375581 % 14091685 = -7066386
divu: 989501319 / 4024154013 = 0	divs: 989501319 / -270813283 = -3
modu: 989501319 % 4024154013 = 989501319	mods: 989501319 % -270813283 = 177061470
divu: 2406676395 / 4229772616 = 0	divs: -1888290901 / -65194680 = 28
modu: 2406676395 % 4229772616 = 2406676395	mods: -1888290901 % -65194680 = -62839861
divu: 3144017935 / 38034193 = 82	divs: -1150949361 / 38034193 = -30
modu: 3144017935 % 38034193 = 25214109	mods: -1150949361 % 38034193 = -9923571
divu: 4197338291 / 4278622547 = 0	divs: -97629005 / -16344749 = 5
modu: 4197338291 % 4278622547 = 4197338291	mods: -97629005 % -16344749 = -15905260
divu: 2986559895 / 3805637893 = 0	divs: -1308407401 / -489329403 = 2
modu: 2986559895 % 3805637893 = 2986559895	mods: -1308407401 % -489329403 = -329748595
divu: 2375828155 / 27377350 = 86	divs: -1919139141 / 27377350 = -70
modu: 2375828155 % 27377350 = 21376055	mods: -1919139141 % 27377350 = -2724641
divu: 4262779935 / 4179410297 = 1	divs: -32187361 / -115556999 = 0
modu: 4262779935 % 4179410297 = 83369638	mods: -32187361 % -115556999 = -32187361
divu: 2299591107 / 47108770 = 48	divs: -1995376189 / 47108770 = -42
modu: 2299591107 % 47108770 = 38370147	mods: -1995376189 % 47108770 = -16807849
divu: 2267070375 / 3999407213 = 0	divs: -2027896921 / -295560083 = 6
modu: 2267070375 % 3999407213 = 2267070375	mods: -2027896921 % -295560083 = -254536423
divu: 912560587 / 41132517 = 22	divs: 912560587 / 41132517 = 22
modu: 912560587 % 41132517 = 7645213	mods: 912560587 % 41132517 = 7645213
divu: 1165038639 / 3840367073 = 0	divs: 1165038639 / -454600223 = -2
modu: 1165038639 % 3840367073 = 1165038639	mods: 1165038639 % -454600223 = 255838193
divu: 980626131 / 36673936 = 26	divs: 980626131 / 36673936 = 26
modu: 980626131 % 36673936 = 27103795	mods: 980626131 % 36673936 = 27103795
divu: 1519647159 / 388515285 = 3	divs: 1519647159 / 388515285 = 3
modu: 1519647159 % 388515285 = 354101304	mods: 1519647159 % 388515285 = 354101304
divu: 4120700123 / 4237280931 = 0	divs: -174267173 / -57686365 = 3
modu: 4120700123 % 4237280931 = 4120700123	mods: -174267173 % -57686365 = -1208078
divu: 970690623 / 3743068233 = 0	divs: 970690623 / -551899063 = -1
modu: 970690623 % 3743068233 = 970690623	mods: 970690623 % -551899063 = 418791560
divu: 4098220003 / 46323231 = 88	divs: -196747293 / 46323231 = -4
modu: 4098220003 % 46323231 = 21775675	mods: -196747293 % 46323231 = -11454369
divu: 3772643271 / 627992893 = 6	divs: -522324025 / 627992893 = 0
modu: 3772643271 % 627992893 = 4685913	mods: -522324025 % 627992893 = -522324025
divu: 1867922411 / 13440258 = 138	divs: 1867922411 / 13440258 = 138
modu: 1867922411 % 13440258 = 13166807	mods: 1867922411 % 13440258 = 13166807
divu: 536170575 / 952975537 = 0	divs: 536170575 / 952975537 = 0
modu: 536170575 % 952975537 = 536170575	mods: 536170575 % 952975537 = 536170575
divu: 3703183603 / 3960909 = 934	divs: -591783693 / 3960909 = -149
modu: 3703183603 % 3960909 = 3694597	mods: -591783693 % 3960909 = -1608252
divu: 4072651223 / 219874981 = 18	divs: -222316073 / 219874981 = -1
modu: 4072651223 % 219874981 = 114901565	mods: -222316073 % 219874981 = -2441092
divu: 2413926139 / 22836480 = 105	divs: -1881041157 / 22836480 = -82
modu: 2413926139 % 22836480 = 16095739	mods: -1881041157 % 22836480 = -8449797
divu: 3902755935 / 3803548441 = 1	divs: -392211361 / -491418855 = 0
modu: 3902755935 % 3803548441 = 99207494	mods: -392211361 % -491418855 = -392211361
divu: 1782633987 / 48910364 = 36	divs: 1782633987 / 48910364 = 36
modu: 1782633987 % 48910364 = 21860883	mods: 1782633987 % 48910364 = 21860883
divu: 2637840359 / 3585383949 = 0	divs: -1657126937 / -709583347 = 2
modu: 2637840359 % 3585383949 = 2637840359	mods: -1657126937 % -709583347 = -237960243
divu: 2614097419 / 4771487 = 547	divs: -1680869877 / 4771487 = -352
modu: 2614097419 % 4771487 = 4094030	mods: -1680869877 % 4771487 = -1306453
divu: 1090165871 / 3576303489 = 0	divs: 1090165871 / -718663807 = -1
modu: 1090165871 % 3576303489 = 1090165871	mods: 1090165871 % -718663807 = 371502064
divu: 1938495251 / 4264844682 = 0	divs: 1938495251 / -30122614 = -64
modu: 1938495251 % 4264844682 = 1938495251	mods: 1938495251 % -30122614 = 10647955
divu: 831425015 / 39956341 = 20	divs: 831425015 / 39956341 = 20
modu: 831425015 % 39956341 = 32298195	mods: 831425015 % 39956341 = 32298195
divu: 1072847131 / 4260825565 = 0	divs: 1072847131 / -34141731 = -31
modu: 1072847131 % 4260825565 = 1072847131	mods: 1072847131 % -34141731 = 14453470
divu: 2724735103 / 4162932201 = 0	divs: -1570232193 / -132035095 = 11
modu: 2724735103 % 4162932201 = 2724735103	mods: -1570232193 % -132035095 = -117846148
divu: 1065999395 / 4280058009 = 0	divs: 1065999395 / -14909287 = -71
modu: 1065999395 % 4280058009 = 1065999395	mods: 1065999395 % -14909287 = 7440018
divu: 1430099975 / 4192778973 = 0	divs: 1430099975 / -102188323 = -13
modu: 1430099975 % 4192778973 = 1430099975	mods: 1430099975 % -102188323 = 101651776
divu: 2707013675 / 4289072828 = 0	divs: -1587953621 / -5894468 = 269
modu: 2707013675 % 4289072828 = 2707013675	mods: -1587953621 % -5894468 = -2341729
divu: 1653143695 / 187811409 = 8	divs: 1653143695 / 187811409 = 8
modu: 1653143695 % 187811409 = 150652423	mods: 1653143695 % 187811409 = 150652423
divu: 2507023667 / 46047559 = 54	divs: -1787943629 / 46047559 = -38
modu: 2507023667 % 46047559 = 20455481	mods: -1787943629 % 46047559 = -38136387
divu: 302541335 / 4004528197 = 0	divs: 302541335 / -290439099 = -1
modu: 302541335 % 4004528197 = 302541335	mods: 302541335 % -290439099 = 12102236
divu: 1834429243 / 4260283706 = 0	divs: 1834429243 / -34683590 = -52
modu: 1834429243 % 4260283706 = 1834429243	mods: 1834429243 % -34683590 = 30882563
divu: 3275623583 / 227670201 = 14	divs: -1019343713 / 227670201 = -4
modu: 3275623583 % 227670201 = 88240769	mods: -1019343713 % 227670201 = -108662909
divu: 3433624131 / 4241532822 = 0	divs: -861343165 / -53434474 = 16
modu: 3433624131 % 4241532822 = 3433624131	mods: -861343165 % -53434474 = -6391581
divu: 3857711143 / 3334389677 = 1	divs: -437256153 / -960577619 = 0
modu: 3857711143 % 3334389677 = 523321466	mods: -437256153 % -960577619 = -437256153
divu: 3917191755 / 54793561 = 71	divs: -377775541 / 54793561 = -6
modu: 3917191755 % 54793561 = 26848924	mods: -377775541 % 54793561 = -49014175
divu: 44590255 / 639132961 = 0	divs: 44590255 / 639132961 = 0
modu: 44590255 % 639132961 = 44590255	mods: 44590255 % 639132961 = 44590255
divu: 3706405715 / 4263672708 = 0	divs: -588561581 / -31294588 = 18
modu: 3706405715 % 4263672708 = 3706405715	mods: -588561581 % -31294588 = -25258997
divu: 3543489079 / 62568725 = 56	divs: -751478217 / 62568725 = -12
modu: 3543489079 % 62568725 = 39640479	mods: -751478217 % 62568725 = -653517
divu: 60296539 / 41084695 = 1	divs: 60296539 / 41084695 = 1
modu: 60296539 % 41084695 = 19211844	mods: 60296539 % 41084695 = 19211844
divu: 1797849279 / 188451721 = 9	divs: 1797849279 / 188451721 = 9
modu: 1797849279 % 188451721 = 101783790	mods: 1797849279 % 188451721 = 101783790
divu: 1847990371 / 52299027 = 35	divs: 1847990371 / 52299027 = 35
modu: 1847990371 % 52299027 = 17524426	mods: 1847990371 % 52299027 = 17524426
divu: 1884911687 / 720022653 = 2	divs: 1884911687 / 720022653 = 2
modu: 1884911687 % 720022653 = 444866381	mods: 1884911687 % 720022653 = 444866381
divu: 1639810155 / 4246872694 = 0	divs: 1639810155 / -48094602 = -34
modu: 1639810155 % 4246872694 = 1639810155	mods: 1639810155 % -48094602 = 4593687
divu: 1667293391 / 3943820273 = 0	divs: 1667293391 / -351147023 = -4
modu: 1667293391 % 3943820273 = 1667293391	mods: 1667293391 % -351147023 = 262705299
divu: 3901387123 / 38218817 = 102	divs: -393580173 / 38218817 = -10
modu: 3901387123 % 38218817 = 3067789	mods: -393580173 % 38218817 = -11392003
divu: 4162673239 / 758454757 = 5	divs: -132294057 / 758454757 = 0
modu: 4162673239 % 758454757 = 370399454	mods: -132294057 % 758454757 = -132294057
divu: 1916600187 / 38973300 = 49	divs: 1916600187 / 38973300 = 49
modu: 1916600187 % 38973300 = 6908487	mods: 1916600187 % 38973300 = 6908487
divu: 2117141727 / 3545368153 = 0	divs: 2117141727 / -749599143 = -2
modu: 2117141727 % 3545368153 = 2117141727	mods: 2117141727 % -749599143 = 617943441
divu: 2223591043 / 45865232 = 48	divs: -2071376253 / 45865232 = -45
modu: 2223591043 % 45865232 = 22059907	mods: -2071376253 % 45865232 = -7440813
divu: 1501692007 / 3475013965 = 0	divs: 1501692007 / -819953331 = -1
modu: 1501692007 % 3475013965 = 1501692007	mods: 1501692007 % -819953331 = 681738676
divu: 2074574475 / 4242503187 = 0	divs: 2074574475 / -52464109 = -39
modu: 2074574475 % 4242503187 = 2074574475	mods: 2074574475 % -52464109 = 28474224
divu: 2327473391 / 424827585 = 5	divs: -1967493905 / 424827585 = -4
modu: 2327473391 % 424827585 = 203335466	mods: -1967493905 % 424827585 = -268183565
divu: 1523822483 / 45347710 = 33	divs: 1523822483 / 45347710 = 33
modu: 1523822483 % 45347710 = 27348053	mods: 1523822483 % 45347710 = 27348053
divu: 1204316791 / 282288821 = 4	divs: 1204316791 / 282288821 = 4
modu: 1204316791 % 282288821 = 75161507	mods: 1204316791 % 282288821 = 75161507
divu: 2899181979 / 33381969 = 86	divs: -1395785317 / 33381969 = -41
modu: 2899181979 % 33381969 = 28332645	mods: -1395785317 % 33381969 = -27124588
divu: 2757630207 / 3255396649 = 0	divs: -1537337089 / -1039570647 = 1
modu: 2757630207 % 3255396649 = 2757630207	mods: -1537337089 % -1039570647 = -497766442
divu: 1952093347 / 4261503885 = 0	divs: 1952093347 / -33463411 = -58
modu: 1952093347 % 4261503885 = 1952093347	mods: 1952093347 % -33463411 = 11215509
divu: 1248958599 / 370425373 = 3	divs: 1248958599 / 370425373 = 3
modu: 1248958599 % 370425373 = 137682480	mods: 1248958599 % 370425373 = 137682480
divu: 750880939 / 4290465840 = 0	divs: 750880939 / -4501456 = -166
modu: 750880939 % 4290465840 = 750880939	mods: 750880939 % -4501456 = 3639243
divu: 1119684879 / 3926765969 = 0	divs: 1119684879 / -368201327 = -3
modu: 1119684879 % 3926765969 = 1119684879	mods: 1119684879 % -368201327 = 15080898
divu: 3662609843 / 4237300027 = 0	divs: -632357453 / -57667269 = 10
modu: 3662609843 % 4237300027 = 3662609843	mods: -632357453 % -57667269 = -55684763
divu: 3443427991 / 239702917 = 14	divs: -851539305 / 239702917 = -3
modu: 3443427991 % 239702917 = 87587153	mods: -851539305 % 239702917 = -132430554
divu: 718476219 / 58864558 = 12	divs: 718476219 / 58864558 = 12
modu: 718476219 % 58864558 = 12101523	mods: 718476219 % 58864558 = 12101523
divu: 1236811039 / 764785657 = 1	divs: 1236811039 / 764785657 = 1
modu: 1236811039 % 764785657 = 472025382	mods: 1236811039 % 764785657 = 472025382
divu: 2787240643 / 15066250 = 184	divs: -1507726653 / 15066250 = -100
modu: 2787240643 % 15066250 = 15050643	mods: -1507726653 % 15066250 = -1101653
divu: 808468647 / 477749997 = 1	divs: 808468647 / 477749997 = 1
modu: 808468647 % 477749997 = 330718650	mods: 808468647 % 477749997 = 330718650
divu: 4002652875 / 9760973 = 410	divs: -292314421 / 9760973 = -29
modu: 4002652875 % 9760973 = 653945	mods: -292314421 % 9760973 = -9246204
divu: 426816815 / 276295777 = 1	divs: 426816815 / 276295777 = 1
modu: 426816815 % 276295777 = 150521038	mods: 426816815 % 276295777 = 150521038
divu: 293886931 / 4272080248 = 0	divs: 293886931 / -22887048 = -12
modu: 293886931 % 4272080248 = 293886931	mods: 293886931 % -22887048 = 19242355
divu: 3615996599 / 1061923925 = 3	divs: -678970697 / 1061923925 = 0
modu: 3615996599 % 1061923925 = 430224824	mods: -678970697 % 1061923925 = -678970697
divu: 3889444315 / 4270878603 = 0	divs: -405522981 / -24088693 = 16
modu: 3889444315 % 4270878603 = 3889444315	mods: -405522981 % -24088693 = -20103893
divu: 2655482175 / 3861571273 = 0	divs: -1639485121 / -433396023 = 3
modu: 2655482175 % 3861571273 = 2655482175	mods: -1639485121 % -433396023 = -339297052
divu: 2254917859 / 16817159 = 134	divs: -2040049437 / 16817159 = -121
modu: 2254917859 % 16817159 = 1418553	mods: -2040049437 % 16817159 = -5173198
divu: 1002830023 / 956657597 = 1	divs: 1002830023 / 956657597 = 1
modu: 1002830023 % 956657597 = 46172426	mods: 1002830023 % 956657597 = 46172426
divu: 3198536939 / 4293629930 = 0	divs: -1096430357 / -1337366 = 819
modu: 3198536939 % 4293629930 = 3198536939	mods: -1096430357 % -1337366 = -1127603
divu: 1625125199 / 969217841 = 1	divs: 1625125199 / 969217841 = 1
modu: 1625125199 % 969217841 = 655907358	mods: 1625125199 % 969217841 = 655907358
divu: 2935736819 / 22237237 = 132	divs: -1359230477 / 22237237 = -61
modu: 2935736819 % 22237237 = 421535	mods: -1359230477 % 22237237 = -2759020
divu: 4188797655 / 4153257253 = 1	divs: -106169641 / -141710043 = 0
modu: 4188797655 % 4153257253 = 35540402	mods: -106169641 % -141710043 = -106169641
divu: 1666803707 / 7819752 = 213	divs: 1666803707 / 7819752 = 213
modu: 1666803707 % 7819752 = 1196531	mods: 1666803707 % 7819752 = 1196531
divu: 2517874015 / 905773465 = 2	divs: -1777093281 / 905773465 = -1
modu: 2517874015 % 905773465 = 706327085	mods: -1777093281 % 905773465 = -871319816
divu: 2243086083 / 4253600260 = 0	divs: -2051881213 / -41367036 = 49
modu: 2243086083 % 4253600260 = 2243086083	mods: -2051881213 % -41367036 = -24896449
divu: 3795501287 / 4234863757 = 0	divs: -499466009 / -60103539 = 8
modu: 3795501287 % 4234863757 = 3795501287	mods: -499466009 % -60103539 = -18637697
divu: 511706891 / 64914823 = 7	divs: 511706891 / 64914823 = 7
modu: 511706891 % 64914823 = 57303130	mods: 511706891 % 64914823 = 57303130
divu: 789265775 / 220800513 = 3	divs: 789265775 / 220800513 = 3
modu: 789265775 % 220800513 = 126864236	mods: 789265775 % 220800513 = 126864236
divu: 1698514963 / 4272484722 = 0	divs: 1698514963 / -22482574 = -75
modu: 1698514963 % 4272484722 = 1698514963	mods: 1698514963 % -22482574 = 12321913
divu: 179522295 / 3301152245 = 0	divs: 179522295 / -993815051 = 0
modu: 179522295 % 3301152245 = 179522295	mods: 179522295 % -993815051 = 179522295
divu: 2699733531 / 4230355653 = 0	divs: -1595233765 / -64611643 = 24
modu: 2699733531 % 4230355653 = 2699733531	mods: -1595233765 % -64611643 = -44554333
divu: 3911518591 / 3779069033 = 1	divs: -383448705 / -515898263 = 0
modu: 3911518591 % 3779069033 = 132449558	mods: -383448705 % -515898263 = -383448705
divu: 411847971 / 4283805313 = 0	divs: 411847971 / -11161983 = -36
modu: 411847971 % 4283805313 = 411847971	mods: 411847971 % -11161983 = 10016583
divu: 3700857095 / 828260701 = 4	divs: -594110201 / 828260701 = 0
modu: 3700857095 % 828260701 = 387814291	mods: -594110201 % 828260701 = -594110201
divu: 329929003 / 2947492 = 111	divs: 329929003 / 2947492 = 111
modu: 329929003 % 2947492 = 2757391	mods: 329929003 % 2947492 = 2757391
divu: 1577195919 / 735583441 = 2	divs: 1577195919 / 735583441 = 2
modu: 1577195919 % 735583441 = 106029037	mods: 1577195919 % 735583441 = 106029037
divu: 3939554867 / 38463791 = 102	divs: -355412429 / 38463791 = -9
modu: 3939554867 % 38463791 = 16248185	mods: -355412429 % 38463791 = -9238310
divu: 631614231 / 4003555013 = 0	divs: 631614231 / -291412283 = -2
modu: 631614231 % 4003555013 = 631614231	mods: 631614231 % -291412283 = 48789665
divu: 672136251 / 36440610 = 18	divs: 672136251 / 36440610 = 18
modu: 672136251 % 36440610 = 16205271	mods: 672136251 % 36440610 = 16205271
divu: 327380383 / 640151353 = 0	divs: 327380383 / 640151353 = 0
modu: 327380383 % 640151353 = 327380383	mods: 327380383 % 640151353 = 327380383
divu: 3078349635 / 14584190 = 211	divs: -1216617661 / 14584190 = -83
modu: 3078349635 % 14584190 = 1085545	mods: -1216617661 % 14584190 = -6129891
divu: 669090087 / 3700655661 = 0	divs: 669090087 / -594311635 = -1
modu: 669090087 % 3700655661 = 669090087	mods: 669090087 % -594311635 = 74778452
divu: 665627467 / 4264965185 = 0	divs: 665627467 / -30002111 = -22
modu: 665627467 % 4264965185 = 665627467	mods: 665627467 % -30002111 = 5581025
divu: 2345272751 / 822475681 = 2	divs: -1949694545 / 822475681 = -2
modu: 2345272751 % 822475681 = 700321389	mods: -1949694545 % 822475681 = -304743183
divu: 4198397011 / 25196396 = 166	divs: -96570285 / 25196396 = -3
modu: 4198397011 % 25196396 = 15795275	mods: -96570285 % 25196396 = -20981097
divu: 2844465975 / 4141555605 = 0	divs: -1450501321 / -153411691 = 9
modu: 2844465975 % 4141555605 = 2844465975	mods: -1450501321 % -153411691 = -69796102
divu: 72441435 / 12083199 = 5	divs: 72441435 / 12083199 = 5
modu: 72441435 % 12083199 = 12025440	mods: 72441435 % 12083199 = 12025440
divu: 1429660095 / 1021886985 = 1	divs: 1429660095 / 1021886985 = 1
modu: 1429660095 % 1021886985 = 407773110	mods: 1429660095 % 1021886985 = 407773110
divu: 3741944163 / 4265253627 = 0	divs: -553023133 / -29713669 = 18
modu: 3741944163 % 4265253627 = 3741944163	mods: -553023133 % -29713669 = -18177091
divu: 86210887 / 1019130621 = 0	divs: 86210887 / 1019130621 = 0
modu: 86210887 % 1019130621 = 86210887	mods: 86210887 % 1019130621 = 86210887
divu: 1745818987 / 4244206942 = 0	divs: 1745818987 / -50760354 = -34
modu: 1745818987 % 4244206942 = 1745818987	mods: 1745818987 % -50760354 = 19966951
divu: 443220431 / 837206641 = 0	divs: 443220431 / 837206641 = 0
modu: 443220431 % 837206641 = 443220431	mods: 443220431 % 837206641 = 443220431
divu: 1376658035 / 53533737 = 25	divs: 1376658035 / 53533737 = 25
modu: 1376658035 % 53533737 = 38314610	mods: 1376658035 % 53533737 = 38314610
divu: 963353431 / 421838949 = 2	divs: 963353431 / 421838949 = 2
modu: 963353431 % 421838949 = 119675533	mods: 963353431 % 421838949 = 119675533
divu: 3308703867 / 60447836 = 54	divs: -986263429 / 60447836 = -16
modu: 3308703867 % 60447836 = 44520723	mods: -986263429 % 60447836 = -19098053
divu: 2991023583 / 3619060953 = 0	divs: -1303943713 / -675906343 = 1
modu: 2991023583 % 3619060953 = 2991023583	mods: -1303943713 % -675906343 = -628037370
divu: 264060803 / 4246807288 = 0	divs: 264060803 / -48160008 = -5
modu: 264060803 % 4246807288 = 264060803	mods: 264060803 % -48160008 = 23260763
divu: 4184113511 / 3398682573 = 1	divs: -110853785 / -896284723 = 0
modu: 4184113511 % 3398682573 = 785430938	mods: -110853785 % -896284723 = -110853785
divu: 1717145483 / 18218235 = 94	divs: 1717145483 / 18218235 = 94
modu: 1717145483 % 18218235 = 4631393	mods: 1717145483 % 18218235 = 4631393
divu: 804064751 / 1034842433 = 0	divs: 804064751 / 1034842433 = 0
modu: 804064751 % 1034842433 = 804064751	mods: 804064751 % 1034842433 = 804064751
divu: 3032998035 / 4293089126 = 0	divs: -1261969261 / -1878170 = 671
modu: 3032998035 % 4293089126 = 3032998035	mods: -1261969261 % -1878170 = -1717191
divu: 3159305079 / 3409070389 = 0	divs: -1135662217 / -885896907 = 1
modu: 3159305079 % 3409070389 = 3159305079	mods: -1135662217 % -885896907 = -249765310
divu: 2118668955 / 4232134457 = 0	divs: 2118668955 / -62832839 = -33
modu: 2118668955 % 4232134457 = 2118668955	mods: 2118668955 % -62832839 = 45185268
divu: 4072471039 / 583344041 = 6	divs: -222496257 / 583344041 = 0
modu: 4072471039 % 583344041 = 572406793	mods: -222496257 % 583344041 = -222496257
divu: 3458139555 / 4243153269 = 0	divs: -836827741 / -51814027 = 16
modu: 3458139555 % 4243153269 = 3458139555	mods: -836827741 % -51814027 = -7803309
divu: 3450640775 / 952550557 = 3	divs: -844326521 / 952550557 = 0
modu: 3450640775 % 952550557 = 592989104	mods: -844326521 % 952550557 = -844326521
divu: 940841387 / 4241165080 = 0	divs: 940841387 / -53802216 = -17
modu: 940841387 % 4241165080 = 940841387	mods: 940841387 % -53802216 = 26203715
divu: 3059231247 / 3717269521 = 0	divs: -1235736049 / -577697775 = 2
modu: 3059231247 % 3717269521 = 3059231247	mods: -1235736049 % -577697775 = -80340499
divu: 3908284083 / 29305123 = 133	divs: -386683213 / 29305123 = -13
modu: 3908284083 % 29305123 = 10702724	mods: -386683213 % 29305123 = -5716614
divu: 1564330903 / 1018673669 = 1	divs: 1564330903 / 1018673669 = 1
modu: 1564330903 % 1018673669 = 545657234	mods: 1564330903 % 1018673669 = 545657234
divu: 3339576507 / 29116566 = 114	divs: -955390789 / 29116566 = -32
modu: 3339576507 % 29116566 = 20287983	mods: -955390789 % 29116566 = -23660677
divu: 2728369695 / 3293096569 = 0	divs: -1566597601 / -1001870727 = 1
modu: 2728369695 % 3293096569 = 2728369695	mods: -1566597601 % -1001870727 = -564726874
divu: 2729892803 / 4270495346 = 0	divs: -1565074493 / -24471950 = 63
modu: 2729892803 % 4270495346 = 2729892803	mods: -1565074493 % -24471950 = -23341643
divu: 2399388071 / 4094404973 = 0	divs: -1895579225 / -200562323 = 9
modu: 2399388071 % 4094404973 = 2399388071	mods: -1895579225 % -200562323 = -90518318
divu: 1992733643 / 4294434741 = 0	divs: 1992733643 / -532555 = -3741
modu: 1992733643 % 4294434741 = 1992733643	mods: 1992733643 % -532555 = 445388
divu: 1538545199 / 348292833 = 4	divs: 1538545199 / 348292833 = 4
modu: 1538545199 % 348292833 = 145373867	mods: 1538545199 % 348292833 = 145373867
divu: 3105459411 / 4237005152 = 0	divs: -1189507885 / -57962144 = 20
modu: 3105459411 % 4237005152 = 3105459411	mods: -1189507885 % -57962144 = -30265005
divu: 2336193463 / 3613987541 = 0	divs: -1958773833 / -680979755 = 2
modu: 2336193463 % 3613987541 = 2336193463	mods: -1958773833 % -680979755 = -596814323
divu: 3138356955 / 12236915 = 256	divs: -1156610341 / 12236915 = -94
modu: 3138356955 % 12236915 = 5706715	mods: -1156610341 % 12236915 = -6340331
divu: 301421119 / 3698662729 = 0	divs: 301421119 / -596304567 = 0
modu: 301421119 % 3698662729 = 301421119	mods: 301421119 % -596304567 = 301421119
divu: 437043683 / 4238082543 = 0	divs: 437043683 / -56884753 = -7
modu: 437043683 % 4238082543 = 437043683	mods: 437043683 % -56884753 = 38850412
divu: 2389834183 / 588674621 = 4	divs: -1905133113 / 588674621 = -3
modu: 2389834183 % 588674621 = 35135699	mods: -1905133113 % 588674621 = -139109250
divu: 1073307115 / 1817298 = 590	divs: 1073307115 / 1817298 = 590
modu: 1073307115 % 1817298 = 1101295	mods: 1073307115 % 1817298 = 1101295
divu: 2450100815 / 3765890481 = 0	divs: -1844866481 / -529076815 = 3
modu: 2450100815 % 3765890481 = 2450100815	mods: -1844866481 % -529076815 = -257636036
divu: 4089543411 / 4256157725 = 0	divs: -205423885 / -38809571 = 5
modu: 4089543411 % 4256157725 = 4089543411	mods: -205423885 % -38809571 = -11376030
divu: 4183571415 / 1056592805 = 3	divs: -111395881 / 1056592805 = 0
modu: 4183571415 % 1056592805 = 1013793000	mods: -111395881 % 1056592805 = -111395881
divu: 4191500539 / 59494096 = 70	divs: -103466757 / 59494096 = -1
modu: 4191500539 % 59494096 = 26913819	mods: -103466757 % 59494096 = -43972661
divu: 1422661215 / 92174361 = 15	divs: 1422661215 / 92174361 = 15
modu: 1422661215 % 92174361 = 40045800	mods: 1422661215 % 92174361 = 40045800
divu: 3299391491 / 55895020 = 59	divs: -995575805 / 55895020 = -17
modu: 3299391491 % 55895020 = 1585311	mods: -995575805 % 55895020 = -45360465
divu: 1627341287 / 647703309 = 2	divs: 1627341287 / 647703309 = 2
modu: 1627341287 % 647703309 = 331934669	mods: 1627341287 % 647703309 = 331934669
divu: 892606475 / 5626991 = 158	divs: 892606475 / 5626991 = 158
modu: 892606475 % 5626991 = 3541897	mods: 892606475 % 5626991 = 3541897
divu: 2405424751 / 937573505 = 2	divs: -1889542545 / 937573505 = -2
modu: 2405424751 % 937573505 = 530277741	mods: -1889542545 % 937573505 = -14395535
divu: 1802729747 / 4231210330 = 0	divs: 1802729747 / -63756966 = -28
modu: 1802729747 % 4231210330 = 1802729747	mods: 1802729747 % -63756966 = 17534699
divu: 2661026807 / 3508501621 = 0	divs: -1633940489 / -786465675 = 2
modu: 2661026807 % 3508501621 = 2661026807	mods: -1633940489 % -786465675 = -61009139
divu: 2800155419 / 35572653 = 78	divs: -1494811877 / 35572653 = -42
modu: 2800155419 % 35572653 = 25488485	mods: -1494811877 % 35572653 = -760451
