
00000000 & 00000000 = 00000000	00000000 | 00000000 = 00000000	00000000 ^ 00000000 = 00000000
00000000 & 00000001 = 00000000	00000000 | 00000001 = 00000001	00000000 ^ 00000001 = 00000001
00000000 & 01001001 = 00000000	00000000 | 01001001 = 01001001	00000000 ^ 01001001 = 01001001
00000000 & 10801080 = 00000000	00000000 | 10801080 = 10801080	00000000 ^ 10801080 = 10801080
00000000 & 000000ff = 00000000	00000000 | 000000ff = 000000ff	00000000 ^ 000000ff = 000000ff
00000000 & 0000ffff = 00000000	00000000 | 0000ffff = 0000ffff	00000000 ^ 0000ffff = 0000ffff
00000000 & 00ffffff = 00000000	00000000 | 00ffffff = 00ffffff	00000000 ^ 00ffffff = 00ffffff
00000000 & ffffffff = 00000000	00000000 | ffffffff = ffffffff	00000000 ^ ffffffff = ffffffff
00000000 & 12345678 = 00000000	00000000 | 12345678 = 12345678	00000000 ^ 12345678 = 12345678
00000000 & abcdeabc = 00000000	00000000 | abcdeabc = abcdeabc	00000000 ^ abcdeabc = abcdeabc
00000000 & 0aa0aa0a = 00000000	00000000 | 0aa0aa0a = 0aa0aa0a	00000000 ^ 0aa0aa0a = 0aa0aa0a
00000000 & aa0aa0aa = 00000000	00000000 | aa0aa0aa = aa0aa0aa	00000000 ^ aa0aa0aa = aa0aa0aa
~ 00000000 = ffffffff

00000001 & 00000000 = 00000000	00000001 | 00000000 = 00000001	00000001 ^ 00000000 = 00000001
00000001 & 00000001 = 00000001	00000001 | 00000001 = 00000001	00000001 ^ 00000001 = 00000000
00000001 & 01001001 = 00000001	00000001 | 01001001 = 01001001	00000001 ^ 01001001 = 01001000
00000001 & 10801080 = 00000000	00000001 | 10801080 = 10801081	00000001 ^ 10801080 = 10801081
00000001 & 000000ff = 00000001	00000001 | 000000ff = 000000ff	00000001 ^ 000000ff = 000000fe
00000001 & 0000ffff = 00000001	00000001 | 0000ffff = 0000ffff	00000001 ^ 0000ffff = 0000fffe
00000001 & 00ffffff = 00000001	00000001 | 00ffffff = 00ffffff	00000001 ^ 00ffffff = 00fffffe
00000001 & ffffffff = 00000001	00000001 | ffffffff = ffffffff	00000001 ^ ffffffff = fffffffe
00000001 & 12345678 = 00000000	00000001 | 12345678 = 12345679	00000001 ^ 12345678 = 12345679
00000001 & abcdeabc = 00000000	00000001 | abcdeabc = abcdeabd	00000001 ^ abcdeabc = abcdeabd
00000001 & 0aa0aa0a = 00000000	00000001 | 0aa0aa0a = 0aa0aa0b	00000001 ^ 0aa0aa0a = 0aa0aa0b
00000001 & aa0aa0aa = 00000000	00000001 | aa0aa0aa = aa0aa0ab	00000001 ^ aa0aa0aa = aa0aa0ab
~ 00000001 = fffffffe

01001001 & 00000000 = 00000000	01001001 | 00000000 = 01001001	01001001 ^ 00000000 = 01001001
01001001 & 00000001 = 00000001	01001001 | 00000001 = 01001001	01001001 ^ 00000001 = 01001000
01001001 & 01001001 = 01001001	01001001 | 01001001 = 01001001	01001001 ^ 01001001 = 00000000
01001001 & 10801080 = 00001000	01001001 | 10801080 = 11801081	01001001 ^ 10801080 = 11800081
01001001 & 000000ff = 00000001	01001001 | 000000ff = 010010ff	01001001 ^ 000000ff = 010010fe
01001001 & 0000ffff = 00001001	01001001 | 0000ffff = 0100ffff	01001001 ^ 0000ffff = 0100effe
01001001 & 00ffffff = 00001001	01001001 | 00ffffff = 01ffffff	01001001 ^ 00ffffff = 01ffeffe
01001001 & ffffffff = 01001001	01001001 | ffffffff = ffffffff	01001001 ^ ffffffff = feffeffe
01001001 & 12345678 = 00001000	01001001 | 12345678 = 13345679	01001001 ^ 12345678 = 13344679
01001001 & abcdeabc = 01000000	01001001 | abcdeabc = abcdfabd	01001001 ^ abcdeabc = aacdfabd
01001001 & 0aa0aa0a = 00000000	01001001 | 0aa0aa0a = 0ba0ba0b	01001001 ^ 0aa0aa0a = 0ba0ba0b
01001001 & aa0aa0aa = 00000000	01001001 | aa0aa0aa = ab0ab0ab	01001001 ^ aa0aa0aa = ab0ab0ab
~ 01001001 = feffeffe

10801080 & 00000000 = 00000000	10801080 | 00000000 = 10801080	10801080 ^ 00000000 = 10801080
10801080 & 00000001 = 00000000	10801080 | 00000001 = 10801081	10801080 ^ 00000001 = 10801081
10801080 & 01001001 = 00001000	10801080 | 01001001 = 11801081	10801080 ^ 01001001 = 11800081
10801080 & 10801080 = 10801080	10801080 | 10801080 = 10801080	10801080 ^ 10801080 = 00000000
10801080 & 000000ff = 00000080	10801080 | 000000ff = 108010ff	10801080 ^ 000000ff = 1080107f
10801080 & 0000ffff = 00001080	10801080 | 0000ffff = 1080ffff	10801080 ^ 0000ffff = 1080ef7f
10801080 & 00ffffff = 00801080	10801080 | 00ffffff = 10ffffff	10801080 ^ 00ffffff = 107fef7f
10801080 & ffffffff = 10801080	10801080 | ffffffff = ffffffff	10801080 ^ ffffffff = ef7fef7f
10801080 & 12345678 = 10001000	10801080 | 12345678 = 12b456f8	10801080 ^ 12345678 = 02b446f8
10801080 & abcdeabc = 00800080	10801080 | abcdeabc = bbcdfabc	10801080 ^ abcdeabc = bb4dfa3c
10801080 & 0aa0aa0a = 00800000	10801080 | 0aa0aa0a = 1aa0ba8a	10801080 ^ 0aa0aa0a = 1a20ba8a
10801080 & aa0aa0aa = 00000080	10801080 | aa0aa0aa = ba8ab0aa	10801080 ^ aa0aa0aa = ba8ab02a
~ 10801080 = ef7fef7f

000000ff & 00000000 = 00000000	000000ff | 00000000 = 000000ff	000000ff ^ 00000000 = 000000ff
000000ff & 00000001 = 00000001	000000ff | 00000001 = 000000ff	000000ff ^ 00000001 = 000000fe
000000ff & 01001001 = 00000001	000000ff | 01001001 = 010010ff	000000ff ^ 01001001 = 010010fe
000000ff & 10801080 = 00000080	000000ff | 10801080 = 108010ff	000000ff ^ 10801080 = 1080107f
000000ff & 000000ff = 000000ff	000000ff | 000000ff = 000000ff	000000ff ^ 000000ff = 00000000
000000ff & 0000ffff = 000000ff	000000ff | 0000ffff = 0000ffff	000000ff ^ 0000ffff = 0000ff00
000000ff & 00ffffff = 000000ff	000000ff | 00ffffff = 00ffffff	000000ff ^ 00ffffff = 00ffff00
000000ff & ffffffff = 000000ff	000000ff | ffffffff = ffffffff	000000ff ^ ffffffff = ffffff00
000000ff & 12345678 = 00000078	000000ff | 12345678 = 123456ff	000000ff ^ 12345678 = 12345687
000000ff & abcdeabc = 000000bc	000000ff | abcdeabc = abcdeaff	000000ff ^ abcdeabc = abcdea43
000000ff & 0aa0aa0a = 0000000a	000000ff | 0aa0aa0a = 0aa0aaff	000000ff ^ 0aa0aa0a = 0aa0aaf5
000000ff & aa0aa0aa = 000000aa	000000ff | aa0aa0aa = aa0aa0ff	000000ff ^ aa0aa0aa = aa0aa055
~ 000000ff = ffffff00

0000ffff & 00000000 = 00000000	0000ffff | 00000000 = 0000ffff	0000ffff ^ 00000000 = 0000ffff
0000ffff & 00000001 = 00000001	0000ffff | 00000001 = 0000ffff	0000ffff ^ 00000001 = 0000fffe
0000ffff & 01001001 = 00001001	0000ffff | 01001001 = 0100ffff	0000ffff ^ 01001001 = 0100effe
0000ffff & 10801080 = 00001080	0000ffff | 10801080 = 1080ffff	0000ffff ^ 10801080 = 1080ef7f
0000ffff & 000000ff = 000000ff	0000ffff | 000000ff = 0000ffff	0000ffff ^ 000000ff = 0000ff00
0000ffff & 0000ffff = 0000ffff	0000ffff | 0000ffff = 0000ffff	0000ffff ^ 0000ffff = 00000000
0000ffff & 00ffffff = 0000ffff	0000ffff | 00ffffff = 00ffffff	0000ffff ^ 00ffffff = 00ff0000
0000ffff & ffffffff = 0000ffff	0000ffff | ffffffff = ffffffff	0000ffff ^ ffffffff = ffff0000
0000ffff & 12345678 = 00005678	0000ffff | 12345678 = 1234ffff	0000ffff ^ 12345678 = 1234a987
0000ffff & abcdeabc = 0000eabc	0000ffff | abcdeabc = abcdffff	0000ffff ^ abcdeabc = abcd1543
0000ffff & 0aa0aa0a = 0000aa0a	0000ffff | 0aa0aa0a = 0aa0ffff	0000ffff ^ 0aa0aa0a = 0aa055f5
0000ffff & aa0aa0aa = 0000a0aa	0000ffff | aa0aa0aa = aa0affff	0000ffff ^ aa0aa0aa = aa0a5f55
~ 0000ffff = ffff0000

00ffffff & 00000000 = 00000000	00ffffff | 00000000 = 00ffffff	00ffffff ^ 00000000 = 00ffffff
00ffffff & 00000001 = 00000001	00ffffff | 00000001 = 00ffffff	00ffffff ^ 00000001 = 00fffffe
00ffffff & 01001001 = 00001001	00ffffff | 01001001 = 01ffffff	00ffffff ^ 01001001 = 01ffeffe
00ffffff & 10801080 = 00801080	00ffffff | 10801080 = 10ffffff	00ffffff ^ 10801080 = 107fef7f
00ffffff & 000000ff = 000000ff	00ffffff | 000000ff = 00ffffff	00ffffff ^ 000000ff = 00ffff00
00ffffff & 0000ffff = 0000ffff	00ffffff | 0000ffff = 00ffffff	00ffffff ^ 0000ffff = 00ff0000
00ffffff & 00ffffff = 00ffffff	00ffffff | 00ffffff = 00ffffff	00ffffff ^ 00ffffff = 00000000
00ffffff & ffffffff = 00ffffff	00ffffff | ffffffff = ffffffff	00ffffff ^ ffffffff = ff000000
00ffffff & 12345678 = 00345678	00ffffff | 12345678 = 12ffffff	00ffffff ^ 12345678 = 12cba987
00ffffff & abcdeabc = 00cdeabc	00ffffff | abcdeabc = abffffff	00ffffff ^ abcdeabc = ab321543
00ffffff & 0aa0aa0a = 00a0aa0a	00ffffff | 0aa0aa0a = 0affffff	00ffffff ^ 0aa0aa0a = 0a5f55f5
00ffffff & aa0aa0aa = 000aa0aa	00ffffff | aa0aa0aa = aaffffff	00ffffff ^ aa0aa0aa = aaf55f55
~ 00ffffff = ff000000

ffffffff & 00000000 = 00000000	ffffffff | 00000000 = ffffffff	ffffffff ^ 00000000 = ffffffff
ffffffff & 00000001 = 00000001	ffffffff | 00000001 = ffffffff	ffffffff ^ 00000001 = fffffffe
ffffffff & 01001001 = 01001001	ffffffff | 01001001 = ffffffff	ffffffff ^ 01001001 = feffeffe
ffffffff & 10801080 = 10801080	ffffffff | 10801080 = ffffffff	ffffffff ^ 10801080 = ef7fef7f
ffffffff & 000000ff = 000000ff	ffffffff | 000000ff = ffffffff	ffffffff ^ 000000ff = ffffff00
ffffffff & 0000ffff = 0000ffff	ffffffff | 0000ffff = ffffffff	ffffffff ^ 0000ffff = ffff0000
ffffffff & 00ffffff = 00ffffff	ffffffff | 00ffffff = ffffffff	ffffffff ^ 00ffffff = ff000000
ffffffff & ffffffff = ffffffff	ffffffff | ffffffff = ffffffff	ffffffff ^ ffffffff = 00000000
ffffffff & 12345678 = 12345678	ffffffff | 12345678 = ffffffff	ffffffff ^ 12345678 = edcba987
ffffffff & abcdeabc = abcdeabc	ffffffff | abcdeabc = ffffffff	ffffffff ^ abcdeabc = 54321543
ffffffff & 0aa0aa0a = 0aa0aa0a	ffffffff | 0aa0aa0a = ffffffff	ffffffff ^ 0aa0aa0a = f55f55f5
ffffffff & aa0aa0aa = aa0aa0aa	ffffffff | aa0aa0aa = ffffffff	ffffffff ^ aa0aa0aa = 55f55f55
~ ffffffff = 00000000

12345678 & 00000000 = 00000000	12345678 | 00000000 = 12345678	12345678 ^ 00000000 = 12345678
12345678 & 00000001 = 00000000	12345678 | 00000001 = 12345679	12345678 ^ 00000001 = 12345679
12345678 & 01001001 = 00001000	12345678 | 01001001 = 13345679	12345678 ^ 01001001 = 13344679
12345678 & 10801080 = 10001000	12345678 | 10801080 = 12b456f8	12345678 ^ 10801080 = 02b446f8
12345678 & 000000ff = 00000078	12345678 | 000000ff = 123456ff	12345678 ^ 000000ff = 12345687
12345678 & 0000ffff = 00005678	12345678 | 0000ffff = 1234ffff	12345678 ^ 0000ffff = 1234a987
12345678 & 00ffffff = 00345678	12345678 | 00ffffff = 12ffffff	12345678 ^ 00ffffff = 12cba987
12345678 & ffffffff = 12345678	12345678 | ffffffff = ffffffff	12345678 ^ ffffffff = edcba987
12345678 & 12345678 = 12345678	12345678 | 12345678 = 12345678	12345678 ^ 12345678 = 00000000
12345678 & abcdeabc = 02044238	12345678 | abcdeabc = bbfdfefc	12345678 ^ abcdeabc = b9f9bcc4
12345678 & 0aa0aa0a = 02200208	12345678 | 0aa0aa0a = 1ab4fe7a	12345678 ^ 0aa0aa0a = 1894fc72
12345678 & aa0aa0aa = 02000028	12345678 | aa0aa0aa = ba3ef6fa	12345678 ^ aa0aa0aa = b83ef6d2
~ 12345678 = edcba987

abcdeabc & 00000000 = 00000000	abcdeabc | 00000000 = abcdeabc	abcdeabc ^ 00000000 = abcdeabc
abcdeabc & 00000001 = 00000000	abcdeabc | 00000001 = abcdeabd	abcdeabc ^ 00000001 = abcdeabd
abcdeabc & 01001001 = 01000000	abcdeabc | 01001001 = abcdfabd	abcdeabc ^ 01001001 = aacdfabd
abcdeabc & 10801080 = 00800080	abcdeabc | 10801080 = bbcdfabc	abcdeabc ^ 10801080 = bb4dfa3c
abcdeabc & 000000ff = 000000bc	abcdeabc | 000000ff = abcdeaff	abcdeabc ^ 000000ff = abcdea43
abcdeabc & 0000ffff = 0000eabc	abcdeabc | 0000ffff = abcdffff	abcdeabc ^ 0000ffff = abcd1543
abcdeabc & 00ffffff = 00cdeabc	abcdeabc | 00ffffff = abffffff	abcdeabc ^ 00ffffff = ab321543
abcdeabc & ffffffff = abcdeabc	abcdeabc | ffffffff = ffffffff	abcdeabc ^ ffffffff = 54321543
abcdeabc & 12345678 = 02044238	abcdeabc | 12345678 = bbfdfefc	abcdeabc ^ 12345678 = b9f9bcc4
abcdeabc & abcdeabc = abcdeabc	abcdeabc | abcdeabc = abcdeabc	abcdeabc ^ abcdeabc = 00000000
abcdeabc & 0aa0aa0a = 0a80aa08	abcdeabc | 0aa0aa0a = abedeabe	abcdeabc ^ 0aa0aa0a = a16d40b6
abcdeabc & aa0aa0aa = aa08a0a8	abcdeabc | aa0aa0aa = abcfeabe	abcdeabc ^ aa0aa0aa = 01c74a16
~ abcdeabc = 54321543

0aa0aa0a & 00000000 = 00000000	0aa0aa0a | 00000000 = 0aa0aa0a	0aa0aa0a ^ 00000000 = 0aa0aa0a
0aa0aa0a & 00000001 = 00000000	0aa0aa0a | 00000001 = 0aa0aa0b	0aa0aa0a ^ 00000001 = 0aa0aa0b
0aa0aa0a & 01001001 = 00000000	0aa0aa0a | 01001001 = 0ba0ba0b	0aa0aa0a ^ 01001001 = 0ba0ba0b
0aa0aa0a & 10801080 = 00800000	0aa0aa0a | 10801080 = 1aa0ba8a	0aa0aa0a ^ 10801080 = 1a20ba8a
0aa0aa0a & 000000ff = 0000000a	0aa0aa0a | 000000ff = 0aa0aaff	0aa0aa0a ^ 000000ff = 0aa0aaf5
0aa0aa0a & 0000ffff = 0000aa0a	0aa0aa0a | 0000ffff = 0aa0ffff	0aa0aa0a ^ 0000ffff = 0aa055f5
0aa0aa0a & 00ffffff = 00a0aa0a	0aa0aa0a | 00ffffff = 0affffff	0aa0aa0a ^ 00ffffff = 0a5f55f5
0aa0aa0a & ffffffff = 0aa0aa0a	0aa0aa0a | ffffffff = ffffffff	0aa0aa0a ^ ffffffff = f55f55f5
0aa0aa0a & 12345678 = 02200208	0aa0aa0a | 12345678 = 1ab4fe7a	0aa0aa0a ^ 12345678 = 1894fc72
0aa0aa0a & abcdeabc = 0a80aa08	0aa0aa0a | abcdeabc = abedeabe	0aa0aa0a ^ abcdeabc = a16d40b6
0aa0aa0a & 0aa0aa0a = 0aa0aa0a	0aa0aa0a | 0aa0aa0a = 0aa0aa0a	0aa0aa0a ^ 0aa0aa0a = 00000000
0aa0aa0a & aa0aa0aa = 0a00a00a	0aa0aa0a | aa0aa0aa = aaaaaaaa	0aa0aa0a ^ aa0aa0aa = a0aa0aa0
~ 0aa0aa0a = f55f55f5

aa0aa0aa & 00000000 = 00000000	aa0aa0aa | 00000000 = aa0aa0aa	aa0aa0aa ^ 00000000 = aa0aa0aa
aa0aa0aa & 00000001 = 00000000	aa0aa0aa | 00000001 = aa0aa0ab	aa0aa0aa ^ 00000001 = aa0aa0ab
aa0aa0aa & 01001001 = 00000000	aa0aa0aa | 01001001 = ab0ab0ab	aa0aa0aa ^ 01001001 = ab0ab0ab
aa0aa0aa & 10801080 = 00000080	aa0aa0aa | 10801080 = ba8ab0aa	aa0aa0aa ^ 10801080 = ba8ab02a
aa0aa0aa & 000000ff = 000000aa	aa0aa0aa | 000000ff = aa0aa0ff	aa0aa0aa ^ 000000ff = aa0aa055
aa0aa0aa & 0000ffff = 0000a0aa	aa0aa0aa | 0000ffff = aa0affff	aa0aa0aa ^ 0000ffff = aa0a5f55
aa0aa0aa & 00ffffff = 000aa0aa	aa0aa0aa | 00ffffff = aaffffff	aa0aa0aa ^ 00ffffff = aaf55f55
aa0aa0aa & ffffffff = aa0aa0aa	aa0aa0aa | ffffffff = ffffffff	aa0aa0aa ^ ffffffff = 55f55f55
aa0aa0aa & 12345678 = 02000028	aa0aa0aa | 12345678 = ba3ef6fa	aa0aa0aa ^ 12345678 = b83ef6d2
aa0aa0aa & abcdeabc = aa08a0a8	aa0aa0aa | abcdeabc = abcfeabe	aa0aa0aa ^ abcdeabc = 01c74a16
aa0aa0aa & 0aa0aa0a = 0a00a00a	aa0aa0aa | 0aa0aa0a = aaaaaaaa	aa0aa0aa ^ 0aa0aa0a = a0aa0aa0
aa0aa0aa & aa0aa0aa = aa0aa0aa	aa0aa0aa | aa0aa0aa = aa0aa0aa	aa0aa0aa ^ aa0aa0aa = 00000000
~ aa0aa0aa = 55f55f55
