
0x0 << 0 = 0x0
0x0 << 1 = 0x0
0x0 << 2 = 0x0
0x0 << 3 = 0x0
0x0 << 4 = 0x0
0x0 << 5 = 0x0
0x0 << 6 = 0x0
0x0 << 7 = 0x0
0x0 << 8 = 0x0
0x0 << 9 = 0x0
0x0 << 10 = 0x0
0x0 << 11 = 0x0
0x0 << 12 = 0x0
0x0 << 13 = 0x0
0x0 << 14 = 0x0
0x0 << 15 = 0x0
0x0 << 16 = 0x0
0x0 << 17 = 0x0
0x0 << 18 = 0x0
0x0 << 19 = 0x0
0x0 << 20 = 0x0
0x0 << 21 = 0x0
0x0 << 22 = 0x0
0x0 << 23 = 0x0
0x0 << 24 = 0x0
0x0 << 25 = 0x0
0x0 << 26 = 0x0
0x0 << 27 = 0x0
0x0 << 28 = 0x0
0x0 << 29 = 0x0
0x0 << 30 = 0x0
0x0 << 31 = 0x0

0x1 << 0 = 0x1
0x1 << 1 = 0x2
0x1 << 2 = 0x4
0x1 << 3 = 0x8
0x1 << 4 = 0x10
0x1 << 5 = 0x20
0x1 << 6 = 0x40
0x1 << 7 = 0x80
0x1 << 8 = 0x100
0x1 << 9 = 0x200
0x1 << 10 = 0x400
0x1 << 11 = 0x800
0x1 << 12 = 0x1000
0x1 << 13 = 0x2000
0x1 << 14 = 0x4000
0x1 << 15 = 0x8000
0x1 << 16 = 0x10000
0x1 << 17 = 0x20000
0x1 << 18 = 0x40000
0x1 << 19 = 0x80000
0x1 << 20 = 0x100000
0x1 << 21 = 0x200000
0x1 << 22 = 0x400000
0x1 << 23 = 0x800000
0x1 << 24 = 0x1000000
0x1 << 25 = 0x2000000
0x1 << 26 = 0x4000000
0x1 << 27 = 0x8000000
0x1 << 28 = 0x10000000
0x1 << 29 = 0x20000000
0x1 << 30 = 0x40000000
0x1 << 31 = 0x80000000

0x1001001 << 0 = 0x1001001
0x1001001 << 1 = 0x2002002
0x1001001 << 2 = 0x4004004
0x1001001 << 3 = 0x8008008
0x1001001 << 4 = 0x10010010
0x1001001 << 5 = 0x20020020
0x1001001 << 6 = 0x40040040
0x1001001 << 7 = 0x80080080
0x1001001 << 8 = 0x100100
0x1001001 << 9 = 0x200200
0x1001001 << 10 = 0x400400
0x1001001 << 11 = 0x800800
0x1001001 << 12 = 0x1001000
0x1001001 << 13 = 0x2002000
0x1001001 << 14 = 0x4004000
0x1001001 << 15 = 0x8008000
0x1001001 << 16 = 0x10010000
0x1001001 << 17 = 0x20020000
0x1001001 << 18 = 0x40040000
0x1001001 << 19 = 0x80080000
0x1001001 << 20 = 0x100000
0x1001001 << 21 = 0x200000
0x1001001 << 22 = 0x400000
0x1001001 << 23 = 0x800000
0x1001001 << 24 = 0x1000000
0x1001001 << 25 = 0x2000000
0x1001001 << 26 = 0x4000000
0x1001001 << 27 = 0x8000000
0x1001001 << 28 = 0x10000000
0x1001001 << 29 = 0x20000000
0x1001001 << 30 = 0x40000000
0x1001001 << 31 = 0x80000000

0x10801080 << 0 = 0x10801080
0x10801080 << 1 = 0x21002100
0x10801080 << 2 = 0x42004200
0x10801080 << 3 = 0x84008400
0x10801080 << 4 = 0x8010800
0x10801080 << 5 = 0x10021000
0x10801080 << 6 = 0x20042000
0x10801080 << 7 = 0x40084000
0x10801080 << 8 = 0x80108000
0x10801080 << 9 = 0x210000
0x10801080 << 10 = 0x420000
0x10801080 << 11 = 0x840000
0x10801080 << 12 = 0x1080000
0x10801080 << 13 = 0x2100000
0x10801080 << 14 = 0x4200000
0x10801080 << 15 = 0x8400000
0x10801080 << 16 = 0x10800000
0x10801080 << 17 = 0x21000000
0x10801080 << 18 = 0x42000000
0x10801080 << 19 = 0x84000000
0x10801080 << 20 = 0x8000000
0x10801080 << 21 = 0x10000000
0x10801080 << 22 = 0x20000000
0x10801080 << 23 = 0x40000000
0x10801080 << 24 = 0x80000000
0x10801080 << 25 = 0x0
0x10801080 << 26 = 0x0
0x10801080 << 27 = 0x0
0x10801080 << 28 = 0x0
0x10801080 << 29 = 0x0
0x10801080 << 30 = 0x0
0x10801080 << 31 = 0x0

0xff << 0 = 0xff
0xff << 1 = 0x1fe
0xff << 2 = 0x3fc
0xff << 3 = 0x7f8
0xff << 4 = 0xff0
0xff << 5 = 0x1fe0
0xff << 6 = 0x3fc0
0xff << 7 = 0x7f80
0xff << 8 = 0xff00
0xff << 9 = 0x1fe00
0xff << 10 = 0x3fc00
0xff << 11 = 0x7f800
0xff << 12 = 0xff000
0xff << 13 = 0x1fe000
0xff << 14 = 0x3fc000
0xff << 15 = 0x7f8000
0xff << 16 = 0xff0000
0xff << 17 = 0x1fe0000
0xff << 18 = 0x3fc0000
0xff << 19 = 0x7f80000
0xff << 20 = 0xff00000
0xff << 21 = 0x1fe00000
0xff << 22 = 0x3fc00000
0xff << 23 = 0x7f800000
0xff << 24 = 0xff000000
0xff << 25 = 0xfe000000
0xff << 26 = 0xfc000000
0xff << 27 = 0xf8000000
0xff << 28 = 0xf0000000
0xff << 29 = 0xe0000000
0xff << 30 = 0xc0000000
0xff << 31 = 0x80000000

0xffff << 0 = 0xffff
0xffff << 1 = 0x1fffe
0xffff << 2 = 0x3fffc
0xffff << 3 = 0x7fff8
0xffff << 4 = 0xffff0
0xffff << 5 = 0x1fffe0
0xffff << 6 = 0x3fffc0
0xffff << 7 = 0x7fff80
0xffff << 8 = 0xffff00
0xffff << 9 = 0x1fffe00
0xffff << 10 = 0x3fffc00
0xffff << 11 = 0x7fff800
0xffff << 12 = 0xffff000
0xffff << 13 = 0x1fffe000
0xffff << 14 = 0x3fffc000
0xffff << 15 = 0x7fff8000
0xffff << 16 = 0xffff0000
0xffff << 17 = 0xfffe0000
0xffff << 18 = 0xfffc0000
0xffff << 19 = 0xfff80000
0xffff << 20 = 0xfff00000
0xffff << 21 = 0xffe00000
0xffff << 22 = 0xffc00000
0xffff << 23 = 0xff800000
0xffff << 24 = 0xff000000
0xffff << 25 = 0xfe000000
0xffff << 26 = 0xfc000000
0xffff << 27 = 0xf8000000
0xffff << 28 = 0xf0000000
0xffff << 29 = 0xe0000000
0xffff << 30 = 0xc0000000
0xffff << 31 = 0x80000000

0xffffff << 0 = 0xffffff
0xffffff << 1 = 0x1fffffe
0xffffff << 2 = 0x3fffffc
0xffffff << 3 = 0x7fffff8
0xffffff << 4 = 0xffffff0
0xffffff << 5 = 0x1fffffe0
0xffffff << 6 = 0x3fffffc0
0xffffff << 7 = 0x7fffff80
0xffffff << 8 = 0xffffff00
0xffffff << 9 = 0xfffffe00
0xffffff << 10 = 0xfffffc00
0xffffff << 11 = 0xfffff800
0xffffff << 12 = 0xfffff000
0xffffff << 13 = 0xffffe000
0xffffff << 14 = 0xffffc000
0xffffff << 15 = 0xffff8000
0xffffff << 16 = 0xffff0000
0xffffff << 17 = 0xfffe0000
0xffffff << 18 = 0xfffc0000
0xffffff << 19 = 0xfff80000
0xffffff << 20 = 0xfff00000
0xffffff << 21 = 0xffe00000
0xffffff << 22 = 0xffc00000
0xffffff << 23 = 0xff800000
0xffffff << 24 = 0xff000000
0xffffff << 25 = 0xfe000000
0xffffff << 26 = 0xfc000000
0xffffff << 27 = 0xf8000000
0xffffff << 28 = 0xf0000000
0xffffff << 29 = 0xe0000000
0xffffff << 30 = 0xc0000000
0xffffff << 31 = 0x80000000

0xffffffff << 0 = 0xffffffff
0xffffffff << 1 = 0xfffffffe
0xffffffff << 2 = 0xfffffffc
0xffffffff << 3 = 0xfffffff8
0xffffffff << 4 = 0xfffffff0
0xffffffff << 5 = 0xffffffe0
0xffffffff << 6 = 0xffffffc0
0xffffffff << 7 = 0xffffff80
0xffffffff << 8 = 0xffffff00
0xffffffff << 9 = 0xfffffe00
0xffffffff << 10 = 0xfffffc00
0xffffffff << 11 = 0xfffff800
0xffffffff << 12 = 0xfffff000
0xffffffff << 13 = 0xffffe000
0xffffffff << 14 = 0xffffc000
0xffffffff << 15 = 0xffff8000
0xffffffff << 16 = 0xffff0000
0xffffffff << 17 = 0xfffe0000
0xffffffff << 18 = 0xfffc0000
0xffffffff << 19 = 0xfff80000
0xffffffff << 20 = 0xfff00000
0xffffffff << 21 = 0xffe00000
0xffffffff << 22 = 0xffc00000
0xffffffff << 23 = 0xff800000
0xffffffff << 24 = 0xff000000
0xffffffff << 25 = 0xfe000000
0xffffffff << 26 = 0xfc000000
0xffffffff << 27 = 0xf8000000
0xffffffff << 28 = 0xf0000000
0xffffffff << 29 = 0xe0000000
0xffffffff << 30 = 0xc0000000
0xffffffff << 31 = 0x80000000

0x12345678 << 0 = 0x12345678
0x12345678 << 1 = 0x2468acf0
0x12345678 << 2 = 0x48d159e0
0x12345678 << 3 = 0x91a2b3c0
0x12345678 << 4 = 0x23456780
0x12345678 << 5 = 0x468acf00
0x12345678 << 6 = 0x8d159e00
0x12345678 << 7 = 0x1a2b3c00
0x12345678 << 8 = 0x34567800
0x12345678 << 9 = 0x68acf000
0x12345678 << 10 = 0xd159e000
0x12345678 << 11 = 0xa2b3c000
0x12345678 << 12 = 0x45678000
0x12345678 << 13 = 0x8acf0000
0x12345678 << 14 = 0x159e0000
0x12345678 << 15 = 0x2b3c0000
0x12345678 << 16 = 0x56780000
0x12345678 << 17 = 0xacf00000
0x12345678 << 18 = 0x59e00000
0x12345678 << 19 = 0xb3c00000
0x12345678 << 20 = 0x67800000
0x12345678 << 21 = 0xcf000000
0x12345678 << 22 = 0x9e000000
0x12345678 << 23 = 0x3c000000
0x12345678 << 24 = 0x78000000
0x12345678 << 25 = 0xf0000000
0x12345678 << 26 = 0xe0000000
0x12345678 << 27 = 0xc0000000
0x12345678 << 28 = 0x80000000
0x12345678 << 29 = 0x0
0x12345678 << 30 = 0x0
0x12345678 << 31 = 0x0

0xabcdeabc << 0 = 0xabcdeabc
0xabcdeabc << 1 = 0x579bd578
0xabcdeabc << 2 = 0xaf37aaf0
0xabcdeabc << 3 = 0x5e6f55e0
0xabcdeabc << 4 = 0xbcdeabc0
0xabcdeabc << 5 = 0x79bd5780
0xabcdeabc << 6 = 0xf37aaf00
0xabcdeabc << 7 = 0xe6f55e00
0xabcdeabc << 8 = 0xcdeabc00
0xabcdeabc << 9 = 0x9bd57800
0xabcdeabc << 10 = 0x37aaf000
0xabcdeabc << 11 = 0x6f55e000
0xabcdeabc << 12 = 0xdeabc000
0xabcdeabc << 13 = 0xbd578000
0xabcdeabc << 14 = 0x7aaf0000
0xabcdeabc << 15 = 0xf55e0000
0xabcdeabc << 16 = 0xeabc0000
0xabcdeabc << 17 = 0xd5780000
0xabcdeabc << 18 = 0xaaf00000
0xabcdeabc << 19 = 0x55e00000
0xabcdeabc << 20 = 0xabc00000
0xabcdeabc << 21 = 0x57800000
0xabcdeabc << 22 = 0xaf000000
0xabcdeabc << 23 = 0x5e000000
0xabcdeabc << 24 = 0xbc000000
0xabcdeabc << 25 = 0x78000000
0xabcdeabc << 26 = 0xf0000000
0xabcdeabc << 27 = 0xe0000000
0xabcdeabc << 28 = 0xc0000000
0xabcdeabc << 29 = 0x80000000
0xabcdeabc << 30 = 0x0
0xabcdeabc << 31 = 0x0

0xaa0aa0a << 0 = 0xaa0aa0a
0xaa0aa0a << 1 = 0x15415414
0xaa0aa0a << 2 = 0x2a82a828
0xaa0aa0a << 3 = 0x55055050
0xaa0aa0a << 4 = 0xaa0aa0a0
0xaa0aa0a << 5 = 0x54154140
0xaa0aa0a << 6 = 0xa82a8280
0xaa0aa0a << 7 = 0x50550500
0xaa0aa0a << 8 = 0xa0aa0a00
0xaa0aa0a << 9 = 0x41541400
0xaa0aa0a << 10 = 0x82a82800
0xaa0aa0a << 11 = 0x5505000
0xaa0aa0a << 12 = 0xaa0a000
0xaa0aa0a << 13 = 0x15414000
0xaa0aa0a << 14 = 0x2a828000
0xaa0aa0a << 15 = 0x55050000
0xaa0aa0a << 16 = 0xaa0a0000
0xaa0aa0a << 17 = 0x54140000
0xaa0aa0a << 18 = 0xa8280000
0xaa0aa0a << 19 = 0x50500000
0xaa0aa0a << 20 = 0xa0a00000
0xaa0aa0a << 21 = 0x41400000
0xaa0aa0a << 22 = 0x82800000
0xaa0aa0a << 23 = 0x5000000
0xaa0aa0a << 24 = 0xa000000
0xaa0aa0a << 25 = 0x14000000
0xaa0aa0a << 26 = 0x28000000
0xaa0aa0a << 27 = 0x50000000
0xaa0aa0a << 28 = 0xa0000000
0xaa0aa0a << 29 = 0x40000000
0xaa0aa0a << 30 = 0x80000000
0xaa0aa0a << 31 = 0x0

0x55f55f56 << 0 = 0x55f55f56
0x55f55f56 << 1 = 0xabeabeac
0x55f55f56 << 2 = 0x57d57d58
0x55f55f56 << 3 = 0xafaafab0
0x55f55f56 << 4 = 0x5f55f560
0x55f55f56 << 5 = 0xbeabeac0
0x55f55f56 << 6 = 0x7d57d580
0x55f55f56 << 7 = 0xfaafab00
0x55f55f56 << 8 = 0xf55f5600
0x55f55f56 << 9 = 0xeabeac00
0x55f55f56 << 10 = 0xd57d5800
0x55f55f56 << 11 = 0xaafab000
0x55f55f56 << 12 = 0x55f56000
0x55f55f56 << 13 = 0xabeac000
0x55f55f56 << 14 = 0x57d58000
0x55f55f56 << 15 = 0xafab0000
0x55f55f56 << 16 = 0x5f560000
0x55f55f56 << 17 = 0xbeac0000
0x55f55f56 << 18 = 0x7d580000
0x55f55f56 << 19 = 0xfab00000
0x55f55f56 << 20 = 0xf5600000
0x55f55f56 << 21 = 0xeac00000
0x55f55f56 << 22 = 0xd5800000
0x55f55f56 << 23 = 0xab000000
0x55f55f56 << 24 = 0x56000000
0x55f55f56 << 25 = 0xac000000
0x55f55f56 << 26 = 0x58000000
0x55f55f56 << 27 = 0xb0000000
0x55f55f56 << 28 = 0x60000000
0x55f55f56 << 29 = 0xc0000000
0x55f55f56 << 30 = 0x80000000
0x55f55f56 << 31 = 0x0
