
0 * 0 = 0	0 * 0 = 0
0 * 1 = 0	0 * -1 = 0
0 * 2 = 0	0 * -2 = 0
0 * 3 = 0	0 * -3 = 0
0 * 4 = 0	0 * -4 = 0
0 * 5 = 0	0 * -5 = 0
0 * 6 = 0	0 * -6 = 0
0 * 7 = 0	0 * -7 = 0
0 * 8 = 0	0 * -8 = 0
0 * 9 = 0	0 * -9 = 0

1 * 0 = 0	1 * 0 = 0
1 * 1 = 1	1 * -1 = -1
1 * 2 = 2	1 * -2 = -2
1 * 3 = 3	1 * -3 = -3
1 * 4 = 4	1 * -4 = -4
1 * 5 = 5	1 * -5 = -5
1 * 6 = 6	1 * -6 = -6
1 * 7 = 7	1 * -7 = -7
1 * 8 = 8	1 * -8 = -8
1 * 9 = 9	1 * -9 = -9

2 * 0 = 0	2 * 0 = 0
2 * 1 = 2	2 * -1 = -2
2 * 2 = 4	2 * -2 = -4
2 * 3 = 6	2 * -3 = -6
2 * 4 = 8	2 * -4 = -8
2 * 5 = 10	2 * -5 = -10
2 * 6 = 12	2 * -6 = -12
2 * 7 = 14	2 * -7 = -14
2 * 8 = 16	2 * -8 = -16
2 * 9 = 18	2 * -9 = -18

3 * 0 = 0	3 * 0 = 0
3 * 1 = 3	3 * -1 = -3
3 * 2 = 6	3 * -2 = -6
3 * 3 = 9	3 * -3 = -9
3 * 4 = 12	3 * -4 = -12
3 * 5 = 15	3 * -5 = -15
3 * 6 = 18	3 * -6 = -18
3 * 7 = 21	3 * -7 = -21
3 * 8 = 24	3 * -8 = -24
3 * 9 = 27	3 * -9 = -27

4 * 0 = 0	4 * 0 = 0
4 * 1 = 4	4 * -1 = -4
4 * 2 = 8	4 * -2 = -8
4 * 3 = 12	4 * -3 = -12
4 * 4 = 16	4 * -4 = -16
4 * 5 = 20	4 * -5 = -20
4 * 6 = 24	4 * -6 = -24
4 * 7 = 28	4 * -7 = -28
4 * 8 = 32	4 * -8 = -32
4 * 9 = 36	4 * -9 = -36

5 * 0 = 0	5 * 0 = 0
5 * 1 = 5	5 * -1 = -5
5 * 2 = 10	5 * -2 = -10
5 * 3 = 15	5 * -3 = -15
5 * 4 = 20	5 * -4 = -20
5 * 5 = 25	5 * -5 = -25
5 * 6 = 30	5 * -6 = -30
5 * 7 = 35	5 * -7 = -35
5 * 8 = 40	5 * -8 = -40
5 * 9 = 45	5 * -9 = -45

6 * 0 = 0	6 * 0 = 0
6 * 1 = 6	6 * -1 = -6
6 * 2 = 12	6 * -2 = -12
6 * 3 = 18	6 * -3 = -18
6 * 4 = 24	6 * -4 = -24
6 * 5 = 30	6 * -5 = -30
6 * 6 = 36	6 * -6 = -36
6 * 7 = 42	6 * -7 = -42
6 * 8 = 48	6 * -8 = -48
6 * 9 = 54	6 * -9 = -54

7 * 0 = 0	7 * 0 = 0
7 * 1 = 7	7 * -1 = -7
7 * 2 = 14	7 * -2 = -14
7 * 3 = 21	7 * -3 = -21
7 * 4 = 28	7 * -4 = -28
7 * 5 = 35	7 * -5 = -35
7 * 6 = 42	7 * -6 = -42
7 * 7 = 49	7 * -7 = -49
7 * 8 = 56	7 * -8 = -56
7 * 9 = 63	7 * -9 = -63

8 * 0 = 0	8 * 0 = 0
8 * 1 = 8	8 * -1 = -8
8 * 2 = 16	8 * -2 = -16
8 * 3 = 24	8 * -3 = -24
8 * 4 = 32	8 * -4 = -32
8 * 5 = 40	8 * -5 = -40
8 * 6 = 48	8 * -6 = -48
8 * 7 = 56	8 * -7 = -56
8 * 8 = 64	8 * -8 = -64
8 * 9 = 72	8 * -9 = -72

9 * 0 = 0	9 * 0 = 0
9 * 1 = 9	9 * -1 = -9
9 * 2 = 18	9 * -2 = -18
9 * 3 = 27	9 * -3 = -27
9 * 4 = 36	9 * -4 = -36
9 * 5 = 45	9 * -5 = -45
9 * 6 = 54	9 * -6 = -54
9 * 7 = 63	9 * -7 = -63
9 * 8 = 72	9 * -8 = -72
9 * 9 = 81	9 * -9 = -81

0 * 90 = 0	0 * 90 = 0
0 * 91 = 0	0 * 91 = 0
0 * 92 = 0	0 * 92 = 0
0 * 93 = 0	0 * 93 = 0
0 * 94 = 0	0 * 94 = 0
0 * 95 = 0	0 * 95 = 0
0 * 96 = 0	0 * 96 = 0
0 * 97 = 0	0 * 97 = 0
0 * 98 = 0	0 * 98 = 0
0 * 99 = 0	0 * 99 = 0

1 * 90 = 90	-1 * 90 = -90
1 * 91 = 91	-1 * 91 = -91
1 * 92 = 92	-1 * 92 = -92
1 * 93 = 93	-1 * 93 = -93
1 * 94 = 94	-1 * 94 = -94
1 * 95 = 95	-1 * 95 = -95
1 * 96 = 96	-1 * 96 = -96
1 * 97 = 97	-1 * 97 = -97
1 * 98 = 98	-1 * 98 = -98
1 * 99 = 99	-1 * 99 = -99

2 * 90 = 180	-2 * 90 = -180
2 * 91 = 182	-2 * 91 = -182
2 * 92 = 184	-2 * 92 = -184
2 * 93 = 186	-2 * 93 = -186
2 * 94 = 188	-2 * 94 = -188
2 * 95 = 190	-2 * 95 = -190
2 * 96 = 192	-2 * 96 = -192
2 * 97 = 194	-2 * 97 = -194
2 * 98 = 196	-2 * 98 = -196
2 * 99 = 198	-2 * 99 = -198

3 * 90 = 270	-3 * 90 = -270
3 * 91 = 273	-3 * 91 = -273
3 * 92 = 276	-3 * 92 = -276
3 * 93 = 279	-3 * 93 = -279
3 * 94 = 282	-3 * 94 = -282
3 * 95 = 285	-3 * 95 = -285
3 * 96 = 288	-3 * 96 = -288
3 * 97 = 291	-3 * 97 = -291
3 * 98 = 294	-3 * 98 = -294
3 * 99 = 297	-3 * 99 = -297

4 * 90 = 360	-4 * 90 = -360
4 * 91 = 364	-4 * 91 = -364
4 * 92 = 368	-4 * 92 = -368
4 * 93 = 372	-4 * 93 = -372
4 * 94 = 376	-4 * 94 = -376
4 * 95 = 380	-4 * 95 = -380
4 * 96 = 384	-4 * 96 = -384
4 * 97 = 388	-4 * 97 = -388
4 * 98 = 392	-4 * 98 = -392
4 * 99 = 396	-4 * 99 = -396

5 * 90 = 450	-5 * 90 = -450
5 * 91 = 455	-5 * 91 = -455
5 * 92 = 460	-5 * 92 = -460
5 * 93 = 465	-5 * 93 = -465
5 * 94 = 470	-5 * 94 = -470
5 * 95 = 475	-5 * 95 = -475
5 * 96 = 480	-5 * 96 = -480
5 * 97 = 485	-5 * 97 = -485
5 * 98 = 490	-5 * 98 = -490
5 * 99 = 495	-5 * 99 = -495

6 * 90 = 540	-6 * 90 = -540
6 * 91 = 546	-6 * 91 = -546
6 * 92 = 552	-6 * 92 = -552
6 * 93 = 558	-6 * 93 = -558
6 * 94 = 564	-6 * 94 = -564
6 * 95 = 570	-6 * 95 = -570
6 * 96 = 576	-6 * 96 = -576
6 * 97 = 582	-6 * 97 = -582
6 * 98 = 588	-6 * 98 = -588
6 * 99 = 594	-6 * 99 = -594

7 * 90 = 630	-7 * 90 = -630
7 * 91 = 637	-7 * 91 = -637
7 * 92 = 644	-7 * 92 = -644
7 * 93 = 651	-7 * 93 = -651
7 * 94 = 658	-7 * 94 = -658
7 * 95 = 665	-7 * 95 = -665
7 * 96 = 672	-7 * 96 = -672
7 * 97 = 679	-7 * 97 = -679
7 * 98 = 686	-7 * 98 = -686
7 * 99 = 693	-7 * 99 = -693

8 * 90 = 720	-8 * 90 = -720
8 * 91 = 728	-8 * 91 = -728
8 * 92 = 736	-8 * 92 = -736
8 * 93 = 744	-8 * 93 = -744
8 * 94 = 752	-8 * 94 = -752
8 * 95 = 760	-8 * 95 = -760
8 * 96 = 768	-8 * 96 = -768
8 * 97 = 776	-8 * 97 = -776
8 * 98 = 784	-8 * 98 = -784
8 * 99 = 792	-8 * 99 = -792

9 * 90 = 810	-9 * 90 = -810
9 * 91 = 819	-9 * 91 = -819
9 * 92 = 828	-9 * 92 = -828
9 * 93 = 837	-9 * 93 = -837
9 * 94 = 846	-9 * 94 = -846
9 * 95 = 855	-9 * 95 = -855
9 * 96 = 864	-9 * 96 = -864
9 * 97 = 873	-9 * 97 = -873
9 * 98 = 882	-9 * 98 = -882
9 * 99 = 891	-9 * 99 = -891
