
0000 >> 0000 = 0000	0000 >> 0000 = 0000	0000 >> 0000 = 0000
0000 >> 0001 = 0000	0000 >> 0001 = 0000	0000 >> 0001 = 0000
0000 >> 0002 = 0000	0000 >> 0002 = 0000	0000 >> 0002 = 0000
0000 >> 0003 = 0000	0000 >> 0003 = 0000	0000 >> 0003 = 0000
0000 >> 0004 = 0000	0000 >> 0004 = 0000	0000 >> 0004 = 0000
0000 >> 0005 = 0000	0000 >> 0005 = 0000	0000 >> 0005 = 0000
0000 >> 0006 = 0000	0000 >> 0006 = 0000	0000 >> 0006 = 0000
0000 >> 0007 = 0000	0000 >> 0007 = 0000	0000 >> 0007 = 0000
0000 >> 0008 = 0000	0000 >> 0008 = 0000	0000 >> 0008 = 0000
0000 >> 0009 = 0000	0000 >> 0009 = 0000	0000 >> 0009 = 0000
0000 >> 000a = 0000	0000 >> 000a = 0000	0000 >> 000a = 0000
0000 >> 000b = 0000	0000 >> 000b = 0000	0000 >> 000b = 0000
0000 >> 000c = 0000	0000 >> 000c = 0000	0000 >> 000c = 0000
0000 >> 000d = 0000	0000 >> 000d = 0000	0000 >> 000d = 0000
0000 >> 000e = 0000	0000 >> 000e = 0000	0000 >> 000e = 0000
0000 >> 000f = 0000	0000 >> 000f = 0000	0000 >> 000f = 0000

0045 >> 0000 = 0045	0045 >> 0000 = 0045	ffbb >> 0000 = ffbb
0045 >> 0001 = 0022	0045 >> 0001 = 0022	ffbb >> 0001 = ffdd
0045 >> 0002 = 0011	0045 >> 0002 = 0011	ffbb >> 0002 = ffee
0045 >> 0003 = 0008	0045 >> 0003 = 0008	ffbb >> 0003 = fff7
0045 >> 0004 = 0004	0045 >> 0004 = 0004	ffbb >> 0004 = fffb
0045 >> 0005 = 0002	0045 >> 0005 = 0002	ffbb >> 0005 = fffd
0045 >> 0006 = 0001	0045 >> 0006 = 0001	ffbb >> 0006 = fffe
0045 >> 0007 = 0000	0045 >> 0007 = 0000	ffbb >> 0007 = ffff
0045 >> 0008 = 0000	0045 >> 0008 = 0000	ffbb >> 0008 = ffff
0045 >> 0009 = 0000	0045 >> 0009 = 0000	ffbb >> 0009 = ffff
0045 >> 000a = 0000	0045 >> 000a = 0000	ffbb >> 000a = ffff
0045 >> 000b = 0000	0045 >> 000b = 0000	ffbb >> 000b = ffff
0045 >> 000c = 0000	0045 >> 000c = 0000	ffbb >> 000c = ffff
0045 >> 000d = 0000	0045 >> 000d = 0000	ffbb >> 000d = ffff
0045 >> 000e = 0000	0045 >> 000e = 0000	ffbb >> 000e = ffff
0045 >> 000f = 0000	0045 >> 000f = 0000	ffbb >> 000f = ffff

00cf >> 0000 = 00cf	00cf >> 0000 = 00cf	ff31 >> 0000 = ff31
00cf >> 0001 = 0067	00cf >> 0001 = 0067	ff31 >> 0001 = ff98
00cf >> 0002 = 0033	00cf >> 0002 = 0033	ff31 >> 0002 = ffcc
00cf >> 0003 = 0019	00cf >> 0003 = 0019	ff31 >> 0003 = ffe6
00cf >> 0004 = 000c	00cf >> 0004 = 000c	ff31 >> 0004 = fff3
00cf >> 0005 = 0006	00cf >> 0005 = 0006	ff31 >> 0005 = fff9
00cf >> 0006 = 0003	00cf >> 0006 = 0003	ff31 >> 0006 = fffc
00cf >> 0007 = 0001	00cf >> 0007 = 0001	ff31 >> 0007 = fffe
00cf >> 0008 = 0000	00cf >> 0008 = 0000	ff31 >> 0008 = ffff
00cf >> 0009 = 0000	00cf >> 0009 = 0000	ff31 >> 0009 = ffff
00cf >> 000a = 0000	00cf >> 000a = 0000	ff31 >> 000a = ffff
00cf >> 000b = 0000	00cf >> 000b = 0000	ff31 >> 000b = ffff
00cf >> 000c = 0000	00cf >> 000c = 0000	ff31 >> 000c = ffff
00cf >> 000d = 0000	00cf >> 000d = 0000	ff31 >> 000d = ffff
00cf >> 000e = 0000	00cf >> 000e = 0000	ff31 >> 000e = ffff
00cf >> 000f = 0000	00cf >> 000f = 0000	ff31 >> 000f = ffff

01db >> 0000 = 01db	01db >> 0000 = 01db	fe25 >> 0000 = fe25
01db >> 0001 = 00ed	01db >> 0001 = 00ed	fe25 >> 0001 = ff12
01db >> 0002 = 0076	01db >> 0002 = 0076	fe25 >> 0002 = ff89
01db >> 0003 = 003b	01db >> 0003 = 003b	fe25 >> 0003 = ffc4
01db >> 0004 = 001d	01db >> 0004 = 001d	fe25 >> 0004 = ffe2
01db >> 0005 = 000e	01db >> 0005 = 000e	fe25 >> 0005 = fff1
01db >> 0006 = 0007	01db >> 0006 = 0007	fe25 >> 0006 = fff8
01db >> 0007 = 0003	01db >> 0007 = 0003	fe25 >> 0007 = fffc
01db >> 0008 = 0001	01db >> 0008 = 0001	fe25 >> 0008 = fffe
01db >> 0009 = 0000	01db >> 0009 = 0000	fe25 >> 0009 = ffff
01db >> 000a = 0000	01db >> 000a = 0000	fe25 >> 000a = ffff
01db >> 000b = 0000	01db >> 000b = 0000	fe25 >> 000b = ffff
01db >> 000c = 0000	01db >> 000c = 0000	fe25 >> 000c = ffff
01db >> 000d = 0000	01db >> 000d = 0000	fe25 >> 000d = ffff
01db >> 000e = 0000	01db >> 000e = 0000	fe25 >> 000e = ffff
01db >> 000f = 0000	01db >> 000f = 0000	fe25 >> 000f = ffff

03f3 >> 0000 = 03f3	03f3 >> 0000 = 03f3	fc0d >> 0000 = fc0d
03f3 >> 0001 = 01f9	03f3 >> 0001 = 01f9	fc0d >> 0001 = fe06
03f3 >> 0002 = 00fc	03f3 >> 0002 = 00fc	fc0d >> 0002 = ff03
03f3 >> 0003 = 007e	03f3 >> 0003 = 007e	fc0d >> 0003 = ff81
03f3 >> 0004 = 003f	03f3 >> 0004 = 003f	fc0d >> 0004 = ffc0
03f3 >> 0005 = 001f	03f3 >> 0005 = 001f	fc0d >> 0005 = ffe0
03f3 >> 0006 = 000f	03f3 >> 0006 = 000f	fc0d >> 0006 = fff0
03f3 >> 0007 = 0007	03f3 >> 0007 = 0007	fc0d >> 0007 = fff8
03f3 >> 0008 = 0003	03f3 >> 0008 = 0003	fc0d >> 0008 = fffc
03f3 >> 0009 = 0001	03f3 >> 0009 = 0001	fc0d >> 0009 = fffe
03f3 >> 000a = 0000	03f3 >> 000a = 0000	fc0d >> 000a = ffff
03f3 >> 000b = 0000	03f3 >> 000b = 0000	fc0d >> 000b = ffff
03f3 >> 000c = 0000	03f3 >> 000c = 0000	fc0d >> 000c = ffff
03f3 >> 000d = 0000	03f3 >> 000d = 0000	fc0d >> 000d = ffff
03f3 >> 000e = 0000	03f3 >> 000e = 0000	fc0d >> 000e = ffff
03f3 >> 000f = 0000	03f3 >> 000f = 0000	fc0d >> 000f = ffff

07a3 >> 0000 = 07a3	07a3 >> 0000 = 07a3	f85d >> 0000 = f85d
07a3 >> 0001 = 03d1	07a3 >> 0001 = 03d1	f85d >> 0001 = fc2e
07a3 >> 0002 = 01e8	07a3 >> 0002 = 01e8	f85d >> 0002 = fe17
07a3 >> 0003 = 00f4	07a3 >> 0003 = 00f4	f85d >> 0003 = ff0b
07a3 >> 0004 = 007a	07a3 >> 0004 = 007a	f85d >> 0004 = ff85
07a3 >> 0005 = 003d	07a3 >> 0005 = 003d	f85d >> 0005 = ffc2
07a3 >> 0006 = 001e	07a3 >> 0006 = 001e	f85d >> 0006 = ffe1
07a3 >> 0007 = 000f	07a3 >> 0007 = 000f	f85d >> 0007 = fff0
07a3 >> 0008 = 0007	07a3 >> 0008 = 0007	f85d >> 0008 = fff8
07a3 >> 0009 = 0003	07a3 >> 0009 = 0003	f85d >> 0009 = fffc
07a3 >> 000a = 0001	07a3 >> 000a = 0001	f85d >> 000a = fffe
07a3 >> 000b = 0000	07a3 >> 000b = 0000	f85d >> 000b = ffff
07a3 >> 000c = 0000	07a3 >> 000c = 0000	f85d >> 000c = ffff
07a3 >> 000d = 0000	07a3 >> 000d = 0000	f85d >> 000d = ffff
07a3 >> 000e = 0000	07a3 >> 000e = 0000	f85d >> 000e = ffff
07a3 >> 000f = 0000	07a3 >> 000f = 0000	f85d >> 000f = ffff

0f03 >> 0000 = 0f03	0f03 >> 0000 = 0f03	f0fd >> 0000 = f0fd
0f03 >> 0001 = 0781	0f03 >> 0001 = 0781	f0fd >> 0001 = f87e
0f03 >> 0002 = 03c0	0f03 >> 0002 = 03c0	f0fd >> 0002 = fc3f
0f03 >> 0003 = 01e0	0f03 >> 0003 = 01e0	f0fd >> 0003 = fe1f
0f03 >> 0004 = 00f0	0f03 >> 0004 = 00f0	f0fd >> 0004 = ff0f
0f03 >> 0005 = 0078	0f03 >> 0005 = 0078	f0fd >> 0005 = ff87
0f03 >> 0006 = 003c	0f03 >> 0006 = 003c	f0fd >> 0006 = ffc3
0f03 >> 0007 = 001e	0f03 >> 0007 = 001e	f0fd >> 0007 = ffe1
0f03 >> 0008 = 000f	0f03 >> 0008 = 000f	f0fd >> 0008 = fff0
0f03 >> 0009 = 0007	0f03 >> 0009 = 0007	f0fd >> 0009 = fff8
0f03 >> 000a = 0003	0f03 >> 000a = 0003	f0fd >> 000a = fffc
0f03 >> 000b = 0001	0f03 >> 000b = 0001	f0fd >> 000b = fffe
0f03 >> 000c = 0000	0f03 >> 000c = 0000	f0fd >> 000c = ffff
0f03 >> 000d = 0000	0f03 >> 000d = 0000	f0fd >> 000d = ffff
0f03 >> 000e = 0000	0f03 >> 000e = 0000	f0fd >> 000e = ffff
0f03 >> 000f = 0000	0f03 >> 000f = 0000	f0fd >> 000f = ffff

1e43 >> 0000 = 1e43	1e43 >> 0000 = 1e43	e1bd >> 0000 = e1bd
1e43 >> 0001 = 0f21	1e43 >> 0001 = 0f21	e1bd >> 0001 = f0de
1e43 >> 0002 = 0790	1e43 >> 0002 = 0790	e1bd >> 0002 = f86f
1e43 >> 0003 = 03c8	1e43 >> 0003 = 03c8	e1bd >> 0003 = fc37
1e43 >> 0004 = 01e4	1e43 >> 0004 = 01e4	e1bd >> 0004 = fe1b
1e43 >> 0005 = 00f2	1e43 >> 0005 = 00f2	e1bd >> 0005 = ff0d
1e43 >> 0006 = 0079	1e43 >> 0006 = 0079	e1bd >> 0006 = ff86
1e43 >> 0007 = 003c	1e43 >> 0007 = 003c	e1bd >> 0007 = ffc3
1e43 >> 0008 = 001e	1e43 >> 0008 = 001e	e1bd >> 0008 = ffe1
1e43 >> 0009 = 000f	1e43 >> 0009 = 000f	e1bd >> 0009 = fff0
1e43 >> 000a = 0007	1e43 >> 000a = 0007	e1bd >> 000a = fff8
1e43 >> 000b = 0003	1e43 >> 000b = 0003	e1bd >> 000b = fffc
1e43 >> 000c = 0001	1e43 >> 000c = 0001	e1bd >> 000c = fffe
1e43 >> 000d = 0000	1e43 >> 000d = 0000	e1bd >> 000d = ffff
1e43 >> 000e = 0000	1e43 >> 000e = 0000	e1bd >> 000e = ffff
1e43 >> 000f = 0000	1e43 >> 000f = 0000	e1bd >> 000f = ffff

3cc3 >> 0000 = 3cc3	3cc3 >> 0000 = 3cc3	c33d >> 0000 = c33d
3cc3 >> 0001 = 1e61	3cc3 >> 0001 = 1e61	c33d >> 0001 = e19e
3cc3 >> 0002 = 0f30	3cc3 >> 0002 = 0f30	c33d >> 0002 = f0cf
3cc3 >> 0003 = 0798	3cc3 >> 0003 = 0798	c33d >> 0003 = f867
3cc3 >> 0004 = 03cc	3cc3 >> 0004 = 03cc	c33d >> 0004 = fc33
3cc3 >> 0005 = 01e6	3cc3 >> 0005 = 01e6	c33d >> 0005 = fe19
3cc3 >> 0006 = 00f3	3cc3 >> 0006 = 00f3	c33d >> 0006 = ff0c
3cc3 >> 0007 = 0079	3cc3 >> 0007 = 0079	c33d >> 0007 = ff86
3cc3 >> 0008 = 003c	3cc3 >> 0008 = 003c	c33d >> 0008 = ffc3
3cc3 >> 0009 = 001e	3cc3 >> 0009 = 001e	c33d >> 0009 = ffe1
3cc3 >> 000a = 000f	3cc3 >> 000a = 000f	c33d >> 000a = fff0
3cc3 >> 000b = 0007	3cc3 >> 000b = 0007	c33d >> 000b = fff8
3cc3 >> 000c = 0003	3cc3 >> 000c = 0003	c33d >> 000c = fffc
3cc3 >> 000d = 0001	3cc3 >> 000d = 0001	c33d >> 000d = fffe
3cc3 >> 000e = 0000	3cc3 >> 000e = 0000	c33d >> 000e = ffff
3cc3 >> 000f = 0000	3cc3 >> 000f = 0000	c33d >> 000f = ffff

79c3 >> 0000 = 79c3	79c3 >> 0000 = 79c3	863d >> 0000 = 863d
79c3 >> 0001 = 3ce1	79c3 >> 0001 = 3ce1	863d >> 0001 = c31e
79c3 >> 0002 = 1e70	79c3 >> 0002 = 1e70	863d >> 0002 = e18f
79c3 >> 0003 = 0f38	79c3 >> 0003 = 0f38	863d >> 0003 = f0c7
79c3 >> 0004 = 079c	79c3 >> 0004 = 079c	863d >> 0004 = f863
79c3 >> 0005 = 03ce	79c3 >> 0005 = 03ce	863d >> 0005 = fc31
79c3 >> 0006 = 01e7	79c3 >> 0006 = 01e7	863d >> 0006 = fe18
79c3 >> 0007 = 00f3	79c3 >> 0007 = 00f3	863d >> 0007 = ff0c
79c3 >> 0008 = 0079	79c3 >> 0008 = 0079	863d >> 0008 = ff86
79c3 >> 0009 = 003c	79c3 >> 0009 = 003c	863d >> 0009 = ffc3
79c3 >> 000a = 001e	79c3 >> 000a = 001e	863d >> 000a = ffe1
79c3 >> 000b = 000f	79c3 >> 000b = 000f	863d >> 000b = fff0
79c3 >> 000c = 0007	79c3 >> 000c = 0007	863d >> 000c = fff8
79c3 >> 000d = 0003	79c3 >> 000d = 0003	863d >> 000d = fffc
79c3 >> 000e = 0001	79c3 >> 000e = 0001	863d >> 000e = fffe
79c3 >> 000f = 0000	79c3 >> 000f = 0000	863d >> 000f = ffff
